#
# A fatal error has been detected by the Java Runtime Environment:
#
#  EXCEPTION_ACCESS_VIOLATION (0xc0000005) at pc=0x05d2793b, pid=8684, tid=5768
#
# JRE version: 7.0_11-b21
# Java VM: Java HotSpot(TM) Client VM (23.6-b04 mixed mode windows-x86 )
# Problematic frame:
# C  0x05d2793b  JNI_CreateJavaVM+0xe00b
#
# Failed to write core dump. Minidumps are not enabled by default on client versions of Windows
#
# If you would like to submit a bug report, please visit:
#   http://bugreport.sun.com/bugreport/crash.jsp
#

---------------  T H R E A D  ---------------

Current thread (0x4dd90400):  JavaThread "Code Analyzer updating thread" [_thread_in_vm, id=5768, stack(0x55840000,0x558c0000)]

siginfo: ExceptionCode=0xc0000005, reading address 0x00000000

Registers:
EAX=0x00000000, EBX=0x4dd90528, ECX=0x4dd90400, EDX=0x05efc4b8
ESP=0x558bed68, EBP=0x558bedb0, ESI=0x4dd90400, EDI=0x00000000
EIP=0x05d2793b, EFLAGS=0x00010246

Top of Stack: (sp=0x558bed68)
0x558bed68:   4cbcd9b0 4dd90528 6fcf301a 05c73d63
0x558bed78:   4dd90400 33eb9a6e 4cbcd9b0 4dd90400
0x558bed88:   6fcf301a 558bed7c f1725358 558bee0c
0x558bed98:   05edce7e 6394ead2 4dd90400 500cd80c
0x558beda8:   0000063d 05efc4b8 558bedc8 6fcf10fd
0x558bedb8:   4dd90528 4cbcd9b0 00000000 558beddc
0x558bedc8:   558bf7c8 6fcf304a 4dd90528 4cbcd9b0
0x558bedd8:   00000000 00242dc7 558bf7bc 558bf07c 

Instructions: (pc=0x05d2793b)
0x05d2791b:   f4 ff 83 c4 08 83 7e 04 00 89 75 f0 c7 45 f4 00
0x05d2792b:   00 00 00 74 08 8d 4d f0 e8 48 58 0b 00 8b 7d 10
0x05d2793b:   8b 0f c7 45 e0 0c 00 00 00 e8 b7 31 f5 ff 50 8d
0x05d2794b:   4d c4 e8 4e 88 08 00 8b 45 14 56 8d 4d c4 51 53 


Register to memory mapping:

EAX=0x00000000 is an unknown value
EBX=0x4dd90528 is an unknown value
ECX=0x4dd90400 is a thread
EDX=0x05efc4b8 is an unknown value
ESP=0x558bed68 is pointing into the stack for thread: 0x4dd90400
EBP=0x558bedb0 is pointing into the stack for thread: 0x4dd90400
ESI=0x4dd90400 is a thread
EDI=0x00000000 is an unknown value


Stack: [0x55840000,0x558c0000],  sp=0x558bed68,  free space=507k
Native frames: (J=compiled Java code, j=interpreted, Vv=VM code, C=native code)
C  0x05d2793b  JNI_CreateJavaVM+0xe00b
C  0x6fcf10fd
C  0x6fcf304a  Java_com_mathworks_widgets_text_mcode_MLint_nativeGetMessages+0x6fa
j  com.mathworks.widgets.text.mcode.MLint.nativeGetMessages(Ljava/lang/String;Ljava/lang/String;)Ljava/util/List;+0
j  com.mathworks.widgets.text.mcode.MLint.getMessages(Ljava/lang/String;Ljava/lang/String;Lcom/mathworks/widgets/text/mcode/MLintConfiguration;Z)Ljava/util/List;+67
j  com.mathworks.widgets.text.mcode.analyzer.CodeAnalyzerThread.doMLint()V+95
j  com.mathworks.widgets.text.mcode.analyzer.CodeAnalyzerThread.access$400(Lcom/mathworks/widgets/text/mcode/analyzer/CodeAnalyzerThread;)V+1
j  com.mathworks.widgets.text.mcode.analyzer.CodeAnalyzerThread$MLintRunnable.run()V+14
j  java.lang.Thread.run()V+11
v  ~StubRoutines::call_stub
C  0x05d9a3ba  JVM_Clone+0x4982a
C  0x05e497de  JVM_FindSignal+0x602de
C  0x05d9a5a3  JVM_Clone+0x49a13
C  0x05d9a607  JVM_Clone+0x49a77
C  0x05d4315f  jio_fprintf+0x17f
C  0x05dba6b7  JVM_Clone+0x69b27
C  0x05dba820  JVM_Clone+0x69c90
C  0x05def009  JVM_FindSignal+0x5b09
C  [MSVCR100.dll+0x5c556]  endthreadex+0x3a
C  [MSVCR100.dll+0x5c600]  endthreadex+0xe4
C  [kernel32.dll+0x53c45]  BaseThreadInitThunk+0x12
C  [ntdll.dll+0x637f5]  RtlInitializeExceptionChain+0xef
C  [ntdll.dll+0x637c8]  RtlInitializeExceptionChain+0xc2

Java frames: (J=compiled Java code, j=interpreted, Vv=VM code)
j  com.mathworks.widgets.text.mcode.MLint.nativeGetMessages(Ljava/lang/String;Ljava/lang/String;)Ljava/util/List;+0
j  com.mathworks.widgets.text.mcode.MLint.getMessages(Ljava/lang/String;Ljava/lang/String;Lcom/mathworks/widgets/text/mcode/MLintConfiguration;Z)Ljava/util/List;+67
j  com.mathworks.widgets.text.mcode.analyzer.CodeAnalyzerThread.doMLint()V+95
j  com.mathworks.widgets.text.mcode.analyzer.CodeAnalyzerThread.access$400(Lcom/mathworks/widgets/text/mcode/analyzer/CodeAnalyzerThread;)V+1
j  com.mathworks.widgets.text.mcode.analyzer.CodeAnalyzerThread$MLintRunnable.run()V+14
j  java.lang.Thread.run()V+11
v  ~StubRoutines::call_stub

---------------  P R O C E S S  ---------------

Java Threads: ( => current thread )
  0x5816d000 JavaThread "XPCOMThread" [_thread_in_native, id=9960, stack(0x60da0000,0x615a0000)]
  0x544e0c00 JavaThread "Browser Events Thread" daemon [_thread_blocked, id=11932, stack(0x58ad0000,0x58b50000)]
  0x4dd91400 JavaThread "com.jniwrapper.NativeResourceCollector" daemon [_thread_blocked, id=6600, stack(0x5e1d0000,0x5e250000)]
  0x544e0400 JavaThread "XPCOM" daemon [_thread_blocked, id=9956, stack(0x5a3e0000,0x5a460000)]
  0x544de400 JavaThread "Swing-Shell" daemon [_thread_blocked, id=5688, stack(0x5a360000,0x5a3e0000)]
  0x4dd90800 JavaThread "Code Analyzer updating thread" [_thread_blocked, id=9860, stack(0x558c0000,0x55940000)]
=>0x4dd90400 JavaThread "Code Analyzer updating thread" [_thread_in_vm, id=5768, stack(0x55840000,0x558c0000)]
  0x4dd8fc00 JavaThread "Code Analyzer updating thread" [_thread_blocked, id=8120, stack(0x55ed0000,0x55f50000)]
  0x4dd8f800 JavaThread "Active Reference Queue Daemon" daemon [_thread_blocked, id=11936, stack(0x55e50000,0x55ed0000)]
  0x4dd8f000 JavaThread "Timer-1" daemon [_thread_blocked, id=4264, stack(0x55dd0000,0x55e50000)]
  0x4dd8e800 JavaThread "ClipboardMonitor Timer" daemon [_thread_blocked, id=11724, stack(0x55d50000,0x55dd0000)]
  0x4dd8e400 JavaThread "Explorer NavigationContext request queue" daemon [_thread_blocked, id=10964, stack(0x55cd0000,0x55d50000)]
  0x4dd8d800 JavaThread "AddressBar directory emptiness poller" daemon [_thread_blocked, id=9880, stack(0x557c0000,0x55840000)]
  0x4dd8d000 JavaThread "Explorer Refresh Service 30292895" daemon [_thread_blocked, id=9988, stack(0x55740000,0x557c0000)]
  0x4dd8cc00 JavaThread "Thread-4" daemon [_thread_blocked, id=9688, stack(0x54be0000,0x54c60000)]
  0x4dd8c400 JavaThread "TimerQueue" daemon [_thread_blocked, id=2468, stack(0x4f340000,0x4f3c0000)]
  0x4dd8bc00 JavaThread "Thread-3" daemon [_thread_blocked, id=11368, stack(0x06bd0000,0x06c50000)]
  0x4dd8b800 JavaThread "FelixPackageAdmin" daemon [_thread_blocked, id=10716, stack(0x4fe10000,0x4fe90000)]
  0x4dd8b000 JavaThread "FelixStartLevel" daemon [_thread_blocked, id=3368, stack(0x4fd90000,0x4fe10000)]
  0x4dd8ac00 JavaThread "FelixDispatchQueue" daemon [_thread_blocked, id=5040, stack(0x4f3c0000,0x4f440000)]
  0x4cf78000 JavaThread "AWT-EventQueue-0" [_thread_blocked, id=10888, stack(0x4f240000,0x4f2c0000)]
  0x4d27c400 JavaThread "com.google.common.base.internal.Finalizer" daemon [_thread_blocked, id=8864, stack(0x0fbc0000,0x0fc40000)]
  0x4d209800 JavaThread "AWT-Windows" daemon [_thread_in_native, id=10876, stack(0x0f9c0000,0x0fa40000)]
  0x4d209400 JavaThread "AWT-Shutdown" [_thread_blocked, id=7380, stack(0x0f940000,0x0f9c0000)]
  0x4d208c00 JavaThread "Java2D Disposer" daemon [_thread_blocked, id=12120, stack(0x0f8c0000,0x0f940000)]
  0x4cfec400 JavaThread "Timer-0" [_thread_blocked, id=7556, stack(0x0f840000,0x0f8c0000)]
  0x4cf82c00 JavaThread "EventMgr Dispatcher" daemon [_thread_in_native, id=11304, stack(0x4d2e0000,0x4dae0000)]
  0x0bc24c00 JavaThread "Service Thread" daemon [_thread_blocked, id=11448, stack(0x0ee70000,0x0eef0000)]
  0x0bc20400 JavaThread "C1 CompilerThread0" daemon [_thread_blocked, id=10288, stack(0x0e670000,0x0ee70000)]
  0x0bc1f000 JavaThread "Attach Listener" daemon [_thread_blocked, id=11076, stack(0x0e5f0000,0x0e670000)]
  0x0bbf3c00 JavaThread "Finalizer" daemon [_thread_blocked, id=11940, stack(0x0e570000,0x0e5f0000)]
  0x0bbef400 JavaThread "Reference Handler" daemon [_thread_blocked, id=9940, stack(0x06af0000,0x06b70000)]
  0x0bad9c00 JavaThread "main" [_thread_in_native, id=10956, stack(0x00430000,0x00c30000)]

Other Threads:
  0x0bbee400 VMThread [stack: 0x0dd70000,0x0e570000] [id=7676]
  0x0bc36400 WatcherThread [stack: 0x0eef0000,0x0f6f0000] [id=11364]

VM state:synchronizing (normal execution)

VM Mutex/Monitor currently owned by a thread:  ([mutex/lock_event])
[0x0baf0d80] Threads_lock - owner thread: 0x0bbee400

Heap
 def new generation   total 24768K, used 8749K [0x102e0000, 0x11db0000, 0x1dce0000)
  eden space 22080K,  31% used [0x102e0000, 0x109c4748, 0x11870000)
  from space 2688K,  62% used [0x11870000, 0x11a16f10, 0x11b10000)
  to   space 2688K,   0% used [0x11b10000, 0x11b10000, 0x11db0000)
 tenured generation   total 82136K, used 49196K [0x1dce0000, 0x22d16000, 0x46ae0000)
   the space 82136K,  59% used [0x1dce0000, 0x20ceb188, 0x20ceb200, 0x22d16000)
 compacting perm gen  total 39936K, used 39802K [0x46ae0000, 0x491e0000, 0x4cae0000)
   the space 39936K,  99% used [0x46ae0000, 0x491be890, 0x491bea00, 0x491e0000)
No shared spaces configured.

Card table byte_map: [0x09610000,0x09800000] byte_map_base: 0x0958e900

Polling page: 0x06160000

Code Cache  [0x0bd70000, 0x0c4c8000, 0x0dd70000)
 total_blobs=4478 nmethods=4166 adapters=244 free_code_cache=25278Kb largest_free_block=25880768

Compilation events (10 events):
Event: 125.753 Thread 0x0bc20400 4241             com.teamdev.jxbrowser.gecko15.xpcom.XPCOMJavaProxyManager::isXPCOMJavaProxy (26 bytes)
Event: 125.754 Thread 0x0bc20400 nmethod 4241 0x0c4bc9c8 code [0x0c4bcb20, 0x0c4bcdbc]
Event: 126.677 Thread 0x0bc20400 4242             com.mathworks.mlwidgets.explorer.model.table.UiFileList::diffAndSendEvents (304 bytes)
Event: 126.680 Thread 0x0bc20400 nmethod 4242 0x0c4bd008 code [0x0c4bd310, 0x0c4bdea4]
Event: 126.686 Thread 0x0bc20400 4243             com.jidesoft.grid.CellSpanTable::isCellSelected (524 bytes)
Event: 126.689 Thread 0x0bc20400 nmethod 4243 0x0c4bed08 code [0x0c4beed0, 0x0c4bf69c]
Event: 126.689 Thread 0x0bc20400 4244             com.mathworks.mlwidgets.explorer.model.table.NameColumn::access$000 (5 bytes)
Event: 126.689 Thread 0x0bc20400 nmethod 4244 0x0c4bfec8 code [0x0c4bffc0, 0x0c4c0030]
Event: 126.689 Thread 0x0bc20400 4245             javax.swing.table.DefaultTableColumnModel::getColumnSelectionAllowed (5 bytes)
Event: 126.689 Thread 0x0bc20400 nmethod 4245 0x0c4c0088 code [0x0c4c0180, 0x0c4c0200]

GC Heap History (10 events):
Event: 75.887 GC heap before
{Heap before GC invocations=144 (full 2):
 def new generation   total 24768K, used 23404K [0x102e0000, 0x11db0000, 0x1dce0000)
  eden space 22080K, 100% used [0x102e0000, 0x11870000, 0x11870000)
  from space 2688K,  49% used [0x11b10000, 0x11c5b3f8, 0x11db0000)
  to   space 2688K,   0% used [0x11870000, 0x11870000, 0x11b10000)
 tenured generation   total 82136K, used 48302K [0x1dce0000, 0x22d16000, 0x46ae0000)
   the space 82136K,  58% used [0x1dce0000, 0x20c0bab8, 0x20c0bc00, 0x22d16000)
 compacting perm gen  total 38912K, used 38903K [0x46ae0000, 0x490e0000, 0x4cae0000)
   the space 38912K,  99% used [0x46ae0000, 0x490ddff0, 0x490de000, 0x490e0000)
No shared spaces configured.
Event: 75.895 GC heap after
Heap after GC invocations=145 (full 2):
 def new generation   total 24768K, used 998K [0x102e0000, 0x11db0000, 0x1dce0000)
  eden space 22080K,   0% used [0x102e0000, 0x102e0000, 0x11870000)
  from space 2688K,  37% used [0x11870000, 0x11969b18, 0x11b10000)
  to   space 2688K,   0% used [0x11b10000, 0x11b10000, 0x11db0000)
 tenured generation   total 82136K, used 48302K [0x1dce0000, 0x22d16000, 0x46ae0000)
   the space 82136K,  58% used [0x1dce0000, 0x20c0bab8, 0x20c0bc00, 0x22d16000)
 compacting perm gen  total 38912K, used 38903K [0x46ae0000, 0x490e0000, 0x4cae0000)
   the space 38912K,  99% used [0x46ae0000, 0x490ddff0, 0x490de000, 0x490e0000)
No shared spaces configured.
}
Event: 112.390 GC heap before
{Heap before GC invocations=145 (full 2):
 def new generation   total 24768K, used 23078K [0x102e0000, 0x11db0000, 0x1dce0000)
  eden space 22080K, 100% used [0x102e0000, 0x11870000, 0x11870000)
  from space 2688K,  37% used [0x11870000, 0x11969b18, 0x11b10000)
  to   space 2688K,   0% used [0x11b10000, 0x11b10000, 0x11db0000)
 tenured generation   total 82136K, used 48302K [0x1dce0000, 0x22d16000, 0x46ae0000)
   the space 82136K,  58% used [0x1dce0000, 0x20c0bab8, 0x20c0bc00, 0x22d16000)
 compacting perm gen  total 39168K, used 38913K [0x46ae0000, 0x49120000, 0x4cae0000)
   the space 39168K,  99% used [0x46ae0000, 0x490e05b8, 0x490e0600, 0x49120000)
No shared spaces configured.
Event: 112.398 GC heap after
Heap after GC invocations=146 (full 2):
 def new generation   total 24768K, used 1203K [0x102e0000, 0x11db0000, 0x1dce0000)
  eden space 22080K,   0% used [0x102e0000, 0x102e0000, 0x11870000)
  from space 2688K,  44% used [0x11b10000, 0x11c3cd60, 0x11db0000)
  to   space 2688K,   0% used [0x11870000, 0x11870000, 0x11b10000)
 tenured generation   total 82136K, used 48302K [0x1dce0000, 0x22d16000, 0x46ae0000)
   the space 82136K,  58% used [0x1dce0000, 0x20c0bab8, 0x20c0bc00, 0x22d16000)
 compacting perm gen  total 39168K, used 38913K [0x46ae0000, 0x49120000, 0x4cae0000)
   the space 39168K,  99% used [0x46ae0000, 0x490e05b8, 0x490e0600, 0x49120000)
No shared spaces configured.
}
Event: 120.256 GC heap before
{Heap before GC invocations=146 (full 2):
 def new generation   total 24768K, used 23283K [0x102e0000, 0x11db0000, 0x1dce0000)
  eden space 22080K, 100% used [0x102e0000, 0x11870000, 0x11870000)
  from space 2688K,  44% used [0x11b10000, 0x11c3cd60, 0x11db0000)
  to   space 2688K,   0% used [0x11870000, 0x11870000, 0x11b10000)
 tenured generation   total 82136K, used 48302K [0x1dce0000, 0x22d16000, 0x46ae0000)
   the space 82136K,  58% used [0x1dce0000, 0x20c0bab8, 0x20c0bc00, 0x22d16000)
 compacting perm gen  total 39168K, used 39007K [0x46ae0000, 0x49120000, 0x4cae0000)
   the space 39168K,  99% used [0x46ae0000, 0x490f7cd8, 0x490f7e00, 0x49120000)
No shared spaces configured.
Event: 120.262 GC heap after
Heap after GC invocations=147 (full 2):
 def new generation   total 24768K, used 2003K [0x102e0000, 0x11db0000, 0x1dce0000)
  eden space 22080K,   0% used [0x102e0000, 0x102e0000, 0x11870000)
  from space 2688K,  74% used [0x11870000, 0x11a64ca8, 0x11b10000)
  to   space 2688K,   0% used [0x11b10000, 0x11b10000, 0x11db0000)
 tenured generation   total 82136K, used 48302K [0x1dce0000, 0x22d16000, 0x46ae0000)
   the space 82136K,  58% used [0x1dce0000, 0x20c0bab8, 0x20c0bc00, 0x22d16000)
 compacting perm gen  total 39168K, used 39007K [0x46ae0000, 0x49120000, 0x4cae0000)
   the space 39168K,  99% used [0x46ae0000, 0x490f7cd8, 0x490f7e00, 0x49120000)
No shared spaces configured.
}
Event: 120.414 GC heap before
{Heap before GC invocations=147 (full 2):
 def new generation   total 24768K, used 24083K [0x102e0000, 0x11db0000, 0x1dce0000)
  eden space 22080K, 100% used [0x102e0000, 0x11870000, 0x11870000)
  from space 2688K,  74% used [0x11870000, 0x11a64ca8, 0x11b10000)
  to   space 2688K,   0% used [0x11b10000, 0x11b10000, 0x11db0000)
 tenured generation   total 82136K, used 48302K [0x1dce0000, 0x22d16000, 0x46ae0000)
   the space 82136K,  58% used [0x1dce0000, 0x20c0bab8, 0x20c0bc00, 0x22d16000)
 compacting perm gen  total 39680K, used 39561K [0x46ae0000, 0x491a0000, 0x4cae0000)
   the space 39680K,  99% used [0x46ae0000, 0x49182698, 0x49182800, 0x491a0000)
No shared spaces configured.
Event: 120.419 GC heap after
Heap after GC invocations=148 (full 2):
 def new generation   total 24768K, used 1198K [0x102e0000, 0x11db0000, 0x1dce0000)
  eden space 22080K,   0% used [0x102e0000, 0x102e0000, 0x11870000)
  from space 2688K,  44% used [0x11b10000, 0x11c3b860, 0x11db0000)
  to   space 2688K,   0% used [0x11870000, 0x11870000, 0x11b10000)
 tenured generation   total 82136K, used 49196K [0x1dce0000, 0x22d16000, 0x46ae0000)
   the space 82136K,  59% used [0x1dce0000, 0x20ceb188, 0x20ceb200, 0x22d16000)
 compacting perm gen  total 39680K, used 39561K [0x46ae0000, 0x491a0000, 0x4cae0000)
   the space 39680K,  99% used [0x46ae0000, 0x49182698, 0x49182800, 0x491a0000)
No shared spaces configured.
}
Event: 125.688 GC heap before
{Heap before GC invocations=148 (full 2):
 def new generation   total 24768K, used 23278K [0x102e0000, 0x11db0000, 0x1dce0000)
  eden space 22080K, 100% used [0x102e0000, 0x11870000, 0x11870000)
  from space 2688K,  44% used [0x11b10000, 0x11c3b860, 0x11db0000)
  to   space 2688K,   0% used [0x11870000, 0x11870000, 0x11b10000)
 tenured generation   total 82136K, used 49196K [0x1dce0000, 0x22d16000, 0x46ae0000)
   the space 82136K,  59% used [0x1dce0000, 0x20ceb188, 0x20ceb200, 0x22d16000)
 compacting perm gen  total 39936K, used 39802K [0x46ae0000, 0x491e0000, 0x4cae0000)
   the space 39936K,  99% used [0x46ae0000, 0x491be880, 0x491bea00, 0x491e0000)
No shared spaces configured.
Event: 125.694 GC heap after
Heap after GC invocations=149 (full 2):
 def new generation   total 24768K, used 1691K [0x102e0000, 0x11db0000, 0x1dce0000)
  eden space 22080K,   0% used [0x102e0000, 0x102e0000, 0x11870000)
  from space 2688K,  62% used [0x11870000, 0x11a16f10, 0x11b10000)
  to   space 2688K,   0% used [0x11b10000, 0x11b10000, 0x11db0000)
 tenured generation   total 82136K, used 49196K [0x1dce0000, 0x22d16000, 0x46ae0000)
   the space 82136K,  59% used [0x1dce0000, 0x20ceb188, 0x20ceb200, 0x22d16000)
 compacting perm gen  total 39936K, used 39802K [0x46ae0000, 0x491e0000, 0x4cae0000)
   the space 39936K,  99% used [0x46ae0000, 0x491be880, 0x491bea00, 0x491e0000)
No shared spaces configured.
}

Deoptimization events (0 events):
No events

Internal exceptions (10 events):
Event: 123.792 Thread 0x4cf78000 NullPointerException at vtable entry 0x0be11c0c
Event: 123.792 Thread 0x4cf78000 Threw 0x112eb908 at C:\jdk7u1_32P\jdk7u11\hotspot\src\share\vm\runtime\sharedRuntime.cpp:613
Event: 123.792 Thread 0x4cf78000 NullPointerException at vtable entry 0x0be11c0c
Event: 123.792 Thread 0x4cf78000 Threw 0x112ec0c8 at C:\jdk7u1_32P\jdk7u11\hotspot\src\share\vm\runtime\sharedRuntime.cpp:613
Event: 125.651 Thread 0x4cf78000 Threw 0x11531550 at C:\jdk7u1_32P\jdk7u11\hotspot\src\share\vm\runtime\sharedRuntime.cpp:613
Event: 125.651 Thread 0x4cf78000 Implicit null exception at 0x0c3f2659 to 0x0c3f26dc
Event: 125.651 Thread 0x4cf78000 Threw 0x11531760 at C:\jdk7u1_32P\jdk7u11\hotspot\src\share\vm\runtime\sharedRuntime.cpp:613
Event: 125.681 Thread 0x544e0400 Threw 0x11822900 at C:\jdk7u1_32P\jdk7u11\hotspot\src\share\vm\interpreter\linkResolver.cpp:914
Event: 125.824 Thread 0x544e0400 Threw 0x10620f80 at C:\jdk7u1_32P\jdk7u11\hotspot\src\share\vm\prims\jni.cpp:716
Event: 126.712 Thread 0x4dd90400 Threw 0x108024c0 at C:\jdk7u1_32P\jdk7u11\hotspot\src\share\vm\prims\jni.cpp:1597

Events (10 events):
Event: 125.825 Thread 0x5816f800 Thread added: 0x5816f800
Event: 125.825 Thread 0x5816ec00 Thread exited: 0x5816ec00
Event: 125.833 Executing VM operation: RevokeBias
Event: 125.833 Executing VM operation: RevokeBias done
Event: 125.833 Thread 0x5816f800 Thread exited: 0x5816f800
Event: 126.678 Thread 0x5816f800 Thread added: 0x5816f800
Event: 126.679 Thread 0x5816f800 Thread exited: 0x5816f800
Event: 126.682 Thread 0x5816f800 Thread added: 0x5816f800
Event: 126.692 Thread 0x5816ec00 Thread added: 0x5816ec00
Event: 126.702 Thread 0x5816ec00 Thread exited: 0x5816ec00


Dynamic libraries:
0x00400000 - 0x00426000 	D:\Program Files\MATLAB\R2013b\bin\win32\MATLAB.exe
0x77200000 - 0x7733c000 	C:\Windows\SYSTEM32\ntdll.dll
0x77350000 - 0x77424000 	C:\Windows\system32\kernel32.dll
0x75550000 - 0x7559a000 	C:\Windows\system32\KERNELBASE.dll
0x10000000 - 0x102db000 	D:\Program Files\MATLAB\R2013b\bin\win32\libmwservices.dll
0x7dec0000 - 0x7df65000 	D:\Program Files\MATLAB\R2013b\bin\win32\libmwi18n.dll
0x7deb0000 - 0x7debb000 	D:\Program Files\MATLAB\R2013b\bin\win32\libmwresource_core.dll
0x001d0000 - 0x00239000 	D:\Program Files\MATLAB\R2013b\bin\win32\MSVCP100.dll
0x00240000 - 0x002ff000 	D:\Program Files\MATLAB\R2013b\bin\win32\MSVCR100.dll
0x00020000 - 0x0002c000 	D:\Program Files\MATLAB\R2013b\bin\win32\boost_date_time-vc100-mt-1_49.dll
0x00300000 - 0x00325000 	D:\Program Files\MATLAB\R2013b\bin\win32\boost_filesystem-vc100-mt-1_49.dll
0x00330000 - 0x00337000 	D:\Program Files\MATLAB\R2013b\bin\win32\boost_system-vc100-mt-1_49.dll
0x770d0000 - 0x77170000 	C:\Windows\system32\ADVAPI32.dll
0x769e0000 - 0x76a8c000 	C:\Windows\system32\msvcrt.dll
0x76b70000 - 0x76b89000 	C:\Windows\SYSTEM32\sechost.dll
0x76c10000 - 0x76cb1000 	C:\Windows\system32\RPCRT4.dll
0x00340000 - 0x00361000 	D:\Program Files\MATLAB\R2013b\bin\win32\LIBEXPAT.dll
0x7dce0000 - 0x7de29000 	D:\Program Files\MATLAB\R2013b\bin\win32\icuin49.dll
0x7dbd0000 - 0x7dcd7000 	D:\Program Files\MATLAB\R2013b\bin\win32\icuuc49.dll
0x00c30000 - 0x01d52000 	D:\Program Files\MATLAB\R2013b\bin\win32\icudt49.dll
0x7dbc0000 - 0x7dbcd000 	D:\Program Files\MATLAB\R2013b\bin\win32\icuio49.dll
0x01d60000 - 0x01df5000 	D:\Program Files\MATLAB\R2013b\bin\win32\libut.dll
0x7da60000 - 0x7dbb7000 	D:\Program Files\MATLAB\R2013b\bin\win32\libmwfl.dll
0x01e00000 - 0x02145000 	D:\Program Files\MATLAB\R2013b\bin\win32\libmwMATLAB_res.dll
0x02150000 - 0x02204000 	D:\Program Files\MATLAB\R2013b\bin\win32\boost_regex-vc100-mt-1_49.dll
0x758f0000 - 0x759b9000 	C:\Windows\system32\USER32.dll
0x76a90000 - 0x76ade000 	C:\Windows\system32\GDI32.dll
0x77340000 - 0x7734a000 	C:\Windows\system32\LPK.dll
0x76ea0000 - 0x76f3d000 	C:\Windows\system32\USP10.dll
0x003b0000 - 0x003be000 	D:\Program Files\MATLAB\R2013b\bin\win32\boost_signals-vc100-mt-1_49.dll
0x003c0000 - 0x003ce000 	D:\Program Files\MATLAB\R2013b\bin\win32\boost_thread-vc100-mt-1_49.dll
0x02210000 - 0x02284000 	D:\Program Files\MATLAB\R2013b\bin\win32\boost_log-vc100-mt-1_49.dll
0x759c0000 - 0x759c5000 	C:\Windows\system32\PSAPI.DLL
0x76cc0000 - 0x76cf5000 	C:\Windows\system32\WS2_32.dll
0x767c0000 - 0x767c6000 	C:\Windows\system32\NSI.dll
0x003d0000 - 0x003f8000 	D:\Program Files\MATLAB\R2013b\bin\win32\tbb.dll
0x771d0000 - 0x771fa000 	C:\Windows\system32\imagehlp.dll
0x73d10000 - 0x73d35000 	C:\Windows\system32\POWRPROF.dll
0x76d00000 - 0x76e9d000 	C:\Windows\system32\SETUPAPI.dll
0x75520000 - 0x75547000 	C:\Windows\system32\CFGMGR32.dll
0x77040000 - 0x770cf000 	C:\Windows\system32\OLEAUT32.dll
0x75650000 - 0x757ac000 	C:\Windows\system32\ole32.dll
0x75630000 - 0x75642000 	C:\Windows\system32\DEVOBJ.dll
0x7d250000 - 0x7d317000 	D:\Program Files\MATLAB\R2013b\bin\win32\libmx.dll
0x02290000 - 0x022a8000 	D:\Program Files\MATLAB\R2013b\bin\win32\tbbmalloc.dll
0x022b0000 - 0x022c4000 	D:\Program Files\MATLAB\R2013b\bin\win32\zlib1.dll
0x7d1f0000 - 0x7d22e000 	D:\Program Files\MATLAB\R2013b\bin\win32\libmwregexp.dll
0x7d1b0000 - 0x7d1e8000 	D:\Program Files\MATLAB\R2013b\bin\win32\mpath.dll
0x022d0000 - 0x0281e000 	D:\Program Files\MATLAB\R2013b\bin\win32\mlutil.dll
0x7cc50000 - 0x7ccb2000 	D:\Program Files\MATLAB\R2013b\bin\win32\xmlcore.dll
0x02820000 - 0x029e0000 	D:\Program Files\MATLAB\R2013b\bin\win32\xerces-c_2_7.dll
0x7ca70000 - 0x7ca91000 	D:\Program Files\MATLAB\R2013b\bin\win32\libmwMATLAB_settings_res.dll
0x029f0000 - 0x029fd000 	D:\Program Files\MATLAB\R2013b\bin\win32\boost_iostreams-vc100-mt-1_49.dll
0x02a00000 - 0x02a3e000 	D:\Program Files\MATLAB\R2013b\bin\win32\boost_serialization-vc100-mt-1_49.dll
0x75a50000 - 0x7669a000 	C:\Windows\system32\SHELL32.dll
0x759f0000 - 0x75a47000 	C:\Windows\system32\SHLWAPI.dll
0x7ca10000 - 0x7ca15000 	D:\Program Files\MATLAB\R2013b\bin\win32\libmwnativedisplay.dll
0x02a40000 - 0x02a7d000 	D:\Program Files\MATLAB\R2013b\bin\win32\opccore.dll
0x02a80000 - 0x02b2e000 	D:\Program Files\MATLAB\R2013b\bin\win32\opcmodel.dll
0x02b30000 - 0x02b53000 	D:\Program Files\MATLAB\R2013b\bin\win32\opczippackage.dll
0x02b60000 - 0x02b6d000 	D:\Program Files\MATLAB\R2013b\bin\win32\libminizip.dll
0x02b70000 - 0x02bc1000 	D:\Program Files\MATLAB\R2013b\bin\win32\opcmwservices.dll
0x71ab0000 - 0x71b34000 	C:\Windows\WinSxS\x86_microsoft.windows.common-controls_6595b64144ccf1df_5.82.7601.17514_none_ec83dffa859149af\COMCTL32.dll
0x76b90000 - 0x76c0b000 	C:\Windows\system32\COMDLG32.dll
0x73ad0000 - 0x73ae1000 	C:\Windows\system32\NETAPI32.dll
0x73ac0000 - 0x73ac9000 	C:\Windows\system32\netutils.dll
0x74fc0000 - 0x74fd9000 	C:\Windows\system32\srvcli.dll
0x73ab0000 - 0x73abf000 	C:\Windows\system32\wkscli.dll
0x7c980000 - 0x7ca0a000 	D:\Program Files\MATLAB\R2013b\bin\win32\mcr.dll
0x02bd0000 - 0x02f68000 	D:\Program Files\MATLAB\R2013b\bin\win32\iqm.dll
0x02f70000 - 0x02ffd000 	D:\Program Files\MATLAB\R2013b\bin\win32\m_dispatcher.dll
0x03000000 - 0x03546000 	D:\Program Files\MATLAB\R2013b\bin\win32\m_interpreter.dll
0x7bef0000 - 0x7bf0c000 	D:\Program Files\MATLAB\R2013b\bin\win32\libmex.dll
0x7be90000 - 0x7bef0000 	D:\Program Files\MATLAB\R2013b\bin\win32\profiler.dll
0x7bc20000 - 0x7bd6e000 	D:\Program Files\MATLAB\R2013b\bin\win32\libmwmathutil.dll
0x03550000 - 0x03571000 	D:\Program Files\MATLAB\R2013b\bin\win32\libmwmathrng.dll
0x7bbf0000 - 0x7bbfe000 	D:\Program Files\MATLAB\R2013b\bin\win32\libmwmfl_rng.dll
0x03580000 - 0x0364f000 	D:\Program Files\MATLAB\R2013b\bin\win32\libmwmathcore.dll
0x7baf0000 - 0x7bb38000 	D:\Program Files\MATLAB\R2013b\bin\win32\libmwspmatrix.dll
0x03650000 - 0x03808000 	D:\Program Files\MATLAB\R2013b\bin\win32\mcos.dll
0x7b8b0000 - 0x7b8fa000 	D:\Program Files\MATLAB\R2013b\bin\win32\libmwcholmod.dll
0x7b8a0000 - 0x7b8a9000 	D:\Program Files\MATLAB\R2013b\bin\win32\libmwamd.dll
0x7b890000 - 0x7b899000 	D:\Program Files\MATLAB\R2013b\bin\win32\libmwcolamd.dll
0x7b880000 - 0x7b88b000 	D:\Program Files\MATLAB\R2013b\bin\win32\libmwblas.dll
0x7b860000 - 0x7b871000 	D:\Program Files\MATLAB\R2013b\bin\win32\libmwbinder.dll
0x7b850000 - 0x7b859000 	D:\Program Files\MATLAB\R2013b\bin\win32\libmwompwrapper.dll
0x7b810000 - 0x7b844000 	D:\Program Files\MATLAB\R2013b\bin\win32\libmwlapack.dll
0x7b7f0000 - 0x7b807000 	D:\Program Files\MATLAB\R2013b\bin\win32\m_pcodeio.dll
0x7b7a0000 - 0x7b7e9000 	D:\Program Files\MATLAB\R2013b\bin\win32\m_ir.dll
0x03810000 - 0x03dac000 	D:\Program Files\MATLAB\R2013b\bin\win32\m_parser.dll
0x7b1f0000 - 0x7b201000 	D:\Program Files\MATLAB\R2013b\bin\win32\ir_xfmr.dll
0x7b1e0000 - 0x7b1ee000 	D:\Program Files\MATLAB\R2013b\bin\win32\mtok.dll
0x7b1b0000 - 0x7b1d1000 	D:\Program Files\MATLAB\R2013b\bin\win32\m_pcodegen.dll
0x7b180000 - 0x7b1a7000 	D:\Program Files\MATLAB\R2013b\bin\win32\libmwbridge.dll
0x7b0e0000 - 0x7b171000 	D:\Program Files\MATLAB\R2013b\bin\win32\udd.dll
0x7afc0000 - 0x7b0da000 	D:\Program Files\MATLAB\R2013b\bin\win32\libmwgui.dll
0x7afa0000 - 0x7afc0000 	D:\Program Files\MATLAB\R2013b\bin\win32\graphics_util.dll
0x03db0000 - 0x03e62000 	D:\Program Files\MATLAB\R2013b\bin\win32\libtex_base.dll
0x7a790000 - 0x7aef3000 	D:\Program Files\MATLAB\R2013b\bin\win32\hg.dll
0x7a740000 - 0x7a789000 	D:\Program Files\MATLAB\R2013b\bin\win32\libmat.dll
0x03e70000 - 0x04059000 	D:\Program Files\MATLAB\R2013b\bin\win32\hdf5dll.dll
0x7a4a0000 - 0x7a547000 	D:\Program Files\MATLAB\R2013b\bin\win32\jmi.dll
0x7a490000 - 0x7a49c000 	D:\Program Files\MATLAB\R2013b\bin\win32\nativejava_services.dll
0x7a450000 - 0x7a484000 	D:\Program Files\MATLAB\R2013b\bin\win32\libmwhardcopy.dll
0x7a400000 - 0x7a448000 	D:\Program Files\MATLAB\R2013b\bin\win32\libuij.dll
0x7a220000 - 0x7a3c4000 	D:\Program Files\MATLAB\R2013b\bin\win32\hgdatatypes.dll
0x04070000 - 0x0414d000 	D:\Program Files\MATLAB\R2013b\bin\win32\hgutils.dll
0x7a0d0000 - 0x7a159000 	D:\Program Files\MATLAB\R2013b\bin\win32\udd_mi.dll
0x7a0a0000 - 0x7a0cd000 	D:\Program Files\MATLAB\R2013b\bin\win32\libmwgbtutils.dll
0x7a090000 - 0x7a0a0000 	D:\Program Files\MATLAB\R2013b\bin\win32\libmwgbt.dll
0x04150000 - 0x043f7000 	D:\Program Files\MATLAB\R2013b\bin\win32\uiw.dll
0x79dd0000 - 0x79dd8000 	D:\Program Files\MATLAB\R2013b\bin\win32\uinone.dll
0x04400000 - 0x04423000 	D:\Program Files\MATLAB\R2013b\bin\win32\libmwnativedialogs.dll
0x79da0000 - 0x79da9000 	D:\Program Files\MATLAB\R2013b\bin\win32\libmwplatform_res.dll
0x71a70000 - 0x71a82000 	C:\Windows\system32\MPR.dll
0x04440000 - 0x04878000 	D:\Program Files\MATLAB\R2013b\bin\win32\mfc100.dll
0x700c0000 - 0x700c5000 	C:\Windows\system32\MSIMG32.dll
0x71490000 - 0x714e1000 	C:\Windows\system32\WINSPOOL.DRV
0x79d80000 - 0x79d96000 	D:\Program Files\MATLAB\R2013b\bin\win32\mwoles05.DLL
0x79d20000 - 0x79d73000 	D:\Program Files\MATLAB\R2013b\bin\win32\comcli.dll
0x04880000 - 0x048a6000 	D:\Program Files\MATLAB\R2013b\bin\win32\ATL100.DLL
0x79d10000 - 0x79d1a000 	D:\Program Files\MATLAB\R2013b\bin\win32\mlautoregister.dll
0x048b0000 - 0x04a05000 	D:\Program Files\MATLAB\R2013b\bin\win32\mvm.dll
0x759d0000 - 0x759ef000 	C:\Windows\system32\IMM32.DLL
0x766f0000 - 0x767bc000 	C:\Windows\system32\MSCTF.dll
0x740e0000 - 0x74120000 	C:\Windows\system32\UxTheme.dll
0x73df0000 - 0x73e03000 	C:\Windows\system32\dwmapi.dll
0x04a90000 - 0x04a9d000 	D:\Program Files\MATLAB\R2013b\bin\win32\MFC100ENU.DLL

VM Arguments:
jvm_args: -Xss512k -XX:PermSize=32m -Xms64m -XX:NewRatio=3 -XX:MaxPermSize=96m -Xmx871m -XX:MaxDirectMemorySize=1200000000 -Dsun.java2d.noddraw=true -Dsun.awt.nopixfmt=true -Xshare:off -Xrs -XX:-UseSplitVerifier -Djava.library.path=D:\Program Files\MATLAB\R2013b\bin\win32;D:\Program Files\MATLAB\R2013b\sys\jxbrowser\win32\lib vfprintf abort -Duser.language=en -Duser.country=US 
java_command: <unknown>
Launcher Type: generic

Environment Variables:
CLASSPATH=C:\Program Files\Weka-3-6\weka-spectral-clusterer.jar;C:\Program Files\Weka-3-6\colt.jar;C:\Program Files\Java\jdk1.8.0\bin\
PATH=C:\Program Files\Intel\iCLS Client\;C:\Windows\system32;C:\Windows;C:\Windows\System32\Wbem;C:\Windows\System32\WindowsPowerShell\v1.0\;C:\Program Files\Intel\OpenCL SDK\2.0\bin\x86;C:\Program Files\Intel\Intel(R) Management Engine Components\DAL;C:\Program Files\Intel\Intel(R) Management Engine Components\IPT;C:\Program Files\Java\jdk1.8.0\;d:\Program Files\MATLAB\R2013b\runtime\win32;d:\Program Files\MATLAB\R2013b\bin;d:\Program Files\MATLAB\R2013b\polyspace\bin
USERNAME=MeAb
OS=Windows_NT
PROCESSOR_IDENTIFIER=x86 Family 6 Model 58 Stepping 9, GenuineIntel



---------------  S Y S T E M  ---------------

OS: Windows 7 Build 7601 Service Pack 1

CPU:total 4 (2 cores per cpu, 2 threads per core) family 6 model 58 stepping 9, cmov, cx8, fxsr, mmx, sse, sse2, sse3, ssse3, sse4.1, sse4.2, popcnt, avx, ht, tsc, tscinvbit, tscinv

Memory: 4k page, physical 3569080k(1213788k free), swap 7136404k(3805984k free)

vm_info: Java HotSpot(TM) Client VM (23.6-b04) for windows-x86 JRE (1.7.0_11-b21), built on Jan 12 2013 02:19:22 by "java_re" with unknown MS VC++:1600

time: Sat Jun 14 09:19:08 2014
elapsed time: 126 seconds

