#
# A fatal error has been detected by the Java Runtime Environment:
#
#  EXCEPTION_ACCESS_VIOLATION (0xc0000005) at pc=0x086e793b, pid=4812, tid=2884
#
# JRE version: 7.0_11-b21
# Java VM: Java HotSpot(TM) Client VM (23.6-b04 mixed mode windows-x86 )
# Problematic frame:
# C  0x086e793b  JNI_CreateJavaVM+0xe00b
#
# Failed to write core dump. Minidumps are not enabled by default on client versions of Windows
#
# If you would like to submit a bug report, please visit:
#   http://bugreport.sun.com/bugreport/crash.jsp
#

---------------  T H R E A D  ---------------

Current thread (0x4df59c00):  JavaThread "Code Analyzer updating thread" [_thread_in_vm, id=2884, stack(0x57ca0000,0x57d20000)]

siginfo: ExceptionCode=0xc0000005, reading address 0x00000000

Registers:
EAX=0x00000000, EBX=0x4df59d28, ECX=0x4df59c00, EDX=0x088bc4b8
ESP=0x57d1ee68, EBP=0x57d1eeb0, ESI=0x4df59c00, EDI=0x00000000
EIP=0x086e793b, EFLAGS=0x00010246

Top of Stack: (sp=0x57d1ee68)
0x57d1ee68:   54553448 4df59d28 6fcf301a 08633d63
0x57d1ee78:   4df59c00 f67bbeeb 54553448 4df59c00
0x57d1ee88:   6fcf301a 57d1ee7c f1725358 57d1ef0c
0x57d1ee98:   0889ce7e a93acd57 4df59c00 074d34bc
0x57d1eea8:   0000063d 088bc4b8 57d1eec8 6fcf10fd
0x57d1eeb8:   4df59d28 54553448 00000000 57d1eedc
0x57d1eec8:   57d1f8c8 6fcf304a 4df59d28 54553448
0x57d1eed8:   00000000 002b2dc7 57d1f8bc 57d1f17c 

Instructions: (pc=0x086e793b)
0x086e791b:   f4 ff 83 c4 08 83 7e 04 00 89 75 f0 c7 45 f4 00
0x086e792b:   00 00 00 74 08 8d 4d f0 e8 48 58 0b 00 8b 7d 10
0x086e793b:   8b 0f c7 45 e0 0c 00 00 00 e8 b7 31 f5 ff 50 8d
0x086e794b:   4d c4 e8 4e 88 08 00 8b 45 14 56 8d 4d c4 51 53 


Register to memory mapping:

EAX=0x00000000 is an unknown value
EBX=0x4df59d28 is an unknown value
ECX=0x4df59c00 is a thread
EDX=0x088bc4b8 is an unknown value
ESP=0x57d1ee68 is pointing into the stack for thread: 0x4df59c00
EBP=0x57d1eeb0 is pointing into the stack for thread: 0x4df59c00
ESI=0x4df59c00 is a thread
EDI=0x00000000 is an unknown value


Stack: [0x57ca0000,0x57d20000],  sp=0x57d1ee68,  free space=507k
Native frames: (J=compiled Java code, j=interpreted, Vv=VM code, C=native code)
C  0x086e793b  JNI_CreateJavaVM+0xe00b
C  0x6fcf10fd
C  0x6fcf304a  Java_com_mathworks_widgets_text_mcode_MLint_nativeGetMessages+0x6fa
j  com.mathworks.widgets.text.mcode.MLint.nativeGetMessages(Ljava/lang/String;Ljava/lang/String;)Ljava/util/List;+0
j  com.mathworks.widgets.text.mcode.MLint.getMessages(Ljava/lang/String;Ljava/lang/String;Lcom/mathworks/widgets/text/mcode/MLintConfiguration;Z)Ljava/util/List;+67
j  com.mathworks.widgets.text.mcode.analyzer.CodeAnalyzerThread.doMLint()V+95
j  com.mathworks.widgets.text.mcode.analyzer.CodeAnalyzerThread.access$400(Lcom/mathworks/widgets/text/mcode/analyzer/CodeAnalyzerThread;)V+1
j  com.mathworks.widgets.text.mcode.analyzer.CodeAnalyzerThread$MLintRunnable.run()V+14
j  java.lang.Thread.run()V+11
v  ~StubRoutines::call_stub
C  0x0875a3ba  JVM_Clone+0x4982a
C  0x088097de  JVM_FindSignal+0x602de
C  0x0875a5a3  JVM_Clone+0x49a13
C  0x0875a607  JVM_Clone+0x49a77
C  0x0870315f  jio_fprintf+0x17f
C  0x0877a6b7  JVM_Clone+0x69b27
C  0x0877a820  JVM_Clone+0x69c90
C  0x087af009  JVM_FindSignal+0x5b09
C  [MSVCR100.dll+0x5c556]  endthreadex+0x3a
C  [MSVCR100.dll+0x5c600]  endthreadex+0xe4
C  [kernel32.dll+0x4ee1c]  BaseThreadInitThunk+0x12
C  [ntdll.dll+0x637eb]  RtlInitializeExceptionChain+0xef
C  [ntdll.dll+0x637be]  RtlInitializeExceptionChain+0xc2

Java frames: (J=compiled Java code, j=interpreted, Vv=VM code)
j  com.mathworks.widgets.text.mcode.MLint.nativeGetMessages(Ljava/lang/String;Ljava/lang/String;)Ljava/util/List;+0
j  com.mathworks.widgets.text.mcode.MLint.getMessages(Ljava/lang/String;Ljava/lang/String;Lcom/mathworks/widgets/text/mcode/MLintConfiguration;Z)Ljava/util/List;+67
j  com.mathworks.widgets.text.mcode.analyzer.CodeAnalyzerThread.doMLint()V+95
j  com.mathworks.widgets.text.mcode.analyzer.CodeAnalyzerThread.access$400(Lcom/mathworks/widgets/text/mcode/analyzer/CodeAnalyzerThread;)V+1
j  com.mathworks.widgets.text.mcode.analyzer.CodeAnalyzerThread$MLintRunnable.run()V+14
j  java.lang.Thread.run()V+11
v  ~StubRoutines::call_stub

---------------  P R O C E S S  ---------------

Java Threads: ( => current thread )
=>0x4df59c00 JavaThread "Code Analyzer updating thread" [_thread_in_vm, id=2884, stack(0x57ca0000,0x57d20000)]
  0x60bb3800 JavaThread "Inactive RequestProcessor thread [Was:TimedSoftReference/org.openide.util.TimedSoftReference]" daemon [_thread_blocked, id=4168, stack(0x5d2a0000,0x5d320000)]
  0x60bb0c00 JavaThread "Code Analyzer updating thread" [_thread_blocked, id=7480, stack(0x57c20000,0x57ca0000)]
  0x54559c00 JavaThread "Foxtrot Multi Worker Thread Runner #1" daemon [_thread_blocked, id=1220, stack(0x55830000,0x558b0000)]
  0x4df5a800 JavaThread "Code Analyzer updating thread" [_thread_blocked, id=3768, stack(0x083e0000,0x08460000)]
  0x4df59800 JavaThread "Code Analyzer updating thread" [_thread_blocked, id=344, stack(0x06460000,0x064e0000)]
  0x4df59000 JavaThread "Code Analyzer updating thread" [_thread_blocked, id=11692, stack(0x08360000,0x083e0000)]
  0x4df58c00 JavaThread "Active Reference Queue Daemon" daemon [_thread_blocked, id=11944, stack(0x082a0000,0x08320000)]
  0x4deab400 JavaThread "Timer-1" daemon [_thread_blocked, id=9700, stack(0x08220000,0x082a0000)]
  0x4dea9400 JavaThread "Prefs Updater" daemon [_thread_blocked, id=6424, stack(0x067d0000,0x06850000)]
  0x4deaa000 JavaThread "ClipboardMonitor Timer" daemon [_thread_blocked, id=5220, stack(0x55360000,0x553e0000)]
  0x4dea9800 JavaThread "Explorer NavigationContext request queue" daemon [_thread_blocked, id=6476, stack(0x552e0000,0x55360000)]
  0x4dea8c00 JavaThread "AddressBar directory emptiness poller" daemon [_thread_blocked, id=6780, stack(0x551e0000,0x55260000)]
  0x4dea8800 JavaThread "Explorer Refresh Service 20775590" daemon [_thread_blocked, id=6004, stack(0x55160000,0x551e0000)]
  0x4dea8000 JavaThread "Thread-4" daemon [_thread_blocked, id=9952, stack(0x54d20000,0x54da0000)]
  0x4dea7c00 JavaThread "TimerQueue" daemon [_thread_blocked, id=12156, stack(0x51a80000,0x51b00000)]
  0x4dea7400 JavaThread "Thread-3" daemon [_thread_blocked, id=4580, stack(0x4f460000,0x4f4e0000)]
  0x4dea6c00 JavaThread "FelixPackageAdmin" daemon [_thread_blocked, id=8084, stack(0x70080000,0x70100000)]
  0x4dea6800 JavaThread "FelixStartLevel" daemon [_thread_blocked, id=3556, stack(0x70000000,0x70080000)]
  0x4dea6000 JavaThread "FelixDispatchQueue" daemon [_thread_blocked, id=5744, stack(0x4ff50000,0x4ffd0000)]
  0x4cf79000 JavaThread "AWT-EventQueue-0" [_thread_blocked, id=6460, stack(0x4f3e0000,0x4f460000)]
  0x4d2af000 JavaThread "com.google.common.base.internal.Finalizer" daemon [_thread_blocked, id=8304, stack(0x0fec0000,0x0ff40000)]
  0x4d203000 JavaThread "AWT-Windows" daemon [_thread_in_native, id=2056, stack(0x0fdc0000,0x0fe40000)]
  0x4d194c00 JavaThread "AWT-Shutdown" [_thread_blocked, id=836, stack(0x0fd40000,0x0fdc0000)]
  0x4d1b8c00 JavaThread "Java2D Disposer" daemon [_thread_blocked, id=4456, stack(0x0fcc0000,0x0fd40000)]
  0x4cfd4400 JavaThread "Timer-0" [_thread_blocked, id=11052, stack(0x0fc40000,0x0fcc0000)]
  0x4cfa4800 JavaThread "EventMgr Dispatcher" daemon [_thread_in_native, id=6060, stack(0x4d2e0000,0x4dae0000)]
  0x0bdc3c00 JavaThread "Service Thread" daemon [_thread_blocked, id=7196, stack(0x0f270000,0x0f2f0000)]
  0x0bdbf400 JavaThread "C1 CompilerThread0" daemon [_thread_blocked, id=8908, stack(0x0ea70000,0x0f270000)]
  0x0bdbe400 JavaThread "Attach Listener" daemon [_thread_blocked, id=9308, stack(0x0e9f0000,0x0ea70000)]
  0x0bd8dc00 JavaThread "Finalizer" daemon [_thread_blocked, id=5796, stack(0x0e970000,0x0e9f0000)]
  0x0bd8a400 JavaThread "Reference Handler" daemon [_thread_blocked, id=8360, stack(0x0e8f0000,0x0e970000)]
  0x0bcca800 JavaThread "main" [_thread_in_native, id=10676, stack(0x00430000,0x00c30000)]

Other Threads:
  0x0bc90c00 VMThread [stack: 0x0e0f0000,0x0e8f0000] [id=10384]
  0x0bdda400 WatcherThread [stack: 0x0f2f0000,0x0faf0000] [id=7600]

VM state:not at safepoint (normal execution)

VM Mutex/Monitor currently owned by a thread: None

Heap
 def new generation   total 28800K, used 27166K [0x102e0000, 0x12210000, 0x1dce0000)
  eden space 25664K,  95% used [0x102e0000, 0x11ac90c0, 0x11bf0000)
  from space 3136K,  85% used [0x11bf0000, 0x11e8e8e8, 0x11f00000)
  to   space 3136K,   0% used [0x11f00000, 0x11f00000, 0x12210000)
 tenured generation   total 95552K, used 66036K [0x1dce0000, 0x23a30000, 0x46ae0000)
   the space 95552K,  69% used [0x1dce0000, 0x21d5d018, 0x21d5d200, 0x23a30000)
 compacting perm gen  total 38400K, used 38278K [0x46ae0000, 0x49060000, 0x4cae0000)
   the space 38400K,  99% used [0x46ae0000, 0x49041950, 0x49041a00, 0x49060000)
No shared spaces configured.

Card table byte_map: [0x0df00000,0x0e0f0000] byte_map_base: 0x0de7e900

Polling page: 0x089e0000

Code Cache  [0x0bf00000, 0x0c8e8000, 0x0df00000)
 total_blobs=6174 nmethods=5868 adapters=237 free_code_cache=22656Kb largest_free_block=23191488

Compilation events (10 events):
Event: 14990.331 Thread 0x0bdbf400 5984             java.util.Arrays::fill (21 bytes)
Event: 14990.332 Thread 0x0bdbf400 nmethod 5984 0x0c8dff88 code [0x0c8e0080, 0x0c8e0190]
Event: 14990.342 Thread 0x0bdbf400 5985             com.mathworks.toolstrip.plaf.RegularButtonUI::drawLines (238 bytes)
Event: 14990.343 Thread 0x0bdbf400 nmethod 5985 0x0c8e0288 code [0x0c8e0490, 0x0c8e09dc]
Event: 14990.351 Thread 0x0bdbf400 5986             javax.swing.AncestorNotifier::fireAncestorMoved (70 bytes)
Event: 14990.351 Thread 0x0bdbf400 nmethod 5986 0x0c8e1348 code [0x0c8e1480, 0x0c8e1684]
Event: 14990.364 Thread 0x0bdbf400 5987             com.google.common.collect.AbstractMultimap$WrappedCollection::<init> (44 bytes)
Event: 14990.364 Thread 0x0bdbf400 nmethod 5987 0x0c8e1888 code [0x0c8e1980, 0x0c8e1a70]
Event: 14990.364 Thread 0x0bdbf400 5988             com.google.common.collect.AbstractMultimap$WrappedCollection::iterator (13 bytes)
Event: 14990.365 Thread 0x0bdbf400 nmethod 5988 0x0c8e1b08 code [0x0c8e1c10, 0x0c8e1d08]

GC Heap History (10 events):
Event: 14953.646 GC heap before
{Heap before GC invocations=387 (full 3):
 def new generation   total 28800K, used 27104K [0x102e0000, 0x12210000, 0x1dce0000)
  eden space 25664K, 100% used [0x102e0000, 0x11bf0000, 0x11bf0000)
  from space 3136K,  45% used [0x11f00000, 0x12068188, 0x12210000)
  to   space 3136K,   0% used [0x11bf0000, 0x11bf0000, 0x11f00000)
 tenured generation   total 95552K, used 58318K [0x1dce0000, 0x23a30000, 0x46ae0000)
   the space 95552K,  61% used [0x1dce0000, 0x215d3b08, 0x215d3c00, 0x23a30000)
 compacting perm gen  total 38400K, used 38276K [0x46ae0000, 0x49060000, 0x4cae0000)
   the space 38400K,  99% used [0x46ae0000, 0x490411e8, 0x49041200, 0x49060000)
No shared spaces configured.
Event: 14953.656 GC heap after
Heap after GC invocations=388 (full 3):
 def new generation   total 28800K, used 3136K [0x102e0000, 0x12210000, 0x1dce0000)
  eden space 25664K,   0% used [0x102e0000, 0x102e0000, 0x11bf0000)
  from space 3136K, 100% used [0x11bf0000, 0x11f00000, 0x11f00000)
  to   space 3136K,   0% used [0x11f00000, 0x11f00000, 0x12210000)
 tenured generation   total 95552K, used 60514K [0x1dce0000, 0x23a30000, 0x46ae0000)
   the space 95552K,  63% used [0x1dce0000, 0x217f8a48, 0x217f8c00, 0x23a30000)
 compacting perm gen  total 38400K, used 38276K [0x46ae0000, 0x49060000, 0x4cae0000)
   the space 38400K,  99% used [0x46ae0000, 0x490411e8, 0x49041200, 0x49060000)
No shared spaces configured.
}
Event: 14953.809 GC heap before
{Heap before GC invocations=388 (full 3):
 def new generation   total 28800K, used 28800K [0x102e0000, 0x12210000, 0x1dce0000)
  eden space 25664K, 100% used [0x102e0000, 0x11bf0000, 0x11bf0000)
  from space 3136K, 100% used [0x11bf0000, 0x11f00000, 0x11f00000)
  to   space 3136K,   0% used [0x11f00000, 0x11f00000, 0x12210000)
 tenured generation   total 95552K, used 60514K [0x1dce0000, 0x23a30000, 0x46ae0000)
   the space 95552K,  63% used [0x1dce0000, 0x217f8a48, 0x217f8c00, 0x23a30000)
 compacting perm gen  total 38400K, used 38276K [0x46ae0000, 0x49060000, 0x4cae0000)
   the space 38400K,  99% used [0x46ae0000, 0x490411e8, 0x49041200, 0x49060000)
No shared spaces configured.
Event: 14953.817 GC heap after
Heap after GC invocations=389 (full 3):
 def new generation   total 28800K, used 2112K [0x102e0000, 0x12210000, 0x1dce0000)
  eden space 25664K,   0% used [0x102e0000, 0x102e0000, 0x11bf0000)
  from space 3136K,  67% used [0x11f00000, 0x12110380, 0x12210000)
  to   space 3136K,   0% used [0x11bf0000, 0x11bf0000, 0x11f00000)
 tenured generation   total 95552K, used 63208K [0x1dce0000, 0x23a30000, 0x46ae0000)
   the space 95552K,  66% used [0x1dce0000, 0x21a9a288, 0x21a9a400, 0x23a30000)
 compacting perm gen  total 38400K, used 38276K [0x46ae0000, 0x49060000, 0x4cae0000)
   the space 38400K,  99% used [0x46ae0000, 0x490411e8, 0x49041200, 0x49060000)
No shared spaces configured.
}
Event: 14955.340 GC heap before
{Heap before GC invocations=389 (full 3):
 def new generation   total 28800K, used 27776K [0x102e0000, 0x12210000, 0x1dce0000)
  eden space 25664K,  99% used [0x102e0000, 0x11beffe0, 0x11bf0000)
  from space 3136K,  67% used [0x11f00000, 0x12110380, 0x12210000)
  to   space 3136K,   0% used [0x11bf0000, 0x11bf0000, 0x11f00000)
 tenured generation   total 95552K, used 63208K [0x1dce0000, 0x23a30000, 0x46ae0000)
   the space 95552K,  66% used [0x1dce0000, 0x21a9a288, 0x21a9a400, 0x23a30000)
 compacting perm gen  total 38400K, used 38278K [0x46ae0000, 0x49060000, 0x4cae0000)
   the space 38400K,  99% used [0x46ae0000, 0x49041900, 0x49041a00, 0x49060000)
No shared spaces configured.
Event: 14955.347 GC heap after
Heap after GC invocations=390 (full 3):
 def new generation   total 28800K, used 1343K [0x102e0000, 0x12210000, 0x1dce0000)
  eden space 25664K,   0% used [0x102e0000, 0x102e0000, 0x11bf0000)
  from space 3136K,  42% used [0x11bf0000, 0x11d3fe48, 0x11f00000)
  to   space 3136K,   0% used [0x11f00000, 0x11f00000, 0x12210000)
 tenured generation   total 95552K, used 65280K [0x1dce0000, 0x23a30000, 0x46ae0000)
   the space 95552K,  68% used [0x1dce0000, 0x21ca0098, 0x21ca0200, 0x23a30000)
 compacting perm gen  total 38400K, used 38278K [0x46ae0000, 0x49060000, 0x4cae0000)
   the space 38400K,  99% used [0x46ae0000, 0x49041900, 0x49041a00, 0x49060000)
No shared spaces configured.
}
Event: 14990.135 GC heap before
{Heap before GC invocations=390 (full 3):
 def new generation   total 28800K, used 27007K [0x102e0000, 0x12210000, 0x1dce0000)
  eden space 25664K, 100% used [0x102e0000, 0x11bf0000, 0x11bf0000)
  from space 3136K,  42% used [0x11bf0000, 0x11d3fe48, 0x11f00000)
  to   space 3136K,   0% used [0x11f00000, 0x11f00000, 0x12210000)
 tenured generation   total 95552K, used 65280K [0x1dce0000, 0x23a30000, 0x46ae0000)
   the space 95552K,  68% used [0x1dce0000, 0x21ca0098, 0x21ca0200, 0x23a30000)
 compacting perm gen  total 38400K, used 38278K [0x46ae0000, 0x49060000, 0x4cae0000)
   the space 38400K,  99% used [0x46ae0000, 0x49041920, 0x49041a00, 0x49060000)
No shared spaces configured.
Event: 14990.140 GC heap after
Heap after GC invocations=391 (full 3):
 def new generation   total 28800K, used 1870K [0x102e0000, 0x12210000, 0x1dce0000)
  eden space 25664K,   0% used [0x102e0000, 0x102e0000, 0x11bf0000)
  from space 3136K,  59% used [0x11f00000, 0x120d3808, 0x12210000)
  to   space 3136K,   0% used [0x11bf0000, 0x11bf0000, 0x11f00000)
 tenured generation   total 95552K, used 65280K [0x1dce0000, 0x23a30000, 0x46ae0000)
   the space 95552K,  68% used [0x1dce0000, 0x21ca0098, 0x21ca0200, 0x23a30000)
 compacting perm gen  total 38400K, used 38278K [0x46ae0000, 0x49060000, 0x4cae0000)
   the space 38400K,  99% used [0x46ae0000, 0x49041920, 0x49041a00, 0x49060000)
No shared spaces configured.
}
Event: 14990.221 GC heap before
{Heap before GC invocations=391 (full 3):
 def new generation   total 28800K, used 27534K [0x102e0000, 0x12210000, 0x1dce0000)
  eden space 25664K, 100% used [0x102e0000, 0x11bf0000, 0x11bf0000)
  from space 3136K,  59% used [0x11f00000, 0x120d3808, 0x12210000)
  to   space 3136K,   0% used [0x11bf0000, 0x11bf0000, 0x11f00000)
 tenured generation   total 95552K, used 65280K [0x1dce0000, 0x23a30000, 0x46ae0000)
   the space 95552K,  68% used [0x1dce0000, 0x21ca0098, 0x21ca0200, 0x23a30000)
 compacting perm gen  total 38400K, used 38278K [0x46ae0000, 0x49060000, 0x4cae0000)
   the space 38400K,  99% used [0x46ae0000, 0x49041920, 0x49041a00, 0x49060000)
No shared spaces configured.
Event: 14990.228 GC heap after
Heap after GC invocations=392 (full 3):
 def new generation   total 28800K, used 2682K [0x102e0000, 0x12210000, 0x1dce0000)
  eden space 25664K,   0% used [0x102e0000, 0x102e0000, 0x11bf0000)
  from space 3136K,  85% used [0x11bf0000, 0x11e8e8e8, 0x11f00000)
  to   space 3136K,   0% used [0x11f00000, 0x11f00000, 0x12210000)
 tenured generation   total 95552K, used 66036K [0x1dce0000, 0x23a30000, 0x46ae0000)
   the space 95552K,  69% used [0x1dce0000, 0x21d5d018, 0x21d5d200, 0x23a30000)
 compacting perm gen  total 38400K, used 38278K [0x46ae0000, 0x49060000, 0x4cae0000)
   the space 38400K,  99% used [0x46ae0000, 0x49041920, 0x49041a00, 0x49060000)
No shared spaces configured.
}

Deoptimization events (0 events):
No events

Internal exceptions (10 events):
Event: 14990.843 Thread 0x4cf79000 Threw 0x11924ab8 at C:\jdk7u1_32P\jdk7u11\hotspot\src\share\vm\runtime\sharedRuntime.cpp:613
Event: 14990.843 Thread 0x4cf79000 NullPointerException at vtable entry 0x0bfa1c0c
Event: 14990.843 Thread 0x4cf79000 Threw 0x11925118 at C:\jdk7u1_32P\jdk7u11\hotspot\src\share\vm\runtime\sharedRuntime.cpp:613
Event: 14990.843 Thread 0x4cf79000 NullPointerException at vtable entry 0x0bfa1c0c
Event: 14990.843 Thread 0x4cf79000 Threw 0x11925f00 at C:\jdk7u1_32P\jdk7u11\hotspot\src\share\vm\runtime\sharedRuntime.cpp:613
Event: 14990.843 Thread 0x4cf79000 NullPointerException at vtable entry 0x0bfa1c0c
Event: 14990.843 Thread 0x4cf79000 Threw 0x11926700 at C:\jdk7u1_32P\jdk7u11\hotspot\src\share\vm\runtime\sharedRuntime.cpp:613
Event: 14990.843 Thread 0x4cf79000 NullPointerException at vtable entry 0x0bfa1c0c
Event: 14990.843 Thread 0x4cf79000 Threw 0x11926ec0 at C:\jdk7u1_32P\jdk7u11\hotspot\src\share\vm\runtime\sharedRuntime.cpp:613
Event: 14991.676 Thread 0x4df59c00 Threw 0x11a53b80 at C:\jdk7u1_32P\jdk7u11\hotspot\src\share\vm\prims\jni.cpp:1597

Events (10 events):
Event: 14990.365 Executing VM operation: RevokeBias done
Event: 14990.365 Executing VM operation: RevokeBias
Event: 14990.365 Executing VM operation: RevokeBias done
Event: 14990.365 Executing VM operation: RevokeBias
Event: 14990.365 Executing VM operation: RevokeBias done
Event: 14990.464 Thread 0x60bb1000 Thread exited: 0x60bb1000
Event: 14990.468 Thread 0x60bb1000 Thread added: 0x60bb1000
Event: 14990.478 Thread 0x60bb1000 Thread exited: 0x60bb1000
Event: 14991.674 Executing VM operation: RevokeBias
Event: 14991.674 Executing VM operation: RevokeBias done


Dynamic libraries:
0x00400000 - 0x00426000 	D:\Program Files\MATLAB\R2013b\bin\win32\MATLAB.exe
0x77130000 - 0x7726c000 	C:\Windows\SYSTEM32\ntdll.dll
0x76890000 - 0x76964000 	C:\Windows\system32\kernel32.dll
0x75380000 - 0x753cb000 	C:\Windows\system32\KERNELBASE.dll
0x10000000 - 0x102db000 	D:\Program Files\MATLAB\R2013b\bin\win32\libmwservices.dll
0x7dec0000 - 0x7df65000 	D:\Program Files\MATLAB\R2013b\bin\win32\libmwi18n.dll
0x7deb0000 - 0x7debb000 	D:\Program Files\MATLAB\R2013b\bin\win32\libmwresource_core.dll
0x000d0000 - 0x00139000 	D:\Program Files\MATLAB\R2013b\bin\win32\MSVCP100.dll
0x002b0000 - 0x0036f000 	D:\Program Files\MATLAB\R2013b\bin\win32\MSVCR100.dll
0x724b0000 - 0x724bc000 	D:\Program Files\MATLAB\R2013b\bin\win32\boost_date_time-vc100-mt-1_49.dll
0x72090000 - 0x720b5000 	D:\Program Files\MATLAB\R2013b\bin\win32\boost_filesystem-vc100-mt-1_49.dll
0x72fc0000 - 0x72fc7000 	D:\Program Files\MATLAB\R2013b\bin\win32\boost_system-vc100-mt-1_49.dll
0x76530000 - 0x765d0000 	C:\Windows\system32\ADVAPI32.dll
0x772b0000 - 0x7735c000 	C:\Windows\system32\msvcrt.dll
0x754a0000 - 0x754b9000 	C:\Windows\SYSTEM32\sechost.dll
0x76e10000 - 0x76eb2000 	C:\Windows\system32\RPCRT4.dll
0x72060000 - 0x72081000 	D:\Program Files\MATLAB\R2013b\bin\win32\LIBEXPAT.dll
0x7dce0000 - 0x7de29000 	D:\Program Files\MATLAB\R2013b\bin\win32\icuin49.dll
0x7dbd0000 - 0x7dcd7000 	D:\Program Files\MATLAB\R2013b\bin\win32\icuuc49.dll
0x00c30000 - 0x01d52000 	D:\Program Files\MATLAB\R2013b\bin\win32\icudt49.dll
0x7dbc0000 - 0x7dbcd000 	D:\Program Files\MATLAB\R2013b\bin\win32\icuio49.dll
0x01d60000 - 0x01df5000 	D:\Program Files\MATLAB\R2013b\bin\win32\libut.dll
0x7da60000 - 0x7dbb7000 	D:\Program Files\MATLAB\R2013b\bin\win32\libmwfl.dll
0x01e00000 - 0x02145000 	D:\Program Files\MATLAB\R2013b\bin\win32\libmwMATLAB_res.dll
0x02150000 - 0x02204000 	D:\Program Files\MATLAB\R2013b\bin\win32\boost_regex-vc100-mt-1_49.dll
0x755f0000 - 0x756b9000 	C:\Windows\system32\USER32.dll
0x76970000 - 0x769be000 	C:\Windows\system32\GDI32.dll
0x77280000 - 0x7728a000 	C:\Windows\system32\LPK.dll
0x76ec0000 - 0x76f5d000 	C:\Windows\system32\USP10.dll
0x72050000 - 0x7205e000 	D:\Program Files\MATLAB\R2013b\bin\win32\boost_signals-vc100-mt-1_49.dll
0x721d0000 - 0x721de000 	D:\Program Files\MATLAB\R2013b\bin\win32\boost_thread-vc100-mt-1_49.dll
0x00370000 - 0x003e4000 	D:\Program Files\MATLAB\R2013b\bin\win32\boost_log-vc100-mt-1_49.dll
0x772a0000 - 0x772a5000 	C:\Windows\system32\PSAPI.DLL
0x76330000 - 0x76365000 	C:\Windows\system32\WS2_32.dll
0x77270000 - 0x77276000 	C:\Windows\system32\NSI.dll
0x71f30000 - 0x71f58000 	D:\Program Files\MATLAB\R2013b\bin\win32\tbb.dll
0x76800000 - 0x7682b000 	C:\Windows\system32\imagehlp.dll
0x73320000 - 0x73345000 	C:\Windows\system32\POWRPROF.dll
0x765d0000 - 0x7676d000 	C:\Windows\system32\SETUPAPI.dll
0x75340000 - 0x75367000 	C:\Windows\system32\CFGMGR32.dll
0x76770000 - 0x767ff000 	C:\Windows\system32\OLEAUT32.dll
0x76a90000 - 0x76bec000 	C:\Windows\system32\ole32.dll
0x75470000 - 0x75482000 	C:\Windows\system32\DEVOBJ.dll
0x7d250000 - 0x7d317000 	D:\Program Files\MATLAB\R2013b\bin\win32\libmx.dll
0x70b50000 - 0x70b68000 	D:\Program Files\MATLAB\R2013b\bin\win32\tbbmalloc.dll
0x71150000 - 0x71164000 	D:\Program Files\MATLAB\R2013b\bin\win32\zlib1.dll
0x7d1f0000 - 0x7d22e000 	D:\Program Files\MATLAB\R2013b\bin\win32\libmwregexp.dll
0x7d1b0000 - 0x7d1e8000 	D:\Program Files\MATLAB\R2013b\bin\win32\mpath.dll
0x02210000 - 0x0275e000 	D:\Program Files\MATLAB\R2013b\bin\win32\mlutil.dll
0x7cc50000 - 0x7ccb2000 	D:\Program Files\MATLAB\R2013b\bin\win32\xmlcore.dll
0x02760000 - 0x02920000 	D:\Program Files\MATLAB\R2013b\bin\win32\xerces-c_2_7.dll
0x7ca70000 - 0x7ca91000 	D:\Program Files\MATLAB\R2013b\bin\win32\libmwMATLAB_settings_res.dll
0x71f20000 - 0x71f2d000 	D:\Program Files\MATLAB\R2013b\bin\win32\boost_iostreams-vc100-mt-1_49.dll
0x02920000 - 0x0295e000 	D:\Program Files\MATLAB\R2013b\bin\win32\boost_serialization-vc100-mt-1_49.dll
0x756e0000 - 0x7632a000 	C:\Windows\system32\SHELL32.dll
0x763f0000 - 0x76447000 	C:\Windows\system32\SHLWAPI.dll
0x7ca10000 - 0x7ca15000 	D:\Program Files\MATLAB\R2013b\bin\win32\libmwnativedisplay.dll
0x02960000 - 0x0299d000 	D:\Program Files\MATLAB\R2013b\bin\win32\opccore.dll
0x029a0000 - 0x02a4e000 	D:\Program Files\MATLAB\R2013b\bin\win32\opcmodel.dll
0x00180000 - 0x001a3000 	D:\Program Files\MATLAB\R2013b\bin\win32\opczippackage.dll
0x71eb0000 - 0x71ebd000 	D:\Program Files\MATLAB\R2013b\bin\win32\libminizip.dll
0x02a50000 - 0x02aa1000 	D:\Program Files\MATLAB\R2013b\bin\win32\opcmwservices.dll
0x02ab0000 - 0x02b34000 	C:\Windows\WinSxS\x86_microsoft.windows.common-controls_6595b64144ccf1df_5.82.7601.18201_none_ec80f00e8593ece5\COMCTL32.dll
0x76370000 - 0x763eb000 	C:\Windows\system32\COMDLG32.dll
0x73850000 - 0x73861000 	C:\Windows\system32\NETAPI32.dll
0x73840000 - 0x73849000 	C:\Windows\system32\netutils.dll
0x74dc0000 - 0x74dd9000 	C:\Windows\system32\srvcli.dll
0x73830000 - 0x7383f000 	C:\Windows\system32\wkscli.dll
0x7c980000 - 0x7ca0a000 	D:\Program Files\MATLAB\R2013b\bin\win32\mcr.dll
0x02b40000 - 0x02ed8000 	D:\Program Files\MATLAB\R2013b\bin\win32\iqm.dll
0x02ee0000 - 0x02f6d000 	D:\Program Files\MATLAB\R2013b\bin\win32\m_dispatcher.dll
0x02f70000 - 0x034b6000 	D:\Program Files\MATLAB\R2013b\bin\win32\m_interpreter.dll
0x7bef0000 - 0x7bf0c000 	D:\Program Files\MATLAB\R2013b\bin\win32\libmex.dll
0x7be90000 - 0x7bef0000 	D:\Program Files\MATLAB\R2013b\bin\win32\profiler.dll
0x7bc20000 - 0x7bd6e000 	D:\Program Files\MATLAB\R2013b\bin\win32\libmwmathutil.dll
0x034c0000 - 0x034e1000 	D:\Program Files\MATLAB\R2013b\bin\win32\libmwmathrng.dll
0x7bbf0000 - 0x7bbfe000 	D:\Program Files\MATLAB\R2013b\bin\win32\libmwmfl_rng.dll
0x034f0000 - 0x035bf000 	D:\Program Files\MATLAB\R2013b\bin\win32\libmwmathcore.dll
0x7baf0000 - 0x7bb38000 	D:\Program Files\MATLAB\R2013b\bin\win32\libmwspmatrix.dll
0x035c0000 - 0x03778000 	D:\Program Files\MATLAB\R2013b\bin\win32\mcos.dll
0x7b8b0000 - 0x7b8fa000 	D:\Program Files\MATLAB\R2013b\bin\win32\libmwcholmod.dll
0x7b8a0000 - 0x7b8a9000 	D:\Program Files\MATLAB\R2013b\bin\win32\libmwamd.dll
0x7b890000 - 0x7b899000 	D:\Program Files\MATLAB\R2013b\bin\win32\libmwcolamd.dll
0x7b880000 - 0x7b88b000 	D:\Program Files\MATLAB\R2013b\bin\win32\libmwblas.dll
0x7b860000 - 0x7b871000 	D:\Program Files\MATLAB\R2013b\bin\win32\libmwbinder.dll
0x7b850000 - 0x7b859000 	D:\Program Files\MATLAB\R2013b\bin\win32\libmwompwrapper.dll
0x7b810000 - 0x7b844000 	D:\Program Files\MATLAB\R2013b\bin\win32\libmwlapack.dll
0x7b7f0000 - 0x7b807000 	D:\Program Files\MATLAB\R2013b\bin\win32\m_pcodeio.dll
0x7b7a0000 - 0x7b7e9000 	D:\Program Files\MATLAB\R2013b\bin\win32\m_ir.dll
0x03780000 - 0x03d1c000 	D:\Program Files\MATLAB\R2013b\bin\win32\m_parser.dll
0x7b1f0000 - 0x7b201000 	D:\Program Files\MATLAB\R2013b\bin\win32\ir_xfmr.dll
0x7b1e0000 - 0x7b1ee000 	D:\Program Files\MATLAB\R2013b\bin\win32\mtok.dll
0x7b1b0000 - 0x7b1d1000 	D:\Program Files\MATLAB\R2013b\bin\win32\m_pcodegen.dll
0x7b180000 - 0x7b1a7000 	D:\Program Files\MATLAB\R2013b\bin\win32\libmwbridge.dll
0x7b0e0000 - 0x7b171000 	D:\Program Files\MATLAB\R2013b\bin\win32\udd.dll
0x7afc0000 - 0x7b0da000 	D:\Program Files\MATLAB\R2013b\bin\win32\libmwgui.dll
0x7afa0000 - 0x7afc0000 	D:\Program Files\MATLAB\R2013b\bin\win32\graphics_util.dll
0x03d20000 - 0x03dd2000 	D:\Program Files\MATLAB\R2013b\bin\win32\libtex_base.dll
0x7a790000 - 0x7aef3000 	D:\Program Files\MATLAB\R2013b\bin\win32\hg.dll
0x7a740000 - 0x7a789000 	D:\Program Files\MATLAB\R2013b\bin\win32\libmat.dll
0x03de0000 - 0x03fc9000 	D:\Program Files\MATLAB\R2013b\bin\win32\hdf5dll.dll
0x7a4a0000 - 0x7a547000 	D:\Program Files\MATLAB\R2013b\bin\win32\jmi.dll
0x7a490000 - 0x7a49c000 	D:\Program Files\MATLAB\R2013b\bin\win32\nativejava_services.dll
0x7a450000 - 0x7a484000 	D:\Program Files\MATLAB\R2013b\bin\win32\libmwhardcopy.dll
0x7a400000 - 0x7a448000 	D:\Program Files\MATLAB\R2013b\bin\win32\libuij.dll
0x7a220000 - 0x7a3c4000 	D:\Program Files\MATLAB\R2013b\bin\win32\hgdatatypes.dll
0x03fd0000 - 0x040ad000 	D:\Program Files\MATLAB\R2013b\bin\win32\hgutils.dll
0x7a0d0000 - 0x7a159000 	D:\Program Files\MATLAB\R2013b\bin\win32\udd_mi.dll
0x7a0a0000 - 0x7a0cd000 	D:\Program Files\MATLAB\R2013b\bin\win32\libmwgbtutils.dll
0x7a090000 - 0x7a0a0000 	D:\Program Files\MATLAB\R2013b\bin\win32\libmwgbt.dll
0x040b0000 - 0x04357000 	D:\Program Files\MATLAB\R2013b\bin\win32\uiw.dll
0x79dd0000 - 0x79dd8000 	D:\Program Files\MATLAB\R2013b\bin\win32\uinone.dll
0x04360000 - 0x04383000 	D:\Program Files\MATLAB\R2013b\bin\win32\libmwnativedialogs.dll
0x79da0000 - 0x79da9000 	D:\Program Files\MATLAB\R2013b\bin\win32\libmwplatform_res.dll
0x702f0000 - 0x70302000 	C:\Windows\system32\MPR.dll
0x043a0000 - 0x047d8000 	D:\Program Files\MATLAB\R2013b\bin\win32\mfc100.dll
0x047e0000 - 0x047e5000 	C:\Windows\system32\MSIMG32.dll
0x72ae0000 - 0x72b31000 	C:\Windows\system32\WINSPOOL.DRV
0x79d80000 - 0x79d96000 	D:\Program Files\MATLAB\R2013b\bin\win32\mwoles05.DLL
0x79d20000 - 0x79d73000 	D:\Program Files\MATLAB\R2013b\bin\win32\comcli.dll
0x047f0000 - 0x04816000 	D:\Program Files\MATLAB\R2013b\bin\win32\ATL100.DLL
0x79d10000 - 0x79d1a000 	D:\Program Files\MATLAB\R2013b\bin\win32\mlautoregister.dll
0x04820000 - 0x04975000 	D:\Program Files\MATLAB\R2013b\bin\win32\mvm.dll
0x756c0000 - 0x756df000 	C:\Windows\system32\IMM32.DLL
0x769c0000 - 0x76a8c000 	C:\Windows\system32\MSCTF.dll
0x73df0000 - 0x73e30000 	C:\Windows\system32\UxTheme.dll
0x73ac0000 - 0x73ad3000 	C:\Windows\system32\dwmapi.dll
0x715e0000 - 0x715ed000 	D:\Program Files\MATLAB\R2013b\bin\win32\MFC100ENU.DLL

VM Arguments:
jvm_args: -Xss512k -XX:PermSize=32m -Xms64m -XX:NewRatio=3 -XX:MaxPermSize=96m -Xmx871m -XX:MaxDirectMemorySize=1200000000 -Dsun.java2d.noddraw=true -Dsun.awt.nopixfmt=true -Xshare:off -Xrs -XX:-UseSplitVerifier -Djava.library.path=D:\Program Files\MATLAB\R2013b\bin\win32;D:\Program Files\MATLAB\R2013b\sys\jxbrowser\win32\lib vfprintf abort -Duser.language=en -Duser.country=US 
java_command: <unknown>
Launcher Type: generic

Environment Variables:
CLASSPATH=C:\Program Files\Weka-3-6\weka-spectral-clusterer.jar;C:\Program Files\Weka-3-6\colt.jar;C:\Program Files\Java\jdk1.8.0\bin\
PATH=C:\Program Files\Intel\iCLS Client\;C:\Windows\system32;C:\Windows;C:\Windows\System32\Wbem;C:\Windows\System32\WindowsPowerShell\v1.0\;C:\Program Files\Intel\OpenCL SDK\2.0\bin\x86;C:\Program Files\Intel\Intel(R) Management Engine Components\DAL;C:\Program Files\Intel\Intel(R) Management Engine Components\IPT;C:\Program Files\Java\jdk1.8.0\;d:\Program Files\MATLAB\R2013b\runtime\win32;d:\Program Files\MATLAB\R2013b\bin;d:\Program Files\MATLAB\R2013b\polyspace\bin;C:\Program Files\MiKTeX 2.9\miktex\bin\;C:\Users\MeAb\AppData\Roaming\MiKTeX\2.9\miktex\bin\
USERNAME=MeAb
OS=Windows_NT
PROCESSOR_IDENTIFIER=x86 Family 6 Model 58 Stepping 9, GenuineIntel



---------------  S Y S T E M  ---------------

OS: Windows 7 Build 7601 Service Pack 1

CPU:total 4 (2 cores per cpu, 2 threads per core) family 6 model 58 stepping 9, cmov, cx8, fxsr, mmx, sse, sse2, sse3, ssse3, sse4.1, sse4.2, popcnt, avx, ht, tsc, tscinvbit, tscinv

Memory: 4k page, physical 3570900k(1400812k free), swap 7140048k(3739920k free)

vm_info: Java HotSpot(TM) Client VM (23.6-b04) for windows-x86 JRE (1.7.0_11-b21), built on Jan 12 2013 02:19:22 by "java_re" with unknown MS VC++:1600

time: Tue Nov 11 00:37:17 2014
elapsed time: 14991 seconds

