#
# A fatal error has been detected by the Java Runtime Environment:
#
#  EXCEPTION_ACCESS_VIOLATION (0xc0000005) at pc=0x63b2793b, pid=3296, tid=3176
#
# JRE version: 7.0_11-b21
# Java VM: Java HotSpot(TM) Client VM (23.6-b04 mixed mode windows-x86 )
# Problematic frame:
# C  0x63b2793b  JNI_CreateJavaVM+0xe00b
#
# Failed to write core dump. Minidumps are not enabled by default on client versions of Windows
#
# If you would like to submit a bug report, please visit:
#   http://bugreport.sun.com/bugreport/crash.jsp
#

---------------  T H R E A D  ---------------

Current thread (0x55f68400):  JavaThread "Code Analyzer updating thread" [_thread_in_vm, id=3176, stack(0x52d90000,0x52e10000)]

siginfo: ExceptionCode=0xc0000005, reading address 0x00000000

Registers:
EAX=0x00000000, EBX=0x55f68528, ECX=0x55f68400, EDX=0x63cfc4b8
ESP=0x52e0ed68, EBP=0x52e0edb0, ESI=0x55f68400, EDI=0x00000000
EIP=0x63b2793b, EFLAGS=0x00010246

Top of Stack: (sp=0x52e0ed68)
0x52e0ed68:   0e3c3e28 55f68528 6fcf301a 63a73d63
0x52e0ed78:   55f68400 96fc6510 0e3c3e28 55f68400
0x52e0ed88:   6fcf301a 52e0ed7c f1725358 52e0ee0c
0x52e0ed98:   63cdce7e a7c815ac 55f68400 5864de0c
0x52e0eda8:   0000063d 63cfc4b8 52e0edc8 6fcf10fd
0x52e0edb8:   55f68528 0e3c3e28 00000000 52e0eddc
0x52e0edc8:   52e0f7c8 6fcf304a 55f68528 0e3c3e28
0x52e0edd8:   00000000 66aa2dc7 52e0f7bc 52e0f07c 

Instructions: (pc=0x63b2793b)
0x63b2791b:   f4 ff 83 c4 08 83 7e 04 00 89 75 f0 c7 45 f4 00
0x63b2792b:   00 00 00 74 08 8d 4d f0 e8 48 58 0b 00 8b 7d 10
0x63b2793b:   8b 0f c7 45 e0 0c 00 00 00 e8 b7 31 f5 ff 50 8d
0x63b2794b:   4d c4 e8 4e 88 08 00 8b 45 14 56 8d 4d c4 51 53 


Register to memory mapping:

EAX=0x00000000 is an unknown value
EBX=0x55f68528 is an unknown value
ECX=0x55f68400 is a thread
EDX=0x63cfc4b8 is an unknown value
ESP=0x52e0ed68 is pointing into the stack for thread: 0x55f68400
EBP=0x52e0edb0 is pointing into the stack for thread: 0x55f68400
ESI=0x55f68400 is a thread
EDI=0x00000000 is an unknown value


Stack: [0x52d90000,0x52e10000],  sp=0x52e0ed68,  free space=507k
Native frames: (J=compiled Java code, j=interpreted, Vv=VM code, C=native code)
C  0x63b2793b  JNI_CreateJavaVM+0xe00b
C  0x6fcf10fd
C  0x6fcf304a  Java_com_mathworks_widgets_text_mcode_MLint_nativeGetMessages+0x6fa
j  com.mathworks.widgets.text.mcode.MLint.nativeGetMessages(Ljava/lang/String;Ljava/lang/String;)Ljava/util/List;+0
j  com.mathworks.widgets.text.mcode.MLint.getMessages(Ljava/lang/String;Ljava/lang/String;Lcom/mathworks/widgets/text/mcode/MLintConfiguration;Z)Ljava/util/List;+67
j  com.mathworks.widgets.text.mcode.analyzer.CodeAnalyzerThread.doMLint()V+95
j  com.mathworks.widgets.text.mcode.analyzer.CodeAnalyzerThread.access$400(Lcom/mathworks/widgets/text/mcode/analyzer/CodeAnalyzerThread;)V+1
j  com.mathworks.widgets.text.mcode.analyzer.CodeAnalyzerThread$MLintRunnable.run()V+14
j  java.lang.Thread.run()V+11
v  ~StubRoutines::call_stub
C  0x63b9a3ba  JVM_Clone+0x4982a
C  0x63c497de  JVM_FindSignal+0x602de
C  0x63b9a5a3  JVM_Clone+0x49a13
C  0x63b9a607  JVM_Clone+0x49a77
C  0x63b4315f  jio_fprintf+0x17f
C  0x63bba6b7  JVM_Clone+0x69b27
C  0x63bba820  JVM_Clone+0x69c90
C  0x63bef009  JVM_FindSignal+0x5b09
C  [MSVCR100.dll+0x5c556]  endthreadex+0x3a
C  [MSVCR100.dll+0x5c600]  endthreadex+0xe4
C  [kernel32.dll+0x4ee1c]  BaseThreadInitThunk+0x12
C  [ntdll.dll+0x637eb]  RtlInitializeExceptionChain+0xef
C  [ntdll.dll+0x637be]  RtlInitializeExceptionChain+0xc2

Java frames: (J=compiled Java code, j=interpreted, Vv=VM code)
j  com.mathworks.widgets.text.mcode.MLint.nativeGetMessages(Ljava/lang/String;Ljava/lang/String;)Ljava/util/List;+0
j  com.mathworks.widgets.text.mcode.MLint.getMessages(Ljava/lang/String;Ljava/lang/String;Lcom/mathworks/widgets/text/mcode/MLintConfiguration;Z)Ljava/util/List;+67
j  com.mathworks.widgets.text.mcode.analyzer.CodeAnalyzerThread.doMLint()V+95
j  com.mathworks.widgets.text.mcode.analyzer.CodeAnalyzerThread.access$400(Lcom/mathworks/widgets/text/mcode/analyzer/CodeAnalyzerThread;)V+1
j  com.mathworks.widgets.text.mcode.analyzer.CodeAnalyzerThread$MLintRunnable.run()V+14
j  java.lang.Thread.run()V+11
v  ~StubRoutines::call_stub

---------------  P R O C E S S  ---------------

Java Threads: ( => current thread )
=>0x55f68400 JavaThread "Code Analyzer updating thread" [_thread_in_vm, id=3176, stack(0x52d90000,0x52e10000)]
  0x554aa400 JavaThread "XPCOMThread" [_thread_in_native, id=1908, stack(0x5a8b0000,0x5b0b0000)]
  0x554a8800 JavaThread "Browser Events Thread" daemon [_thread_blocked, id=5664, stack(0x049e0000,0x04a60000)]
  0x554a9400 JavaThread "com.jniwrapper.NativeResourceCollector" daemon [_thread_blocked, id=4236, stack(0x4f260000,0x4f2e0000)]
  0x554a8c00 JavaThread "XPCOM" daemon [_thread_in_native, id=2452, stack(0x0db60000,0x0dbe0000)]
  0x554a7800 JavaThread "Code Analyzer updating thread" [_thread_blocked, id=4004, stack(0x04960000,0x049e0000)]
  0x554a8000 JavaThread "Code Analyzer updating thread" [_thread_blocked, id=1288, stack(0x04760000,0x047e0000)]
  0x0dffa000 JavaThread "Active Reference Queue Daemon" daemon [_thread_blocked, id=2292, stack(0x57370000,0x573f0000)]
  0x0dff9c00 JavaThread "Timer-1" daemon [_thread_blocked, id=5244, stack(0x572f0000,0x57370000)]
  0x0dff7c00 JavaThread "Prefs Updater" daemon [_thread_blocked, id=4520, stack(0x57170000,0x571f0000)]
  0x0dff8c00 JavaThread "ClipboardMonitor Timer" daemon [_thread_blocked, id=5720, stack(0x56b00000,0x56b80000)]
  0x0dff9400 JavaThread "Swing-Shell" daemon [_thread_blocked, id=4036, stack(0x56a80000,0x56b00000)]
  0x0dff8000 JavaThread "Explorer NavigationContext request queue" daemon [_thread_blocked, id=4928, stack(0x56980000,0x56a00000)]
  0x0dff7400 JavaThread "AddressBar directory emptiness poller" daemon [_thread_blocked, id=3580, stack(0x56880000,0x56900000)]
  0x0dff7000 JavaThread "Explorer Refresh Service 21373892" daemon [_thread_blocked, id=3620, stack(0x56800000,0x56880000)]
  0x0dff5c00 JavaThread "Thread-4" daemon [_thread_blocked, id=5080, stack(0x0ff70000,0x0fff0000)]
  0x0dff5400 JavaThread "TimerQueue" daemon [_thread_blocked, id=5216, stack(0x0f970000,0x0f9f0000)]
  0x0dff5000 JavaThread "Thread-3" daemon [_thread_blocked, id=3780, stack(0x0f580000,0x0f600000)]
  0x0dff4800 JavaThread "AWT-EventQueue-0" [_thread_blocked, id=3304, stack(0x0f500000,0x0f580000)]
  0x0dff4400 JavaThread "AWT-Shutdown" [_thread_blocked, id=4764, stack(0x06540000,0x065c0000)]
  0x0dff3c00 JavaThread "FelixPackageAdmin" daemon [_thread_blocked, id=3548, stack(0x0f8f0000,0x0f970000)]
  0x0dff3400 JavaThread "FelixStartLevel" daemon [_thread_blocked, id=5204, stack(0x0f830000,0x0f8b0000)]
  0x0dec9c00 JavaThread "FelixDispatchQueue" daemon [_thread_blocked, id=3912, stack(0x0f600000,0x0f680000)]
  0x0d299000 JavaThread "com.google.common.base.internal.Finalizer" daemon [_thread_blocked, id=3440, stack(0x0dbe0000,0x0dc60000)]
  0x0d243000 JavaThread "AWT-Windows" daemon [_thread_in_native, id=4132, stack(0x0dae0000,0x0db60000)]
  0x0d22f400 JavaThread "Java2D Disposer" daemon [_thread_blocked, id=3492, stack(0x064c0000,0x06540000)]
  0x08e78400 JavaThread "Timer-0" [_thread_blocked, id=676, stack(0x05b70000,0x05bf0000)]
  0x0cf6fc00 JavaThread "EventMgr Dispatcher" daemon [_thread_in_native, id=3952, stack(0x0d2e0000,0x0dae0000)]
  0x08fc1400 JavaThread "Service Thread" daemon [_thread_blocked, id=5808, stack(0x05ab0000,0x05b30000)]
  0x08fbcc00 JavaThread "C1 CompilerThread0" daemon [_thread_blocked, id=4820, stack(0x0bae0000,0x0c2e0000)]
  0x08fb9800 JavaThread "Attach Listener" daemon [_thread_blocked, id=3692, stack(0x05a30000,0x05ab0000)]
  0x08f90000 JavaThread "Finalizer" daemon [_thread_blocked, id=3684, stack(0x04d40000,0x04dc0000)]
  0x08f89400 JavaThread "Reference Handler" daemon [_thread_blocked, id=3048, stack(0x04cc0000,0x04d40000)]
  0x05a05000 JavaThread "main" [_thread_in_native, id=2760, stack(0x00430000,0x00c30000)]

Other Threads:
  0x08f88400 VMThread [stack: 0x0b2e0000,0x0bae0000] [id=4108]
  0x08fd9800 WatcherThread [stack: 0x0c2e0000,0x0cae0000] [id=4164]

VM state:not at safepoint (normal execution)

VM Mutex/Monitor currently owned by a thread: None

Heap
 def new generation   total 24832K, used 14745K [0x102e0000, 0x11dd0000, 0x1dce0000)
  eden space 22080K,  60% used [0x102e0000, 0x10ff01b8, 0x11870000)
  from space 2752K,  49% used [0x11b20000, 0x11c763d0, 0x11dd0000)
  to   space 2752K,   0% used [0x11870000, 0x11870000, 0x11b20000)
 tenured generation   total 82552K, used 57630K [0x1dce0000, 0x22d7e000, 0x46ae0000)
   the space 82552K,  69% used [0x1dce0000, 0x21527bc0, 0x21527c00, 0x22d7e000)
 compacting perm gen  total 40192K, used 40127K [0x46ae0000, 0x49220000, 0x4cae0000)
   the space 40192K,  99% used [0x46ae0000, 0x4920fe08, 0x49210000, 0x49220000)
No shared spaces configured.

Card table byte_map: [0x0b0f0000,0x0b2e0000] byte_map_base: 0x0b06e900

Polling page: 0x045e0000

Code Cache  [0x090f0000, 0x09a90000, 0x0b0f0000)
 total_blobs=5858 nmethods=5541 adapters=248 free_code_cache=22937Kb largest_free_block=23482048

Compilation events (10 events):
Event: 2398.871 Thread 0x08fbcc00 5618             com.mathworks.widgets.messagepanel.AbstractMessageModel::getMessageAt (11 bytes)
Event: 2398.871 Thread 0x08fbcc00 nmethod 5618 0x09a86888 code [0x09a86990, 0x09a86a2c]
Event: 2408.026 Thread 0x08fbcc00 5619             java.util.Collections$UnmodifiableMap::entrySet (32 bytes)
Event: 2408.026 Thread 0x08fbcc00 nmethod 5619 0x09a86a88 code [0x09a86ba0, 0x09a86d28]
Event: 2429.607 Thread 0x08fbcc00 5620   !         org.netbeans.editor.CodeFoldingSideBar::collectPaintInfos (868 bytes)
Event: 2429.612 Thread 0x08fbcc00 nmethod 5620 0x09a86e48 code [0x09a87210, 0x09a88408]
Event: 2429.657 Thread 0x08fbcc00 5621             org.netbeans.editor.DocumentUtilities::getGapStart (28 bytes)
Event: 2429.657 Thread 0x08fbcc00 nmethod 5621 0x09a8a388 code [0x09a8a4d0, 0x09a8a6b8]
Event: 2444.063 Thread 0x08fbcc00 5622             javax.swing.JScrollBar::setEnabled (45 bytes)
Event: 2444.064 Thread 0x08fbcc00 nmethod 5622 0x09a8a8c8 code [0x09a8aa40, 0x09a8acd0]

GC Heap History (10 events):
Event: 2369.031 GC heap before
{Heap before GC invocations=269 (full 2):
 def new generation   total 24832K, used 22774K [0x102e0000, 0x11dd0000, 0x1dce0000)
  eden space 22080K, 100% used [0x102e0000, 0x11870000, 0x11870000)
  from space 2752K,  25% used [0x11870000, 0x1191dba8, 0x11b20000)
  to   space 2752K,   0% used [0x11b20000, 0x11b20000, 0x11dd0000)
 tenured generation   total 82552K, used 57499K [0x1dce0000, 0x22d7e000, 0x46ae0000)
   the space 82552K,  69% used [0x1dce0000, 0x21506c50, 0x21506e00, 0x22d7e000)
 compacting perm gen  total 40192K, used 39995K [0x46ae0000, 0x49220000, 0x4cae0000)
   the space 40192K,  99% used [0x46ae0000, 0x491eeeb8, 0x491ef000, 0x49220000)
No shared spaces configured.
Event: 2369.037 GC heap after
Heap after GC invocations=270 (full 2):
 def new generation   total 24832K, used 504K [0x102e0000, 0x11dd0000, 0x1dce0000)
  eden space 22080K,   0% used [0x102e0000, 0x102e0000, 0x11870000)
  from space 2752K,  18% used [0x11b20000, 0x11b9e268, 0x11dd0000)
  to   space 2752K,   0% used [0x11870000, 0x11870000, 0x11b20000)
 tenured generation   total 82552K, used 57624K [0x1dce0000, 0x22d7e000, 0x46ae0000)
   the space 82552K,  69% used [0x1dce0000, 0x215261a0, 0x21526200, 0x22d7e000)
 compacting perm gen  total 40192K, used 39995K [0x46ae0000, 0x49220000, 0x4cae0000)
   the space 40192K,  99% used [0x46ae0000, 0x491eeeb8, 0x491ef000, 0x49220000)
No shared spaces configured.
}
Event: 2397.446 GC heap before
{Heap before GC invocations=270 (full 2):
 def new generation   total 24832K, used 22584K [0x102e0000, 0x11dd0000, 0x1dce0000)
  eden space 22080K, 100% used [0x102e0000, 0x11870000, 0x11870000)
  from space 2752K,  18% used [0x11b20000, 0x11b9e268, 0x11dd0000)
  to   space 2752K,   0% used [0x11870000, 0x11870000, 0x11b20000)
 tenured generation   total 82552K, used 57624K [0x1dce0000, 0x22d7e000, 0x46ae0000)
   the space 82552K,  69% used [0x1dce0000, 0x215261a0, 0x21526200, 0x22d7e000)
 compacting perm gen  total 40192K, used 39995K [0x46ae0000, 0x49220000, 0x4cae0000)
   the space 40192K,  99% used [0x46ae0000, 0x491eeeb8, 0x491ef000, 0x49220000)
No shared spaces configured.
Event: 2397.452 GC heap after
Heap after GC invocations=271 (full 2):
 def new generation   total 24832K, used 597K [0x102e0000, 0x11dd0000, 0x1dce0000)
  eden space 22080K,   0% used [0x102e0000, 0x102e0000, 0x11870000)
  from space 2752K,  21% used [0x11870000, 0x11905400, 0x11b20000)
  to   space 2752K,   0% used [0x11b20000, 0x11b20000, 0x11dd0000)
 tenured generation   total 82552K, used 57625K [0x1dce0000, 0x22d7e000, 0x46ae0000)
   the space 82552K,  69% used [0x1dce0000, 0x215267e8, 0x21526800, 0x22d7e000)
 compacting perm gen  total 40192K, used 39995K [0x46ae0000, 0x49220000, 0x4cae0000)
   the space 40192K,  99% used [0x46ae0000, 0x491eeeb8, 0x491ef000, 0x49220000)
No shared spaces configured.
}
Event: 2424.239 GC heap before
{Heap before GC invocations=271 (full 2):
 def new generation   total 24832K, used 22677K [0x102e0000, 0x11dd0000, 0x1dce0000)
  eden space 22080K, 100% used [0x102e0000, 0x11870000, 0x11870000)
  from space 2752K,  21% used [0x11870000, 0x11905400, 0x11b20000)
  to   space 2752K,   0% used [0x11b20000, 0x11b20000, 0x11dd0000)
 tenured generation   total 82552K, used 57625K [0x1dce0000, 0x22d7e000, 0x46ae0000)
   the space 82552K,  69% used [0x1dce0000, 0x215267e8, 0x21526800, 0x22d7e000)
 compacting perm gen  total 40192K, used 39995K [0x46ae0000, 0x49220000, 0x4cae0000)
   the space 40192K,  99% used [0x46ae0000, 0x491eeec8, 0x491ef000, 0x49220000)
No shared spaces configured.
Event: 2424.245 GC heap after
Heap after GC invocations=272 (full 2):
 def new generation   total 24832K, used 499K [0x102e0000, 0x11dd0000, 0x1dce0000)
  eden space 22080K,   0% used [0x102e0000, 0x102e0000, 0x11870000)
  from space 2752K,  18% used [0x11b20000, 0x11b9cc00, 0x11dd0000)
  to   space 2752K,   0% used [0x11870000, 0x11870000, 0x11b20000)
 tenured generation   total 82552K, used 57630K [0x1dce0000, 0x22d7e000, 0x46ae0000)
   the space 82552K,  69% used [0x1dce0000, 0x21527bc0, 0x21527c00, 0x22d7e000)
 compacting perm gen  total 40192K, used 39995K [0x46ae0000, 0x49220000, 0x4cae0000)
   the space 40192K,  99% used [0x46ae0000, 0x491eeec8, 0x491ef000, 0x49220000)
No shared spaces configured.
}
Event: 2441.939 GC heap before
{Heap before GC invocations=272 (full 2):
 def new generation   total 24832K, used 22579K [0x102e0000, 0x11dd0000, 0x1dce0000)
  eden space 22080K, 100% used [0x102e0000, 0x11870000, 0x11870000)
  from space 2752K,  18% used [0x11b20000, 0x11b9cc00, 0x11dd0000)
  to   space 2752K,   0% used [0x11870000, 0x11870000, 0x11b20000)
 tenured generation   total 82552K, used 57630K [0x1dce0000, 0x22d7e000, 0x46ae0000)
   the space 82552K,  69% used [0x1dce0000, 0x21527bc0, 0x21527c00, 0x22d7e000)
 compacting perm gen  total 40192K, used 40050K [0x46ae0000, 0x49220000, 0x4cae0000)
   the space 40192K,  99% used [0x46ae0000, 0x491fca80, 0x491fcc00, 0x49220000)
No shared spaces configured.
Event: 2441.942 GC heap after
Heap after GC invocations=273 (full 2):
 def new generation   total 24832K, used 1350K [0x102e0000, 0x11dd0000, 0x1dce0000)
  eden space 22080K,   0% used [0x102e0000, 0x102e0000, 0x11870000)
  from space 2752K,  49% used [0x11870000, 0x119c1b20, 0x11b20000)
  to   space 2752K,   0% used [0x11b20000, 0x11b20000, 0x11dd0000)
 tenured generation   total 82552K, used 57630K [0x1dce0000, 0x22d7e000, 0x46ae0000)
   the space 82552K,  69% used [0x1dce0000, 0x21527bc0, 0x21527c00, 0x22d7e000)
 compacting perm gen  total 40192K, used 40050K [0x46ae0000, 0x49220000, 0x4cae0000)
   the space 40192K,  99% used [0x46ae0000, 0x491fca80, 0x491fcc00, 0x49220000)
No shared spaces configured.
}
Event: 2443.998 GC heap before
{Heap before GC invocations=273 (full 2):
 def new generation   total 24832K, used 23430K [0x102e0000, 0x11dd0000, 0x1dce0000)
  eden space 22080K, 100% used [0x102e0000, 0x11870000, 0x11870000)
  from space 2752K,  49% used [0x11870000, 0x119c1b20, 0x11b20000)
  to   space 2752K,   0% used [0x11b20000, 0x11b20000, 0x11dd0000)
 tenured generation   total 82552K, used 57630K [0x1dce0000, 0x22d7e000, 0x46ae0000)
   the space 82552K,  69% used [0x1dce0000, 0x21527bc0, 0x21527c00, 0x22d7e000)
 compacting perm gen  total 40192K, used 40127K [0x46ae0000, 0x49220000, 0x4cae0000)
   the space 40192K,  99% used [0x46ae0000, 0x4920fe08, 0x49210000, 0x49220000)
No shared spaces configured.
Event: 2444.002 GC heap after
Heap after GC invocations=274 (full 2):
 def new generation   total 24832K, used 1368K [0x102e0000, 0x11dd0000, 0x1dce0000)
  eden space 22080K,   0% used [0x102e0000, 0x102e0000, 0x11870000)
  from space 2752K,  49% used [0x11b20000, 0x11c763d0, 0x11dd0000)
  to   space 2752K,   0% used [0x11870000, 0x11870000, 0x11b20000)
 tenured generation   total 82552K, used 57630K [0x1dce0000, 0x22d7e000, 0x46ae0000)
   the space 82552K,  69% used [0x1dce0000, 0x21527bc0, 0x21527c00, 0x22d7e000)
 compacting perm gen  total 40192K, used 40127K [0x46ae0000, 0x49220000, 0x4cae0000)
   the space 40192K,  99% used [0x46ae0000, 0x4920fe08, 0x49210000, 0x49220000)
No shared spaces configured.
}

Deoptimization events (0 events):
No events

Internal exceptions (10 events):
Event: 2444.074 Thread 0x05a05000 Threw 0x10ae0d20 at C:\jdk7u1_32P\jdk7u11\hotspot\src\share\vm\prims\jvm.cpp:1166
Event: 2444.074 Thread 0x05a05000 Threw 0x10ae1100 at C:\jdk7u1_32P\jdk7u11\hotspot\src\share\vm\prims\jvm.cpp:1166
Event: 2444.074 Thread 0x05a05000 Threw 0x10aef280 at C:\jdk7u1_32P\jdk7u11\hotspot\src\share\vm\prims\jvm.cpp:1166
Event: 2444.091 Thread 0x05a05000 Threw 0x10af3778 at C:\jdk7u1_32P\jdk7u11\hotspot\src\share\vm\prims\jvm.cpp:1166
Event: 2444.091 Thread 0x05a05000 Threw 0x10afe230 at C:\jdk7u1_32P\jdk7u11\hotspot\src\share\vm\prims\jvm.cpp:1166
Event: 2444.091 Thread 0x05a05000 Threw 0x10afe4e0 at C:\jdk7u1_32P\jdk7u11\hotspot\src\share\vm\prims\jvm.cpp:1166
Event: 2444.091 Thread 0x05a05000 Threw 0x10b24208 at C:\jdk7u1_32P\jdk7u11\hotspot\src\share\vm\prims\jvm.cpp:1166
Event: 2444.091 Thread 0x05a05000 Threw 0x10b245d0 at C:\jdk7u1_32P\jdk7u11\hotspot\src\share\vm\prims\jvm.cpp:1166
Event: 2444.091 Thread 0x05a05000 Threw 0x10b2f088 at C:\jdk7u1_32P\jdk7u11\hotspot\src\share\vm\prims\jvm.cpp:1166
Event: 2444.825 Thread 0x55f68400 Threw 0x10feeb38 at C:\jdk7u1_32P\jdk7u11\hotspot\src\share\vm\prims\jni.cpp:1597

Events (10 events):
Event: 2444.091 loading class 0x08cf0ff0 done
Event: 2444.091 loading class 0x08cf0ff0
Event: 2444.091 loading class 0x08cf0ff0 done
Event: 2444.091 loading class 0x08cf0ff0
Event: 2444.091 loading class 0x08cf0ff0 done
Event: 2444.092 Executing VM operation: RevokeBias
Event: 2444.093 Executing VM operation: RevokeBias done
Event: 2444.094 Executing VM operation: RevokeBias
Event: 2444.094 Executing VM operation: RevokeBias done
Event: 2444.176 Thread 0x0dff6000 Thread exited: 0x0dff6000


Dynamic libraries:
0x00400000 - 0x00426000 	d:\Program Files\MATLAB\R2013b\bin\win32\matlab.exe
0x77110000 - 0x7724c000 	C:\Windows\SYSTEM32\ntdll.dll
0x76a20000 - 0x76af4000 	C:\Windows\system32\kernel32.dll
0x75130000 - 0x7517b000 	C:\Windows\system32\KERNELBASE.dll
0x10000000 - 0x102db000 	d:\Program Files\MATLAB\R2013b\bin\win32\libmwservices.dll
0x7dec0000 - 0x7df65000 	d:\Program Files\MATLAB\R2013b\bin\win32\libmwi18n.dll
0x7deb0000 - 0x7debb000 	d:\Program Files\MATLAB\R2013b\bin\win32\libmwresource_core.dll
0x6f3f0000 - 0x6f459000 	d:\Program Files\MATLAB\R2013b\bin\win32\MSVCP100.dll
0x66aa0000 - 0x66b5f000 	d:\Program Files\MATLAB\R2013b\bin\win32\MSVCR100.dll
0x73700000 - 0x7370c000 	d:\Program Files\MATLAB\R2013b\bin\win32\boost_date_time-vc100-mt-1_49.dll
0x71490000 - 0x714b5000 	d:\Program Files\MATLAB\R2013b\bin\win32\boost_filesystem-vc100-mt-1_49.dll
0x73850000 - 0x73857000 	d:\Program Files\MATLAB\R2013b\bin\win32\boost_system-vc100-mt-1_49.dll
0x758f0000 - 0x75990000 	C:\Windows\system32\ADVAPI32.dll
0x765e0000 - 0x7668c000 	C:\Windows\system32\msvcrt.dll
0x77270000 - 0x77289000 	C:\Windows\SYSTEM32\sechost.dll
0x76780000 - 0x76822000 	C:\Windows\system32\RPCRT4.dll
0x71fd0000 - 0x71ff1000 	d:\Program Files\MATLAB\R2013b\bin\win32\LIBEXPAT.dll
0x7dce0000 - 0x7de29000 	d:\Program Files\MATLAB\R2013b\bin\win32\icuin49.dll
0x7dbd0000 - 0x7dcd7000 	d:\Program Files\MATLAB\R2013b\bin\win32\icuuc49.dll
0x62160000 - 0x63282000 	d:\Program Files\MATLAB\R2013b\bin\win32\icudt49.dll
0x7dbc0000 - 0x7dbcd000 	d:\Program Files\MATLAB\R2013b\bin\win32\icuio49.dll
0x00100000 - 0x00195000 	d:\Program Files\MATLAB\R2013b\bin\win32\libut.dll
0x7da60000 - 0x7dbb7000 	d:\Program Files\MATLAB\R2013b\bin\win32\libmwfl.dll
0x00c30000 - 0x00f75000 	d:\Program Files\MATLAB\R2013b\bin\win32\libmwMATLAB_res.dll
0x68b30000 - 0x68be4000 	d:\Program Files\MATLAB\R2013b\bin\win32\boost_regex-vc100-mt-1_49.dll
0x76ea0000 - 0x76f69000 	C:\Windows\system32\USER32.dll
0x77290000 - 0x772de000 	C:\Windows\system32\GDI32.dll
0x772f0000 - 0x772fa000 	C:\Windows\system32\LPK.dll
0x76980000 - 0x76a1d000 	C:\Windows\system32\USP10.dll
0x71600000 - 0x7160e000 	d:\Program Files\MATLAB\R2013b\bin\win32\boost_signals-vc100-mt-1_49.dll
0x71aa0000 - 0x71aae000 	d:\Program Files\MATLAB\R2013b\bin\win32\boost_thread-vc100-mt-1_49.dll
0x71160000 - 0x711d4000 	d:\Program Files\MATLAB\R2013b\bin\win32\boost_log-vc100-mt-1_49.dll
0x77260000 - 0x77265000 	C:\Windows\system32\PSAPI.DLL
0x77300000 - 0x77335000 	C:\Windows\system32\WS2_32.dll
0x772e0000 - 0x772e6000 	C:\Windows\system32\NSI.dll
0x6ecd0000 - 0x6ecf8000 	d:\Program Files\MATLAB\R2013b\bin\win32\tbb.dll
0x75530000 - 0x7555b000 	C:\Windows\system32\imagehlp.dll
0x73390000 - 0x733b5000 	C:\Windows\system32\POWRPROF.dll
0x76f70000 - 0x7710d000 	C:\Windows\system32\SETUPAPI.dll
0x751a0000 - 0x751c7000 	C:\Windows\system32\CFGMGR32.dll
0x766f0000 - 0x7677f000 	C:\Windows\system32\OLEAUT32.dll
0x75790000 - 0x758ec000 	C:\Windows\system32\ole32.dll
0x75410000 - 0x75422000 	C:\Windows\system32\DEVOBJ.dll
0x7d250000 - 0x7d317000 	d:\Program Files\MATLAB\R2013b\bin\win32\libmx.dll
0x6f3d0000 - 0x6f3e8000 	d:\Program Files\MATLAB\R2013b\bin\win32\tbbmalloc.dll
0x71470000 - 0x71484000 	d:\Program Files\MATLAB\R2013b\bin\win32\zlib1.dll
0x7d1f0000 - 0x7d22e000 	d:\Program Files\MATLAB\R2013b\bin\win32\libmwregexp.dll
0x7d1b0000 - 0x7d1e8000 	d:\Program Files\MATLAB\R2013b\bin\win32\mpath.dll
0x00f80000 - 0x014ce000 	d:\Program Files\MATLAB\R2013b\bin\win32\mlutil.dll
0x7cc50000 - 0x7ccb2000 	d:\Program Files\MATLAB\R2013b\bin\win32\xmlcore.dll
0x64200000 - 0x643c0000 	d:\Program Files\MATLAB\R2013b\bin\win32\xerces-c_2_7.dll
0x7ca70000 - 0x7ca91000 	d:\Program Files\MATLAB\R2013b\bin\win32\libmwMATLAB_settings_res.dll
0x715c0000 - 0x715cd000 	d:\Program Files\MATLAB\R2013b\bin\win32\boost_iostreams-vc100-mt-1_49.dll
0x6d4d0000 - 0x6d50e000 	d:\Program Files\MATLAB\R2013b\bin\win32\boost_serialization-vc100-mt-1_49.dll
0x75990000 - 0x765db000 	C:\Windows\system32\SHELL32.dll
0x754d0000 - 0x75527000 	C:\Windows\system32\SHLWAPI.dll
0x7ca10000 - 0x7ca15000 	d:\Program Files\MATLAB\R2013b\bin\win32\libmwnativedisplay.dll
0x6ffb0000 - 0x6ffed000 	d:\Program Files\MATLAB\R2013b\bin\win32\opccore.dll
0x6fee0000 - 0x6ff8e000 	d:\Program Files\MATLAB\R2013b\bin\win32\opcmodel.dll
0x6feb0000 - 0x6fed3000 	d:\Program Files\MATLAB\R2013b\bin\win32\opczippackage.dll
0x715f0000 - 0x715fd000 	d:\Program Files\MATLAB\R2013b\bin\win32\libminizip.dll
0x6fd70000 - 0x6fdc1000 	d:\Program Files\MATLAB\R2013b\bin\win32\opcmwservices.dll
0x6e8e0000 - 0x6e964000 	C:\Windows\WinSxS\x86_microsoft.windows.common-controls_6595b64144ccf1df_5.82.7601.18201_none_ec80f00e8593ece5\COMCTL32.dll
0x75450000 - 0x754cb000 	C:\Windows\system32\COMDLG32.dll
0x737c0000 - 0x737d1000 	C:\Windows\system32\NETAPI32.dll
0x737b0000 - 0x737b9000 	C:\Windows\system32\netutils.dll
0x74d20000 - 0x74d39000 	C:\Windows\system32\srvcli.dll
0x737a0000 - 0x737af000 	C:\Windows\system32\wkscli.dll
0x7c980000 - 0x7ca0a000 	d:\Program Files\MATLAB\R2013b\bin\win32\mcr.dll
0x014d0000 - 0x01868000 	d:\Program Files\MATLAB\R2013b\bin\win32\iqm.dll
0x002d0000 - 0x0035d000 	d:\Program Files\MATLAB\R2013b\bin\win32\m_dispatcher.dll
0x01870000 - 0x01db6000 	d:\Program Files\MATLAB\R2013b\bin\win32\m_interpreter.dll
0x7bef0000 - 0x7bf0c000 	d:\Program Files\MATLAB\R2013b\bin\win32\libmex.dll
0x7be90000 - 0x7bef0000 	d:\Program Files\MATLAB\R2013b\bin\win32\profiler.dll
0x7bc20000 - 0x7bd6e000 	d:\Program Files\MATLAB\R2013b\bin\win32\libmwmathutil.dll
0x00360000 - 0x00381000 	d:\Program Files\MATLAB\R2013b\bin\win32\libmwmathrng.dll
0x7bbf0000 - 0x7bbfe000 	d:\Program Files\MATLAB\R2013b\bin\win32\libmwmfl_rng.dll
0x01dc0000 - 0x01e8f000 	d:\Program Files\MATLAB\R2013b\bin\win32\libmwmathcore.dll
0x7baf0000 - 0x7bb38000 	d:\Program Files\MATLAB\R2013b\bin\win32\libmwspmatrix.dll
0x01e90000 - 0x02048000 	d:\Program Files\MATLAB\R2013b\bin\win32\mcos.dll
0x7b8b0000 - 0x7b8fa000 	d:\Program Files\MATLAB\R2013b\bin\win32\libmwcholmod.dll
0x7b8a0000 - 0x7b8a9000 	d:\Program Files\MATLAB\R2013b\bin\win32\libmwamd.dll
0x7b890000 - 0x7b899000 	d:\Program Files\MATLAB\R2013b\bin\win32\libmwcolamd.dll
0x7b880000 - 0x7b88b000 	d:\Program Files\MATLAB\R2013b\bin\win32\libmwblas.dll
0x7b860000 - 0x7b871000 	d:\Program Files\MATLAB\R2013b\bin\win32\libmwbinder.dll
0x7b850000 - 0x7b859000 	d:\Program Files\MATLAB\R2013b\bin\win32\libmwompwrapper.dll
0x7b810000 - 0x7b844000 	d:\Program Files\MATLAB\R2013b\bin\win32\libmwlapack.dll
0x7b7f0000 - 0x7b807000 	d:\Program Files\MATLAB\R2013b\bin\win32\m_pcodeio.dll
0x7b7a0000 - 0x7b7e9000 	d:\Program Files\MATLAB\R2013b\bin\win32\m_ir.dll
0x02050000 - 0x025ec000 	d:\Program Files\MATLAB\R2013b\bin\win32\m_parser.dll
0x7b1f0000 - 0x7b201000 	d:\Program Files\MATLAB\R2013b\bin\win32\ir_xfmr.dll
0x7b1e0000 - 0x7b1ee000 	d:\Program Files\MATLAB\R2013b\bin\win32\mtok.dll
0x7b1b0000 - 0x7b1d1000 	d:\Program Files\MATLAB\R2013b\bin\win32\m_pcodegen.dll
0x7b180000 - 0x7b1a7000 	d:\Program Files\MATLAB\R2013b\bin\win32\libmwbridge.dll
0x7b0e0000 - 0x7b171000 	d:\Program Files\MATLAB\R2013b\bin\win32\udd.dll
0x7afc0000 - 0x7b0da000 	d:\Program Files\MATLAB\R2013b\bin\win32\libmwgui.dll
0x7afa0000 - 0x7afc0000 	d:\Program Files\MATLAB\R2013b\bin\win32\graphics_util.dll
0x65de0000 - 0x65e92000 	d:\Program Files\MATLAB\R2013b\bin\win32\libtex_base.dll
0x7a790000 - 0x7aef3000 	d:\Program Files\MATLAB\R2013b\bin\win32\hg.dll
0x7a740000 - 0x7a789000 	d:\Program Files\MATLAB\R2013b\bin\win32\libmat.dll
0x025f0000 - 0x027d9000 	d:\Program Files\MATLAB\R2013b\bin\win32\hdf5dll.dll
0x7a4a0000 - 0x7a547000 	d:\Program Files\MATLAB\R2013b\bin\win32\jmi.dll
0x7a490000 - 0x7a49c000 	d:\Program Files\MATLAB\R2013b\bin\win32\nativejava_services.dll
0x7a450000 - 0x7a484000 	d:\Program Files\MATLAB\R2013b\bin\win32\libmwhardcopy.dll
0x7a400000 - 0x7a448000 	d:\Program Files\MATLAB\R2013b\bin\win32\libuij.dll
0x7a220000 - 0x7a3c4000 	d:\Program Files\MATLAB\R2013b\bin\win32\hgdatatypes.dll
0x027e0000 - 0x028bd000 	d:\Program Files\MATLAB\R2013b\bin\win32\hgutils.dll
0x7a0d0000 - 0x7a159000 	d:\Program Files\MATLAB\R2013b\bin\win32\udd_mi.dll
0x7a0a0000 - 0x7a0cd000 	d:\Program Files\MATLAB\R2013b\bin\win32\libmwgbtutils.dll
0x7a090000 - 0x7a0a0000 	d:\Program Files\MATLAB\R2013b\bin\win32\libmwgbt.dll
0x028c0000 - 0x02b67000 	d:\Program Files\MATLAB\R2013b\bin\win32\uiw.dll
0x79dd0000 - 0x79dd8000 	d:\Program Files\MATLAB\R2013b\bin\win32\uinone.dll
0x00390000 - 0x003b3000 	d:\Program Files\MATLAB\R2013b\bin\win32\libmwnativedialogs.dll
0x79da0000 - 0x79da9000 	d:\Program Files\MATLAB\R2013b\bin\win32\libmwplatform_res.dll
0x6e070000 - 0x6e082000 	C:\Windows\system32\MPR.dll
0x63dc0000 - 0x641f8000 	d:\Program Files\MATLAB\R2013b\bin\win32\mfc100.dll
0x70600000 - 0x70605000 	C:\Windows\system32\MSIMG32.dll
0x706d0000 - 0x70721000 	C:\Windows\system32\WINSPOOL.DRV
0x79d80000 - 0x79d96000 	d:\Program Files\MATLAB\R2013b\bin\win32\mwoles05.DLL
0x79d20000 - 0x79d73000 	d:\Program Files\MATLAB\R2013b\bin\win32\comcli.dll
0x6d400000 - 0x6d426000 	d:\Program Files\MATLAB\R2013b\bin\win32\ATL100.DLL
0x79d10000 - 0x79d1a000 	d:\Program Files\MATLAB\R2013b\bin\win32\mlautoregister.dll
0x02b70000 - 0x02cc5000 	d:\Program Files\MATLAB\R2013b\bin\win32\mvm.dll
0x75430000 - 0x7544f000 	C:\Windows\system32\IMM32.DLL
0x76dd0000 - 0x76e9c000 	C:\Windows\system32\MSCTF.dll
0x73d70000 - 0x73db0000 	C:\Windows\system32\UxTheme.dll
0x73a40000 - 0x73a53000 	C:\Windows\system32\dwmapi.dll
0x710d0000 - 0x710dd000 	d:\Program Files\MATLAB\R2013b\bin\win32\MFC100ENU.DLL

VM Arguments:
jvm_args: -Xss512k -XX:PermSize=32m -Xms64m -XX:NewRatio=3 -XX:MaxPermSize=96m -Xmx871m -XX:MaxDirectMemorySize=1200000000 -Dsun.java2d.noddraw=true -Dsun.awt.nopixfmt=true -Xshare:off -Xrs -XX:-UseSplitVerifier -Djava.library.path=d:\Program Files\MATLAB\R2013b\bin\win32;d:\Program Files\MATLAB\R2013b\sys\jxbrowser\win32\lib vfprintf abort -Duser.language=en -Duser.country=US 
java_command: <unknown>
Launcher Type: generic

Environment Variables:
CLASSPATH=C:\Program Files\Weka-3-6\weka-spectral-clusterer.jar;C:\Program Files\Weka-3-6\colt.jar;C:\Program Files\Java\jdk1.8.0\bin\
PATH=C:\Program Files\Intel\iCLS Client\;C:\Windows\system32;C:\Windows;C:\Windows\System32\Wbem;C:\Windows\System32\WindowsPowerShell\v1.0\;C:\Program Files\Intel\OpenCL SDK\2.0\bin\x86;C:\Program Files\Intel\Intel(R) Management Engine Components\DAL;C:\Program Files\Intel\Intel(R) Management Engine Components\IPT;C:\Program Files\Java\jdk1.8.0\;d:\Program Files\MATLAB\R2013b\runtime\win32;d:\Program Files\MATLAB\R2013b\bin;d:\Program Files\MATLAB\R2013b\polyspace\bin;C:\Program Files\MiKTeX 2.9\miktex\bin\;C:\Users\MeAb\AppData\Roaming\MiKTeX\2.9\miktex\bin\
USERNAME=MeAb
OS=Windows_NT
PROCESSOR_IDENTIFIER=x86 Family 6 Model 58 Stepping 9, GenuineIntel



---------------  S Y S T E M  ---------------

OS: Windows 7 Build 7601 Service Pack 1

CPU:total 4 (2 cores per cpu, 2 threads per core) family 6 model 58 stepping 9, cmov, cx8, fxsr, mmx, sse, sse2, sse3, ssse3, sse4.1, sse4.2, popcnt, avx, ht, tsc, tscinvbit, tscinv

Memory: 4k page, physical 3570900k(2299796k free), swap 7140052k(5331752k free)

vm_info: Java HotSpot(TM) Client VM (23.6-b04) for windows-x86 JRE (1.7.0_11-b21), built on Jan 12 2013 02:19:22 by "java_re" with unknown MS VC++:1600

time: Fri May 01 22:00:53 2015
elapsed time: 2445 seconds

