#
# A fatal error has been detected by the Java Runtime Environment:
#
#  EXCEPTION_ACCESS_VIOLATION (0xc0000005) at pc=0x5c0e6877, pid=11932, tid=9548
#
# JRE version: 7.0_11-b21
# Java VM: Java HotSpot(TM) Client VM (23.6-b04 mixed mode windows-x86 )
# Problematic frame:
# C  0x5c0e6877  NS_InvokeByIndex_P+0x36351
#
# Failed to write core dump. Minidumps are not enabled by default on client versions of Windows
#
# If you would like to submit a bug report, please visit:
#   http://bugreport.sun.com/bugreport/crash.jsp
# The crash happened outside the Java Virtual Machine in native code.
# See problematic frame for where to report the bug.
#

---------------  T H R E A D  ---------------

Current thread (0x57812000):  JavaThread "XPCOM" daemon [_thread_in_native, id=9548, stack(0x08120000,0x081a0000)]

siginfo: ExceptionCode=0xc0000005, reading address 0x00000000

Registers:
EAX=0x00000000, EBX=0x00000000, ECX=0x60a372c4, EDX=0x00000008
ESP=0x0819d120, EBP=0x0819d168, ESI=0x60a37280, EDI=0x65471006
EIP=0x5c0e6877, EFLAGS=0x00010246

Top of Stack: (sp=0x0819d120)
0x0819d120:   65471006 60a37280 00000000 5c3ce41c
0x0819d130:   0819d12d 5c4ad15c 5e3f33e0 00000000
0x0819d140:   80070008 00000100 00000094 00000006
0x0819d150:   00000001 00001db1 00000002 76726553
0x0819d160:   20656369 6b636150 00003120 5c3a574c
0x0819d170:   00000026 00000001 5d2380ac 00000000
0x0819d180:   5d2017bc 00000008 58bd0040 65471006
0x0819d190:   60a1aad8 00000000 00000000 00000000 

Instructions: (pc=0x5c0e6877)
0x5c0e6857:   c3 74 5c 8d 4d d4 51 68 48 64 15 5c 53 ff d0 ff
0x5c0e6867:   75 d4 8d 4e 44 89 45 d8 e8 9a 40 c9 ff 8b 45 d4
0x5c0e6877:   8b 08 50 ff 51 08 39 5d d8 7c 24 8b 46 44 8d 7e
0x5c0e6887:   48 8b 0f 89 45 d8 89 1f 3b cb 74 09 8b 01 51 ff 


Register to memory mapping:

EAX=0x00000000 is an unknown value
EBX=0x00000000 is an unknown value
ECX=0x60a372c4 is an unknown value
EDX=0x00000008 is an unknown value
ESP=0x0819d120 is pointing into the stack for thread: 0x57812000
EBP=0x0819d168 is pointing into the stack for thread: 0x57812000
ESI=0x60a37280 is an unknown value
EDI=0x65471006 is an unknown value


Stack: [0x08120000,0x081a0000],  sp=0x0819d120,  free space=500k
Native frames: (J=compiled Java code, j=interpreted, Vv=VM code, C=native code)
C  0x5c0e6877  NS_InvokeByIndex_P+0x36351

Java frames: (J=compiled Java code, j=interpreted, Vv=VM code)
j  com.teamdev.jxbrowser.gecko15.xpcom.XPCOMJavaProxy.CallXPCOMMethod(Ljava/lang/Object;Ljava/lang/String;Ljava/lang/String;[Ljava/lang/Object;)Ljava/lang/Object;+0
j  com.teamdev.jxbrowser.gecko15.xpcom.XPCOMJavaProxy.invoke(Ljava/lang/Object;Ljava/lang/reflect/Method;[Ljava/lang/Object;)Ljava/lang/Object;+97
j  $Proxy23.run()V+9
j  com.teamdev.jxbrowser.gecko15.xpcom.AppShellMozillaThread.a()V+20
j  com.teamdev.jxbrowser.gecko15.xpcom.AppShellMozillaThread.a(Lcom/teamdev/jxbrowser/gecko15/xpcom/AppShellMozillaThread;)V+1
j  com.teamdev.jxbrowser.gecko15.xpcom.AppShellMozillaThread$a.run()V+30
j  java.lang.Thread.run()V+11
v  ~StubRoutines::call_stub

---------------  P R O C E S S  ---------------

Java Threads: ( => current thread )
  0x57811c00 JavaThread "com.jniwrapper.NativeResourceCollector" daemon [_thread_blocked, id=10804, stack(0x07f90000,0x08010000)]
=>0x57812000 JavaThread "XPCOM" daemon [_thread_in_native, id=9548, stack(0x08120000,0x081a0000)]
  0x57810000 JavaThread "Browser Thread" daemon [_thread_blocked, id=7468, stack(0x07f00000,0x07f80000)]
  0x57812c00 JavaThread "Foxtrot Single Worker Thread #1" daemon [_thread_blocked, id=9820, stack(0x07c60000,0x07ce0000)]
  0x54232800 JavaThread "Code Analyzer updating thread" [_thread_blocked, id=12052, stack(0x08670000,0x086f0000)]
  0x57810c00 JavaThread "Swing-Shell" daemon [_thread_blocked, id=10992, stack(0x086f0000,0x08770000)]
  0x4d99f400 JavaThread "Code Analyzer updating thread" [_thread_blocked, id=8768, stack(0x07950000,0x079d0000)]
  0x4d99ec00 JavaThread "Code Analyzer updating thread" [_thread_blocked, id=10904, stack(0x0fcb0000,0x0fd30000)]
  0x4d99e000 JavaThread "Prefs Updater" daemon [_thread_blocked, id=10900, stack(0x0ad40000,0x0adc0000)]
  0x4d9a2800 JavaThread "Active Reference Queue Daemon" daemon [_thread_blocked, id=3564, stack(0x55af0000,0x55b70000)]
  0x4d9a2000 JavaThread "Timer-1" daemon [_thread_blocked, id=6500, stack(0x55a70000,0x55af0000)]
  0x4d9a1800 JavaThread "ClipboardMonitor Timer" daemon [_thread_blocked, id=5744, stack(0x559f0000,0x55a70000)]
  0x4d9a0c00 JavaThread "Explorer NavigationContext request queue" daemon [_thread_blocked, id=7324, stack(0x558f0000,0x55970000)]
  0x4d9a0000 JavaThread "AddressBar directory emptiness poller" daemon [_thread_blocked, id=11316, stack(0x553e0000,0x55460000)]
  0x4d99fc00 JavaThread "Explorer Refresh Service 17717452" daemon [_thread_blocked, id=6120, stack(0x54a40000,0x54ac0000)]
  0x4d99dc00 JavaThread "Thread-4" daemon [_thread_blocked, id=10352, stack(0x4d370000,0x4d3f0000)]
  0x4d99d400 JavaThread "TimerQueue" daemon [_thread_blocked, id=10476, stack(0x4fd00000,0x4fd80000)]
  0x4d99d000 JavaThread "Thread-3" daemon [_thread_blocked, id=12088, stack(0x4edd0000,0x4ee50000)]
  0x4d99c800 JavaThread "AWT-EventQueue-0" [_thread_blocked, id=8332, stack(0x4ed50000,0x4edd0000)]
  0x4d99c000 JavaThread "AWT-Shutdown" [_thread_blocked, id=8628, stack(0x4ecd0000,0x4ed50000)]
  0x4d99bc00 JavaThread "FelixPackageAdmin" daemon [_thread_blocked, id=11500, stack(0x4f930000,0x4f9b0000)]
  0x4d99b400 JavaThread "FelixStartLevel" daemon [_thread_blocked, id=9116, stack(0x4f8b0000,0x4f930000)]
  0x4d93d400 JavaThread "FelixDispatchQueue" daemon [_thread_blocked, id=10712, stack(0x4ee50000,0x4eed0000)]
  0x0fc00800 JavaThread "com.google.common.base.internal.Finalizer" daemon [_thread_blocked, id=9784, stack(0x0fd30000,0x0fdb0000)]
  0x0bbd2c00 JavaThread "AWT-Windows" daemon [_thread_in_native, id=10652, stack(0x0adc0000,0x0ae40000)]
  0x0fb92000 JavaThread "Java2D Disposer" daemon [_thread_blocked, id=8980, stack(0x0acc0000,0x0ad40000)]
  0x0f999c00 JavaThread "Timer-0" [_thread_blocked, id=12064, stack(0x09250000,0x092d0000)]
  0x0f963000 JavaThread "EventMgr Dispatcher" daemon [_thread_in_native, id=10364, stack(0x4cae0000,0x4d2e0000)]
  0x0bb64c00 JavaThread "Service Thread" daemon [_thread_blocked, id=5984, stack(0x091d0000,0x09250000)]
  0x0bb63c00 JavaThread "C1 CompilerThread0" daemon [_thread_blocked, id=3416, stack(0x0e4b0000,0x0ecb0000)]
  0x0bb5f000 JavaThread "Attach Listener" daemon [_thread_blocked, id=10932, stack(0x09150000,0x091d0000)]
  0x0bb33c00 JavaThread "Finalizer" daemon [_thread_blocked, id=12176, stack(0x070c0000,0x07140000)]
  0x0bb2f400 JavaThread "Reference Handler" daemon [_thread_blocked, id=5240, stack(0x07040000,0x070c0000)]
  0x0ba19c00 JavaThread "main" [_thread_in_native, id=9980, stack(0x00430000,0x00c30000)]

Other Threads:
  0x0bb2e400 VMThread [stack: 0x0dcb0000,0x0e4b0000] [id=8484]
  0x0bb89400 WatcherThread [stack: 0x0ecb0000,0x0f4b0000] [id=11976]

VM state:not at safepoint (normal execution)

VM Mutex/Monitor currently owned by a thread: None

Heap
 def new generation   total 24768K, used 23604K [0x102e0000, 0x11db0000, 0x1dce0000)
  eden space 22080K,  94% used [0x102e0000, 0x1174d108, 0x11870000)
  from space 2688K, 100% used [0x11870000, 0x11b10000, 0x11b10000)
  to   space 2688K,   0% used [0x11b10000, 0x11b10000, 0x11db0000)
 tenured generation   total 82124K, used 61133K [0x1dce0000, 0x22d13000, 0x46ae0000)
   the space 82124K,  74% used [0x1dce0000, 0x218934e0, 0x21893600, 0x22d13000)
 compacting perm gen  total 37888K, used 37807K [0x46ae0000, 0x48fe0000, 0x4cae0000)
   the space 37888K,  99% used [0x46ae0000, 0x48fcbe18, 0x48fcc000, 0x48fe0000)
No shared spaces configured.

Card table byte_map: [0x06e20000,0x07010000] byte_map_base: 0x06d9e900

Polling page: 0x061a0000

Code Cache  [0x0bcb0000, 0x0c500000, 0x0dcb0000)
 total_blobs=5030 nmethods=4721 adapters=240 free_code_cache=24270Kb largest_free_block=24845248

Compilation events (10 events):
Event: 2378.091 Thread 0x0bb63c00 4806   !         java.lang.ClassLoader::findNative (86 bytes)
Event: 2378.091 Thread 0x0bb63c00 nmethod 4806 0x0c4f2548 code [0x0c4f2680, 0x0c4f2af8]
Event: 2378.141 Thread 0x0bb63c00 4807   !         sun.misc.ProxyGenerator::generateClassFile (649 bytes)
Event: 2378.143 Thread 0x0bb63c00 nmethod 4807 0x0c4f3548 code [0x0c4f3c30, 0x0c4f5714]
Event: 2378.282 Thread 0x0bb63c00 4808             sun.misc.ProxyGenerator$ConstantPool::getNameAndType (30 bytes)
Event: 2378.282 Thread 0x0bb63c00 nmethod 4808 0x0c4f7e48 code [0x0c4f7f80, 0x0c4f817c]
Event: 2378.289 Thread 0x0bb63c00 4809             sun.misc.ProxyGenerator$ProxyMethod::generateMethod (733 bytes)
Event: 2378.296 Thread 0x0bb63c00 nmethod 4809 0x0c4f8348 code [0x0c4f8a10, 0x0c4fabac]
Event: 2378.345 Thread 0x0bb63c00 4810             java.lang.Integer::toHexString (6 bytes)
Event: 2378.345 Thread 0x0bb63c00 nmethod 4810 0x0c4fe248 code [0x0c4fe340, 0x0c4fe3cc]

GC Heap History (10 events):
Event: 2099.324 GC heap before
{Heap before GC invocations=172 (full 1):
 def new generation   total 24768K, used 23395K [0x102e0000, 0x11db0000, 0x1dce0000)
  eden space 22080K, 100% used [0x102e0000, 0x11870000, 0x11870000)
  from space 2688K,  48% used [0x11b10000, 0x11c58c38, 0x11db0000)
  to   space 2688K,   0% used [0x11870000, 0x11870000, 0x11b10000)
 tenured generation   total 82124K, used 60714K [0x1dce0000, 0x22d13000, 0x46ae0000)
   the space 82124K,  73% used [0x1dce0000, 0x2182ab08, 0x2182ac00, 0x22d13000)
 compacting perm gen  total 36864K, used 36686K [0x46ae0000, 0x48ee0000, 0x4cae0000)
   the space 36864K,  99% used [0x46ae0000, 0x48eb3880, 0x48eb3a00, 0x48ee0000)
No shared spaces configured.
Event: 2099.333 GC heap after
Heap after GC invocations=173 (full 1):
 def new generation   total 24768K, used 1318K [0x102e0000, 0x11db0000, 0x1dce0000)
  eden space 22080K,   0% used [0x102e0000, 0x102e0000, 0x11870000)
  from space 2688K,  49% used [0x11870000, 0x119b9958, 0x11b10000)
  to   space 2688K,   0% used [0x11b10000, 0x11b10000, 0x11db0000)
 tenured generation   total 82124K, used 60714K [0x1dce0000, 0x22d13000, 0x46ae0000)
   the space 82124K,  73% used [0x1dce0000, 0x2182ab08, 0x2182ac00, 0x22d13000)
 compacting perm gen  total 36864K, used 36686K [0x46ae0000, 0x48ee0000, 0x4cae0000)
   the space 36864K,  99% used [0x46ae0000, 0x48eb3880, 0x48eb3a00, 0x48ee0000)
No shared spaces configured.
}
Event: 2264.349 GC heap before
{Heap before GC invocations=173 (full 1):
 def new generation   total 24768K, used 23398K [0x102e0000, 0x11db0000, 0x1dce0000)
  eden space 22080K, 100% used [0x102e0000, 0x11870000, 0x11870000)
  from space 2688K,  49% used [0x11870000, 0x119b9958, 0x11b10000)
  to   space 2688K,   0% used [0x11b10000, 0x11b10000, 0x11db0000)
 tenured generation   total 82124K, used 60714K [0x1dce0000, 0x22d13000, 0x46ae0000)
   the space 82124K,  73% used [0x1dce0000, 0x2182ab08, 0x2182ac00, 0x22d13000)
 compacting perm gen  total 36864K, used 36686K [0x46ae0000, 0x48ee0000, 0x4cae0000)
   the space 36864K,  99% used [0x46ae0000, 0x48eb38b0, 0x48eb3a00, 0x48ee0000)
No shared spaces configured.
Event: 2264.357 GC heap after
Heap after GC invocations=174 (full 1):
 def new generation   total 24768K, used 1217K [0x102e0000, 0x11db0000, 0x1dce0000)
  eden space 22080K,   0% used [0x102e0000, 0x102e0000, 0x11870000)
  from space 2688K,  45% used [0x11b10000, 0x11c40410, 0x11db0000)
  to   space 2688K,   0% used [0x11870000, 0x11870000, 0x11b10000)
 tenured generation   total 82124K, used 60759K [0x1dce0000, 0x22d13000, 0x46ae0000)
   the space 82124K,  73% used [0x1dce0000, 0x21835e68, 0x21836000, 0x22d13000)
 compacting perm gen  total 36864K, used 36686K [0x46ae0000, 0x48ee0000, 0x4cae0000)
   the space 36864K,  99% used [0x46ae0000, 0x48eb38b0, 0x48eb3a00, 0x48ee0000)
No shared spaces configured.
}
Event: 2291.478 GC heap before
{Heap before GC invocations=174 (full 1):
 def new generation   total 24768K, used 23297K [0x102e0000, 0x11db0000, 0x1dce0000)
  eden space 22080K, 100% used [0x102e0000, 0x11870000, 0x11870000)
  from space 2688K,  45% used [0x11b10000, 0x11c40410, 0x11db0000)
  to   space 2688K,   0% used [0x11870000, 0x11870000, 0x11b10000)
 tenured generation   total 82124K, used 60759K [0x1dce0000, 0x22d13000, 0x46ae0000)
   the space 82124K,  73% used [0x1dce0000, 0x21835e68, 0x21836000, 0x22d13000)
 compacting perm gen  total 36864K, used 36686K [0x46ae0000, 0x48ee0000, 0x4cae0000)
   the space 36864K,  99% used [0x46ae0000, 0x48eb3910, 0x48eb3a00, 0x48ee0000)
No shared spaces configured.
Event: 2291.486 GC heap after
Heap after GC invocations=175 (full 1):
 def new generation   total 24768K, used 1216K [0x102e0000, 0x11db0000, 0x1dce0000)
  eden space 22080K,   0% used [0x102e0000, 0x102e0000, 0x11870000)
  from space 2688K,  45% used [0x11870000, 0x119a00e0, 0x11b10000)
  to   space 2688K,   0% used [0x11b10000, 0x11b10000, 0x11db0000)
 tenured generation   total 82124K, used 60767K [0x1dce0000, 0x22d13000, 0x46ae0000)
   the space 82124K,  73% used [0x1dce0000, 0x21837c50, 0x21837e00, 0x22d13000)
 compacting perm gen  total 36864K, used 36686K [0x46ae0000, 0x48ee0000, 0x4cae0000)
   the space 36864K,  99% used [0x46ae0000, 0x48eb3910, 0x48eb3a00, 0x48ee0000)
No shared spaces configured.
}
Event: 2369.860 GC heap before
{Heap before GC invocations=175 (full 1):
 def new generation   total 24768K, used 23296K [0x102e0000, 0x11db0000, 0x1dce0000)
  eden space 22080K, 100% used [0x102e0000, 0x11870000, 0x11870000)
  from space 2688K,  45% used [0x11870000, 0x119a00e0, 0x11b10000)
  to   space 2688K,   0% used [0x11b10000, 0x11b10000, 0x11db0000)
 tenured generation   total 82124K, used 60767K [0x1dce0000, 0x22d13000, 0x46ae0000)
   the space 82124K,  73% used [0x1dce0000, 0x21837c50, 0x21837e00, 0x22d13000)
 compacting perm gen  total 36864K, used 36688K [0x46ae0000, 0x48ee0000, 0x4cae0000)
   the space 36864K,  99% used [0x46ae0000, 0x48eb42a0, 0x48eb4400, 0x48ee0000)
No shared spaces configured.
Event: 2369.869 GC heap after
Heap after GC invocations=176 (full 1):
 def new generation   total 24768K, used 1514K [0x102e0000, 0x11db0000, 0x1dce0000)
  eden space 22080K,   0% used [0x102e0000, 0x102e0000, 0x11870000)
  from space 2688K,  56% used [0x11b10000, 0x11c8a860, 0x11db0000)
  to   space 2688K,   0% used [0x11870000, 0x11870000, 0x11b10000)
 tenured generation   total 82124K, used 60770K [0x1dce0000, 0x22d13000, 0x46ae0000)
   the space 82124K,  73% used [0x1dce0000, 0x21838ac0, 0x21838c00, 0x22d13000)
 compacting perm gen  total 36864K, used 36688K [0x46ae0000, 0x48ee0000, 0x4cae0000)
   the space 36864K,  99% used [0x46ae0000, 0x48eb42a0, 0x48eb4400, 0x48ee0000)
No shared spaces configured.
}
Event: 2377.032 GC heap before
{Heap before GC invocations=176 (full 1):
 def new generation   total 24768K, used 23594K [0x102e0000, 0x11db0000, 0x1dce0000)
  eden space 22080K, 100% used [0x102e0000, 0x11870000, 0x11870000)
  from space 2688K,  56% used [0x11b10000, 0x11c8a860, 0x11db0000)
  to   space 2688K,   0% used [0x11870000, 0x11870000, 0x11b10000)
 tenured generation   total 82124K, used 60770K [0x1dce0000, 0x22d13000, 0x46ae0000)
   the space 82124K,  73% used [0x1dce0000, 0x21838ac0, 0x21838c00, 0x22d13000)
 compacting perm gen  total 37120K, used 36966K [0x46ae0000, 0x48f20000, 0x4cae0000)
   the space 37120K,  99% used [0x46ae0000, 0x48ef9b48, 0x48ef9c00, 0x48f20000)
No shared spaces configured.
Event: 2377.041 GC heap after
Heap after GC invocations=177 (full 1):
 def new generation   total 24768K, used 2688K [0x102e0000, 0x11db0000, 0x1dce0000)
  eden space 22080K,   0% used [0x102e0000, 0x102e0000, 0x11870000)
  from space 2688K, 100% used [0x11870000, 0x11b10000, 0x11b10000)
  to   space 2688K,   0% used [0x11b10000, 0x11b10000, 0x11db0000)
 tenured generation   total 82124K, used 61133K [0x1dce0000, 0x22d13000, 0x46ae0000)
   the space 82124K,  74% used [0x1dce0000, 0x218934e0, 0x21893600, 0x22d13000)
 compacting perm gen  total 37120K, used 36966K [0x46ae0000, 0x48f20000, 0x4cae0000)
   the space 37120K,  99% used [0x46ae0000, 0x48ef9b48, 0x48ef9c00, 0x48f20000)
No shared spaces configured.
}

Deoptimization events (0 events):
No events

Internal exceptions (10 events):
Event: 2378.147 Thread 0x57810000 Threw 0x115a34f8 at C:\jdk7u1_32P\jdk7u11\hotspot\src\share\vm\prims\jvm.cpp:1166
Event: 2378.148 Thread 0x57812000 Threw 0x11584c80 at C:\jdk7u1_32P\jdk7u11\hotspot\src\share\vm\prims\jvm.cpp:1166
Event: 2378.148 Thread 0x57812000 Threw 0x115d5bb8 at C:\jdk7u1_32P\jdk7u11\hotspot\src\share\vm\prims\jvm.cpp:1166
Event: 2378.148 Thread 0x57812000 Threw 0x115e9358 at C:\jdk7u1_32P\jdk7u11\hotspot\src\share\vm\prims\jvm.cpp:1166
Event: 2378.277 Thread 0x57812000 Threw 0x11618ac0 at C:\jdk7u1_32P\jdk7u11\hotspot\src\share\vm\prims\jvm.cpp:1166
Event: 2378.279 Thread 0x57812000 Threw 0x116308c8 at C:\jdk7u1_32P\jdk7u11\hotspot\src\share\vm\prims\jvm.cpp:1166
Event: 2378.285 Thread 0x57812000 Threw 0x11677538 at C:\jdk7u1_32P\jdk7u11\hotspot\src\share\vm\prims\jvm.cpp:1166
Event: 2378.286 Thread 0x57812000 Threw 0x11688400 at C:\jdk7u1_32P\jdk7u11\hotspot\src\share\vm\prims\jvm.cpp:1166
Event: 2378.288 Thread 0x57812000 Threw 0x1169f0e8 at C:\jdk7u1_32P\jdk7u11\hotspot\src\share\vm\prims\jvm.cpp:1166
Event: 2378.291 Thread 0x57812000 Threw 0x116c2c78 at C:\jdk7u1_32P\jdk7u11\hotspot\src\share\vm\prims\jvm.cpp:1166

Events (10 events):
Event: 2378.279 loading class 0x57dc0220
Event: 2378.279 loading class 0x57dc0220 done
Event: 2378.285 loading class 0x57a585c8
Event: 2378.285 loading class 0x57a585c8 done
Event: 2378.286 loading class 0x57a58850
Event: 2378.286 loading class 0x57a58850 done
Event: 2378.288 loading class 0x4e2c28e8
Event: 2378.288 loading class 0x4e2c28e8 done
Event: 2378.291 loading class 0x57a58340
Event: 2378.291 loading class 0x57a58340 done


Dynamic libraries:
0x00400000 - 0x00426000 	D:\Program Files\MATLAB\R2013b\bin\win32\MATLAB.exe
0x77200000 - 0x7733c000 	C:\Windows\SYSTEM32\ntdll.dll
0x77350000 - 0x77424000 	C:\Windows\system32\kernel32.dll
0x75550000 - 0x7559a000 	C:\Windows\system32\KERNELBASE.dll
0x10000000 - 0x102db000 	D:\Program Files\MATLAB\R2013b\bin\win32\libmwservices.dll
0x7dec0000 - 0x7df65000 	D:\Program Files\MATLAB\R2013b\bin\win32\libmwi18n.dll
0x7deb0000 - 0x7debb000 	D:\Program Files\MATLAB\R2013b\bin\win32\libmwresource_core.dll
0x000d0000 - 0x00139000 	D:\Program Files\MATLAB\R2013b\bin\win32\MSVCP100.dll
0x002f0000 - 0x003af000 	D:\Program Files\MATLAB\R2013b\bin\win32\MSVCR100.dll
0x00020000 - 0x0002c000 	D:\Program Files\MATLAB\R2013b\bin\win32\boost_date_time-vc100-mt-1_49.dll
0x00140000 - 0x00165000 	D:\Program Files\MATLAB\R2013b\bin\win32\boost_filesystem-vc100-mt-1_49.dll
0x00170000 - 0x00177000 	D:\Program Files\MATLAB\R2013b\bin\win32\boost_system-vc100-mt-1_49.dll
0x770d0000 - 0x77170000 	C:\Windows\system32\ADVAPI32.dll
0x769e0000 - 0x76a8c000 	C:\Windows\system32\msvcrt.dll
0x76b70000 - 0x76b89000 	C:\Windows\SYSTEM32\sechost.dll
0x76c10000 - 0x76cb1000 	C:\Windows\system32\RPCRT4.dll
0x00180000 - 0x001a1000 	D:\Program Files\MATLAB\R2013b\bin\win32\LIBEXPAT.dll
0x7dce0000 - 0x7de29000 	D:\Program Files\MATLAB\R2013b\bin\win32\icuin49.dll
0x7dbd0000 - 0x7dcd7000 	D:\Program Files\MATLAB\R2013b\bin\win32\icuuc49.dll
0x00c30000 - 0x01d52000 	D:\Program Files\MATLAB\R2013b\bin\win32\icudt49.dll
0x7dbc0000 - 0x7dbcd000 	D:\Program Files\MATLAB\R2013b\bin\win32\icuio49.dll
0x01d60000 - 0x01df5000 	D:\Program Files\MATLAB\R2013b\bin\win32\libut.dll
0x7da60000 - 0x7dbb7000 	D:\Program Files\MATLAB\R2013b\bin\win32\libmwfl.dll
0x01e00000 - 0x02145000 	D:\Program Files\MATLAB\R2013b\bin\win32\libmwMATLAB_res.dll
0x02150000 - 0x02204000 	D:\Program Files\MATLAB\R2013b\bin\win32\boost_regex-vc100-mt-1_49.dll
0x758f0000 - 0x759b9000 	C:\Windows\system32\USER32.dll
0x76a90000 - 0x76ade000 	C:\Windows\system32\GDI32.dll
0x77340000 - 0x7734a000 	C:\Windows\system32\LPK.dll
0x76ea0000 - 0x76f3d000 	C:\Windows\system32\USP10.dll
0x003b0000 - 0x003be000 	D:\Program Files\MATLAB\R2013b\bin\win32\boost_signals-vc100-mt-1_49.dll
0x003c0000 - 0x003ce000 	D:\Program Files\MATLAB\R2013b\bin\win32\boost_thread-vc100-mt-1_49.dll
0x02210000 - 0x02284000 	D:\Program Files\MATLAB\R2013b\bin\win32\boost_log-vc100-mt-1_49.dll
0x759c0000 - 0x759c5000 	C:\Windows\system32\PSAPI.DLL
0x76cc0000 - 0x76cf5000 	C:\Windows\system32\WS2_32.dll
0x767c0000 - 0x767c6000 	C:\Windows\system32\NSI.dll
0x003d0000 - 0x003f8000 	D:\Program Files\MATLAB\R2013b\bin\win32\tbb.dll
0x771d0000 - 0x771fa000 	C:\Windows\system32\imagehlp.dll
0x73d10000 - 0x73d35000 	C:\Windows\system32\POWRPROF.dll
0x76d00000 - 0x76e9d000 	C:\Windows\system32\SETUPAPI.dll
0x75520000 - 0x75547000 	C:\Windows\system32\CFGMGR32.dll
0x77040000 - 0x770cf000 	C:\Windows\system32\OLEAUT32.dll
0x75650000 - 0x757ac000 	C:\Windows\system32\ole32.dll
0x75630000 - 0x75642000 	C:\Windows\system32\DEVOBJ.dll
0x7d250000 - 0x7d317000 	D:\Program Files\MATLAB\R2013b\bin\win32\libmx.dll
0x02290000 - 0x022a8000 	D:\Program Files\MATLAB\R2013b\bin\win32\tbbmalloc.dll
0x022b0000 - 0x022c4000 	D:\Program Files\MATLAB\R2013b\bin\win32\zlib1.dll
0x7d1f0000 - 0x7d22e000 	D:\Program Files\MATLAB\R2013b\bin\win32\libmwregexp.dll
0x7d1b0000 - 0x7d1e8000 	D:\Program Files\MATLAB\R2013b\bin\win32\mpath.dll
0x022d0000 - 0x0281e000 	D:\Program Files\MATLAB\R2013b\bin\win32\mlutil.dll
0x7cc50000 - 0x7ccb2000 	D:\Program Files\MATLAB\R2013b\bin\win32\xmlcore.dll
0x02820000 - 0x029e0000 	D:\Program Files\MATLAB\R2013b\bin\win32\xerces-c_2_7.dll
0x7ca70000 - 0x7ca91000 	D:\Program Files\MATLAB\R2013b\bin\win32\libmwMATLAB_settings_res.dll
0x029f0000 - 0x029fd000 	D:\Program Files\MATLAB\R2013b\bin\win32\boost_iostreams-vc100-mt-1_49.dll
0x02a00000 - 0x02a3e000 	D:\Program Files\MATLAB\R2013b\bin\win32\boost_serialization-vc100-mt-1_49.dll
0x75a50000 - 0x7669a000 	C:\Windows\system32\SHELL32.dll
0x759f0000 - 0x75a47000 	C:\Windows\system32\SHLWAPI.dll
0x7ca10000 - 0x7ca15000 	D:\Program Files\MATLAB\R2013b\bin\win32\libmwnativedisplay.dll
0x02a40000 - 0x02a7d000 	D:\Program Files\MATLAB\R2013b\bin\win32\opccore.dll
0x02a80000 - 0x02b2e000 	D:\Program Files\MATLAB\R2013b\bin\win32\opcmodel.dll
0x02b30000 - 0x02b53000 	D:\Program Files\MATLAB\R2013b\bin\win32\opczippackage.dll
0x02b60000 - 0x02b6d000 	D:\Program Files\MATLAB\R2013b\bin\win32\libminizip.dll
0x02b70000 - 0x02bc1000 	D:\Program Files\MATLAB\R2013b\bin\win32\opcmwservices.dll
0x71ab0000 - 0x71b34000 	C:\Windows\WinSxS\x86_microsoft.windows.common-controls_6595b64144ccf1df_5.82.7601.17514_none_ec83dffa859149af\COMCTL32.dll
0x76b90000 - 0x76c0b000 	C:\Windows\system32\COMDLG32.dll
0x73ad0000 - 0x73ae1000 	C:\Windows\system32\NETAPI32.dll
0x73ac0000 - 0x73ac9000 	C:\Windows\system32\netutils.dll
0x74fc0000 - 0x74fd9000 	C:\Windows\system32\srvcli.dll
0x73ab0000 - 0x73abf000 	C:\Windows\system32\wkscli.dll
0x7c980000 - 0x7ca0a000 	D:\Program Files\MATLAB\R2013b\bin\win32\mcr.dll
0x02bd0000 - 0x02f68000 	D:\Program Files\MATLAB\R2013b\bin\win32\iqm.dll
0x02f70000 - 0x02ffd000 	D:\Program Files\MATLAB\R2013b\bin\win32\m_dispatcher.dll
0x03000000 - 0x03546000 	D:\Program Files\MATLAB\R2013b\bin\win32\m_interpreter.dll
0x7bef0000 - 0x7bf0c000 	D:\Program Files\MATLAB\R2013b\bin\win32\libmex.dll
0x7be90000 - 0x7bef0000 	D:\Program Files\MATLAB\R2013b\bin\win32\profiler.dll
0x7bc20000 - 0x7bd6e000 	D:\Program Files\MATLAB\R2013b\bin\win32\libmwmathutil.dll
0x03550000 - 0x03571000 	D:\Program Files\MATLAB\R2013b\bin\win32\libmwmathrng.dll
0x7bbf0000 - 0x7bbfe000 	D:\Program Files\MATLAB\R2013b\bin\win32\libmwmfl_rng.dll
0x03580000 - 0x0364f000 	D:\Program Files\MATLAB\R2013b\bin\win32\libmwmathcore.dll
0x7baf0000 - 0x7bb38000 	D:\Program Files\MATLAB\R2013b\bin\win32\libmwspmatrix.dll
0x03650000 - 0x03808000 	D:\Program Files\MATLAB\R2013b\bin\win32\mcos.dll
0x7b8b0000 - 0x7b8fa000 	D:\Program Files\MATLAB\R2013b\bin\win32\libmwcholmod.dll
0x7b8a0000 - 0x7b8a9000 	D:\Program Files\MATLAB\R2013b\bin\win32\libmwamd.dll
0x7b890000 - 0x7b899000 	D:\Program Files\MATLAB\R2013b\bin\win32\libmwcolamd.dll
0x7b880000 - 0x7b88b000 	D:\Program Files\MATLAB\R2013b\bin\win32\libmwblas.dll
0x7b860000 - 0x7b871000 	D:\Program Files\MATLAB\R2013b\bin\win32\libmwbinder.dll
0x7b850000 - 0x7b859000 	D:\Program Files\MATLAB\R2013b\bin\win32\libmwompwrapper.dll
0x7b810000 - 0x7b844000 	D:\Program Files\MATLAB\R2013b\bin\win32\libmwlapack.dll
0x7b7f0000 - 0x7b807000 	D:\Program Files\MATLAB\R2013b\bin\win32\m_pcodeio.dll
0x7b7a0000 - 0x7b7e9000 	D:\Program Files\MATLAB\R2013b\bin\win32\m_ir.dll
0x03810000 - 0x03dac000 	D:\Program Files\MATLAB\R2013b\bin\win32\m_parser.dll
0x7b1f0000 - 0x7b201000 	D:\Program Files\MATLAB\R2013b\bin\win32\ir_xfmr.dll
0x7b1e0000 - 0x7b1ee000 	D:\Program Files\MATLAB\R2013b\bin\win32\mtok.dll
0x7b1b0000 - 0x7b1d1000 	D:\Program Files\MATLAB\R2013b\bin\win32\m_pcodegen.dll
0x7b180000 - 0x7b1a7000 	D:\Program Files\MATLAB\R2013b\bin\win32\libmwbridge.dll
0x7b0e0000 - 0x7b171000 	D:\Program Files\MATLAB\R2013b\bin\win32\udd.dll
0x7afc0000 - 0x7b0da000 	D:\Program Files\MATLAB\R2013b\bin\win32\libmwgui.dll
0x7afa0000 - 0x7afc0000 	D:\Program Files\MATLAB\R2013b\bin\win32\graphics_util.dll
0x03db0000 - 0x03e62000 	D:\Program Files\MATLAB\R2013b\bin\win32\libtex_base.dll
0x7a790000 - 0x7aef3000 	D:\Program Files\MATLAB\R2013b\bin\win32\hg.dll
0x7a740000 - 0x7a789000 	D:\Program Files\MATLAB\R2013b\bin\win32\libmat.dll
0x03e70000 - 0x04059000 	D:\Program Files\MATLAB\R2013b\bin\win32\hdf5dll.dll
0x7a4a0000 - 0x7a547000 	D:\Program Files\MATLAB\R2013b\bin\win32\jmi.dll
0x7a490000 - 0x7a49c000 	D:\Program Files\MATLAB\R2013b\bin\win32\nativejava_services.dll
0x7a450000 - 0x7a484000 	D:\Program Files\MATLAB\R2013b\bin\win32\libmwhardcopy.dll
0x7a400000 - 0x7a448000 	D:\Program Files\MATLAB\R2013b\bin\win32\libuij.dll
0x7a220000 - 0x7a3c4000 	D:\Program Files\MATLAB\R2013b\bin\win32\hgdatatypes.dll
0x04070000 - 0x0414d000 	D:\Program Files\MATLAB\R2013b\bin\win32\hgutils.dll
0x7a0d0000 - 0x7a159000 	D:\Program Files\MATLAB\R2013b\bin\win32\udd_mi.dll
0x7a0a0000 - 0x7a0cd000 	D:\Program Files\MATLAB\R2013b\bin\win32\libmwgbtutils.dll
0x7a090000 - 0x7a0a0000 	D:\Program Files\MATLAB\R2013b\bin\win32\libmwgbt.dll
0x04150000 - 0x043f7000 	D:\Program Files\MATLAB\R2013b\bin\win32\uiw.dll
0x79dd0000 - 0x79dd8000 	D:\Program Files\MATLAB\R2013b\bin\win32\uinone.dll
0x04400000 - 0x04423000 	D:\Program Files\MATLAB\R2013b\bin\win32\libmwnativedialogs.dll
0x79da0000 - 0x79da9000 	D:\Program Files\MATLAB\R2013b\bin\win32\libmwplatform_res.dll
0x71a70000 - 0x71a82000 	C:\Windows\system32\MPR.dll
0x04440000 - 0x04878000 	D:\Program Files\MATLAB\R2013b\bin\win32\mfc100.dll
0x700c0000 - 0x700c5000 	C:\Windows\system32\MSIMG32.dll
0x71490000 - 0x714e1000 	C:\Windows\system32\WINSPOOL.DRV
0x79d80000 - 0x79d96000 	D:\Program Files\MATLAB\R2013b\bin\win32\mwoles05.DLL
0x79d20000 - 0x79d73000 	D:\Program Files\MATLAB\R2013b\bin\win32\comcli.dll
0x04880000 - 0x048a6000 	D:\Program Files\MATLAB\R2013b\bin\win32\ATL100.DLL
0x79d10000 - 0x79d1a000 	D:\Program Files\MATLAB\R2013b\bin\win32\mlautoregister.dll
0x048b0000 - 0x04a05000 	D:\Program Files\MATLAB\R2013b\bin\win32\mvm.dll
0x759d0000 - 0x759ef000 	C:\Windows\system32\IMM32.DLL
0x766f0000 - 0x767bc000 	C:\Windows\system32\MSCTF.dll
0x740e0000 - 0x74120000 	C:\Windows\system32\UxTheme.dll
0x73df0000 - 0x73e03000 	C:\Windows\system32\dwmapi.dll
0x04cb0000 - 0x04cbd000 	D:\Program Files\MATLAB\R2013b\bin\win32\MFC100ENU.DLL

VM Arguments:
jvm_args: -Xss512k -XX:PermSize=32m -Xms64m -XX:NewRatio=3 -XX:MaxPermSize=96m -Xmx871m -XX:MaxDirectMemorySize=1200000000 -Dsun.java2d.noddraw=true -Dsun.awt.nopixfmt=true -Xshare:off -Xrs -XX:-UseSplitVerifier -Djava.library.path=D:\Program Files\MATLAB\R2013b\bin\win32;D:\Program Files\MATLAB\R2013b\sys\jxbrowser\win32\lib vfprintf abort -Duser.language=en -Duser.country=US 
java_command: <unknown>
Launcher Type: generic

Environment Variables:
CLASSPATH=C:\Program Files\Weka-3-6\weka-spectral-clusterer.jar;C:\Program Files\Weka-3-6\colt.jar;C:\Program Files\Java\jdk1.8.0\bin\
PATH=C:\Program Files\Intel\iCLS Client\;C:\Windows\system32;C:\Windows;C:\Windows\System32\Wbem;C:\Windows\System32\WindowsPowerShell\v1.0\;C:\Program Files\Intel\OpenCL SDK\2.0\bin\x86;C:\Program Files\Intel\Intel(R) Management Engine Components\DAL;C:\Program Files\Intel\Intel(R) Management Engine Components\IPT;C:\Program Files\Java\jdk1.8.0\;d:\Program Files\MATLAB\R2013b\runtime\win32;d:\Program Files\MATLAB\R2013b\bin;d:\Program Files\MATLAB\R2013b\polyspace\bin
USERNAME=MeAb
OS=Windows_NT
PROCESSOR_IDENTIFIER=x86 Family 6 Model 58 Stepping 9, GenuineIntel



---------------  S Y S T E M  ---------------

OS: Windows 7 Build 7601 Service Pack 1

CPU:total 4 (2 cores per cpu, 2 threads per core) family 6 model 58 stepping 9, cmov, cx8, fxsr, mmx, sse, sse2, sse3, ssse3, sse4.1, sse4.2, popcnt, avx, ht, tsc, tscinvbit, tscinv

Memory: 4k page, physical 3569080k(1359896k free), swap 7136404k(3979916k free)

vm_info: Java HotSpot(TM) Client VM (23.6-b04) for windows-x86 JRE (1.7.0_11-b21), built on Jan 12 2013 02:19:22 by "java_re" with unknown MS VC++:1600

time: Sat Jun 14 07:38:40 2014
elapsed time: 2378 seconds

