#
# A fatal error has been detected by the Java Runtime Environment:
#
#  EXCEPTION_ACCESS_VIOLATION (0xc0000005) at pc=0x06cd793b, pid=19048, tid=2624
#
# JRE version: 7.0_11-b21
# Java VM: Java HotSpot(TM) Client VM (23.6-b04 mixed mode windows-x86 )
# Problematic frame:
# C  0x06cd793b  JNI_CreateJavaVM+0xe00b
#
# Failed to write core dump. Minidumps are not enabled by default on client versions of Windows
#
# If you would like to submit a bug report, please visit:
#   http://bugreport.sun.com/bugreport/crash.jsp
#

---------------  T H R E A D  ---------------

Current thread (0x7e995c00):  JavaThread "Code Analyzer updating thread" [_thread_in_vm, id=2624, stack(0x58430000,0x584b0000)]

siginfo: ExceptionCode=0xc0000005, reading address 0x00000000

Registers:
EAX=0x00000000, EBX=0x7e995d28, ECX=0x7e995c00, EDX=0x06eac4b8
ESP=0x584af068, EBP=0x584af0b0, ESI=0x7e995c00, EDI=0x00000000
EIP=0x06cd793b, EFLAGS=0x00010246

Top of Stack: (sp=0x584af068)
0x584af068:   54be4798 7e995d28 6fcf301a 06c23d63
0x584af078:   7e995c00 0c697f5d 54be4798 7e995c00
0x584af088:   6fcf301a 584af07c f1725358 584af10c
0x584af098:   06e8ce7e 52cc12e1 7e995c00 7e88c8f4
0x584af0a8:   0000063d 06eac4b8 584af0c8 6fcf10fd
0x584af0b8:   7e995d28 54be4798 00000000 584af0dc
0x584af0c8:   584afac8 6fcf304a 7e995d28 54be4798
0x584af0d8:   00000000 00142dc7 584afabc 584af37c 

Instructions: (pc=0x06cd793b)
0x06cd791b:   f4 ff 83 c4 08 83 7e 04 00 89 75 f0 c7 45 f4 00
0x06cd792b:   00 00 00 74 08 8d 4d f0 e8 48 58 0b 00 8b 7d 10
0x06cd793b:   8b 0f c7 45 e0 0c 00 00 00 e8 b7 31 f5 ff 50 8d
0x06cd794b:   4d c4 e8 4e 88 08 00 8b 45 14 56 8d 4d c4 51 53 


Register to memory mapping:

EAX=0x00000000 is an unknown value
EBX=0x7e995d28 is an unknown value
ECX=0x7e995c00 is a thread
EDX=0x06eac4b8 is an unknown value
ESP=0x584af068 is pointing into the stack for thread: 0x7e995c00
EBP=0x584af0b0 is pointing into the stack for thread: 0x7e995c00
ESI=0x7e995c00 is a thread
EDI=0x00000000 is an unknown value


Stack: [0x58430000,0x584b0000],  sp=0x584af068,  free space=508k
Native frames: (J=compiled Java code, j=interpreted, Vv=VM code, C=native code)
C  0x06cd793b  JNI_CreateJavaVM+0xe00b
C  0x6fcf10fd
C  0x6fcf304a  Java_com_mathworks_widgets_text_mcode_MLint_nativeGetMessages+0x6fa
j  com.mathworks.widgets.text.mcode.MLint.nativeGetMessages(Ljava/lang/String;Ljava/lang/String;)Ljava/util/List;+0
j  com.mathworks.widgets.text.mcode.MLint.getMessages(Ljava/lang/String;Ljava/lang/String;Lcom/mathworks/widgets/text/mcode/MLintConfiguration;Z)Ljava/util/List;+67
j  com.mathworks.widgets.text.mcode.analyzer.CodeAnalyzerThread.doMLint()V+95
j  com.mathworks.widgets.text.mcode.analyzer.CodeAnalyzerThread.access$400(Lcom/mathworks/widgets/text/mcode/analyzer/CodeAnalyzerThread;)V+1
j  com.mathworks.widgets.text.mcode.analyzer.CodeAnalyzerThread$MLintRunnable.run()V+14
j  java.lang.Thread.run()V+11
v  ~StubRoutines::call_stub
C  0x06d4a3ba  JVM_Clone+0x4982a
C  0x06df97de  JVM_FindSignal+0x602de
C  0x06d4a5a3  JVM_Clone+0x49a13
C  0x06d4a607  JVM_Clone+0x49a77
C  0x06cf315f  jio_fprintf+0x17f
C  0x06d6a6b7  JVM_Clone+0x69b27
C  0x06d6a820  JVM_Clone+0x69c90
C  0x06d9f009  JVM_FindSignal+0x5b09
C  [MSVCR100.dll+0x5c556]  endthreadex+0x3a
C  [MSVCR100.dll+0x5c600]  endthreadex+0xe4
C  [kernel32.dll+0x53c45]  BaseThreadInitThunk+0x12
C  [ntdll.dll+0x637f5]  RtlInitializeExceptionChain+0xef
C  [ntdll.dll+0x637c8]  RtlInitializeExceptionChain+0xc2

Java frames: (J=compiled Java code, j=interpreted, Vv=VM code)
j  com.mathworks.widgets.text.mcode.MLint.nativeGetMessages(Ljava/lang/String;Ljava/lang/String;)Ljava/util/List;+0
j  com.mathworks.widgets.text.mcode.MLint.getMessages(Ljava/lang/String;Ljava/lang/String;Lcom/mathworks/widgets/text/mcode/MLintConfiguration;Z)Ljava/util/List;+67
j  com.mathworks.widgets.text.mcode.analyzer.CodeAnalyzerThread.doMLint()V+95
j  com.mathworks.widgets.text.mcode.analyzer.CodeAnalyzerThread.access$400(Lcom/mathworks/widgets/text/mcode/analyzer/CodeAnalyzerThread;)V+1
j  com.mathworks.widgets.text.mcode.analyzer.CodeAnalyzerThread$MLintRunnable.run()V+14
j  java.lang.Thread.run()V+11
v  ~StubRoutines::call_stub

---------------  P R O C E S S  ---------------

Java Threads: ( => current thread )
  0x7e997000 JavaThread "Thread-657" [_thread_blocked, id=6288, stack(0x58650000,0x586d0000)]
  0x7e996800 JavaThread "Image Fetcher 0" daemon [_thread_blocked, id=7144, stack(0x584b0000,0x58530000)]
=>0x7e995c00 JavaThread "Code Analyzer updating thread" [_thread_in_vm, id=2624, stack(0x58430000,0x584b0000)]
  0x7e995800 JavaThread "Inactive RequestProcessor thread [Was:TimedSoftReference/org.openide.util.TimedSoftReference]" daemon [_thread_blocked, id=12420, stack(0x585d0000,0x58650000)]
  0x7e996400 JavaThread "Foxtrot Single Worker Thread #1" daemon [_thread_blocked, id=5700, stack(0x58530000,0x585b0000)]
  0x4dda2400 JavaThread "Code Analyzer updating thread" [_thread_blocked, id=15188, stack(0x07c00000,0x07c80000)]
  0x5791e400 JavaThread "RecordlistTable Timer" daemon [_thread_blocked, id=19624, stack(0x58be0000,0x58c60000)]
  0x5791bc00 JavaThread "XPCOMThread" [_thread_in_native, id=12252, stack(0x61130000,0x61930000)]
  0x5791c800 JavaThread "Browser Events Thread" daemon [_thread_blocked, id=8544, stack(0x65d00000,0x65d80000)]
  0x5791b800 JavaThread "com.jniwrapper.NativeResourceCollector" daemon [_thread_blocked, id=14060, stack(0x62d30000,0x62db0000)]
  0x5791b000 JavaThread "XPCOM" daemon [_thread_in_native, id=1148, stack(0x5b3d0000,0x5b450000)]
  0x54f01400 JavaThread "Swing-Shell" daemon [_thread_blocked, id=13060, stack(0x58130000,0x581b0000)]
  0x54effc00 JavaThread "Code Analyzer updating thread" [_thread_blocked, id=11640, stack(0x56bc0000,0x56c40000)]
  0x54efe800 JavaThread "Code Analyzer updating thread" [_thread_blocked, id=3776, stack(0x56020000,0x560a0000)]
  0x4dda5000 JavaThread "Active Reference Queue Daemon" daemon [_thread_blocked, id=12476, stack(0x55f80000,0x56000000)]
  0x4dda6400 JavaThread "Timer-1" daemon [_thread_blocked, id=17040, stack(0x548c0000,0x54940000)]
  0x4dda7800 JavaThread "Prefs Updater" daemon [_thread_blocked, id=3808, stack(0x4f1d0000,0x4f250000)]
  0x4dda5800 JavaThread "ClipboardMonitor Timer" daemon [_thread_blocked, id=12412, stack(0x55910000,0x55990000)]
  0x4dda4c00 JavaThread "Explorer NavigationContext request queue" daemon [_thread_blocked, id=15756, stack(0x54840000,0x548c0000)]
  0x4dda3c00 JavaThread "AddressBar directory emptiness poller" daemon [_thread_blocked, id=2756, stack(0x54740000,0x547c0000)]
  0x4dda3800 JavaThread "Explorer Refresh Service 15667840" daemon [_thread_blocked, id=19716, stack(0x546c0000,0x54740000)]
  0x4dda2c00 JavaThread "Thread-4" daemon [_thread_blocked, id=10680, stack(0x51900000,0x51980000)]
  0x4dda2000 JavaThread "TimerQueue" daemon [_thread_blocked, id=3988, stack(0x4f090000,0x4f110000)]
  0x4dda1800 JavaThread "Thread-3" daemon [_thread_blocked, id=15964, stack(0x0fad0000,0x0fb50000)]
  0x4dda1000 JavaThread "AWT-EventQueue-0" [_thread_in_native, id=13872, stack(0x0fa50000,0x0fad0000)]
  0x4dda0c00 JavaThread "AWT-Shutdown" [_thread_blocked, id=15104, stack(0x0f9d0000,0x0fa50000)]
  0x4dda0400 JavaThread "FelixPackageAdmin" daemon [_thread_blocked, id=13932, stack(0x4fdd0000,0x4fe50000)]
  0x4dda0000 JavaThread "FelixStartLevel" daemon [_thread_blocked, id=13612, stack(0x4fd50000,0x4fdd0000)]
  0x4dcb0000 JavaThread "FelixDispatchQueue" daemon [_thread_blocked, id=4544, stack(0x4f280000,0x4f300000)]
  0x4d22c800 JavaThread "com.google.common.base.internal.Finalizer" daemon [_thread_blocked, id=16912, stack(0x0af50000,0x0afd0000)]
  0x4d210c00 JavaThread "AWT-Windows" daemon [_thread_blocked, id=15512, stack(0x0ad50000,0x0add0000)]
  0x4d210000 JavaThread "Java2D Disposer" daemon [_thread_blocked, id=13408, stack(0x0ac50000,0x0acd0000)]
  0x4cfd3400 JavaThread "Timer-0" [_thread_blocked, id=18264, stack(0x0abd0000,0x0ac50000)]
  0x0bb6a400 JavaThread "EventMgr Dispatcher" daemon [_thread_in_native, id=15428, stack(0x4d2e0000,0x4dae0000)]
  0x0bbc9000 JavaThread "Service Thread" daemon [_thread_blocked, id=8144, stack(0x0ef00000,0x0ef80000)]
  0x0bbc4c00 JavaThread "C1 CompilerThread0" daemon [_thread_blocked, id=5828, stack(0x0e700000,0x0ef00000)]
  0x0bbc1800 JavaThread "Attach Listener" daemon [_thread_blocked, id=12480, stack(0x07140000,0x071c0000)]
  0x0bb95800 JavaThread "Finalizer" daemon [_thread_blocked, id=19600, stack(0x07070000,0x070f0000)]
  0x0bb90c00 JavaThread "Reference Handler" daemon [_thread_blocked, id=8476, stack(0x06ff0000,0x07070000)]
  0x0bae7800 JavaThread "main" [_thread_in_native, id=1380, stack(0x00430000,0x00c30000)]

Other Threads:
  0x0b938c00 VMThread [stack: 0x0df00000,0x0e700000] [id=9444]
  0x0bbee800 WatcherThread [stack: 0x0ef80000,0x0f780000] [id=10868]

VM state:synchronizing (normal execution)

VM Mutex/Monitor currently owned by a thread:  ([mutex/lock_event])
[0x0bacd088] Threads_lock - owner thread: 0x0b938c00

Heap
 def new generation   total 24704K, used 9636K [0x102e0000, 0x11da0000, 0x1dce0000)
  eden space 22016K,  35% used [0x102e0000, 0x10a98108, 0x11860000)
  from space 2688K,  64% used [0x11860000, 0x11a10f28, 0x11b00000)
  to   space 2688K,   0% used [0x11b00000, 0x11b00000, 0x11da0000)
 tenured generation   total 82004K, used 55382K [0x1dce0000, 0x22cf5000, 0x46ae0000)
   the space 82004K,  67% used [0x1dce0000, 0x212f5b48, 0x212f5c00, 0x22cf5000)
 compacting perm gen  total 40960K, used 40885K [0x46ae0000, 0x492e0000, 0x4cae0000)
   the space 40960K,  99% used [0x46ae0000, 0x492cd490, 0x492cd600, 0x492e0000)
No shared spaces configured.

Card table byte_map: [0x0dd10000,0x0df00000] byte_map_base: 0x0dc8e900

Polling page: 0x061e0000

Code Cache  [0x0bd10000, 0x0c738000, 0x0dd10000)
 total_blobs=6213 nmethods=5894 adapters=248 free_code_cache=22374Kb largest_free_block=22905216

Compilation events (10 events):
Event: 10621.009 Thread 0x0bbc4c00 5973             javax.swing.JComponent::getObscuredState (220 bytes)
Event: 10621.010 Thread 0x0bbc4c00 nmethod 5973 0x0c734148 code [0x0c7342c0, 0x0c7348e4]
Event: 10621.041 Thread 0x0bbc4c00 5977   !         sun.dc.pr.Rasterizer::closedSubpath (44 bytes)
Event: 10621.042 Thread 0x0bbc4c00 nmethod 5977 0x0c735448 code [0x0c735580, 0x0c735750]
Event: 10621.146 Thread 0x0bbc4c00 5978             com.mathworks.widgets.desk.DTDocumentTabs::getOrientation (17 bytes)
Event: 10621.146 Thread 0x0bbc4c00 nmethod 5978 0x0c735888 code [0x0c735980, 0x0c735a20]
Event: 10622.332 Thread 0x0bbc4c00 5979             sun.awt.datatransfer.DataTransferer::getFlavorsForFormats (323 bytes)
Event: 10622.333 Thread 0x0bbc4c00 nmethod 5979 0x0c735a88 code [0x0c735dc0, 0x0c7368b8]
Event: 10623.794 Thread 0x0bbc4c00 5981             java.awt.image.Raster::getDataBuffer (5 bytes)
Event: 10623.795 Thread 0x0bbc4c00 nmethod 5981 0x0c737cc8 code [0x0c737dc0, 0x0c737e40]

GC Heap History (10 events):
Event: 10210.088 GC heap before
{Heap before GC invocations=315 (full 2):
 def new generation   total 24704K, used 22404K [0x102e0000, 0x11da0000, 0x1dce0000)
  eden space 22016K, 100% used [0x102e0000, 0x11860000, 0x11860000)
  from space 2688K,  14% used [0x11b00000, 0x11b613d0, 0x11da0000)
  to   space 2688K,   0% used [0x11860000, 0x11860000, 0x11b00000)
 tenured generation   total 82004K, used 54558K [0x1dce0000, 0x22cf5000, 0x46ae0000)
   the space 82004K,  66% used [0x1dce0000, 0x21227bc0, 0x21227c00, 0x22cf5000)
 compacting perm gen  total 40960K, used 40711K [0x46ae0000, 0x492e0000, 0x4cae0000)
   the space 40960K,  99% used [0x46ae0000, 0x492a1f58, 0x492a2000, 0x492e0000)
No shared spaces configured.
Event: 10210.093 GC heap after
Heap after GC invocations=316 (full 2):
 def new generation   total 24704K, used 338K [0x102e0000, 0x11da0000, 0x1dce0000)
  eden space 22016K,   0% used [0x102e0000, 0x102e0000, 0x11860000)
  from space 2688K,  12% used [0x11860000, 0x118b4a80, 0x11b00000)
  to   space 2688K,   0% used [0x11b00000, 0x11b00000, 0x11da0000)
 tenured generation   total 82004K, used 54590K [0x1dce0000, 0x22cf5000, 0x46ae0000)
   the space 82004K,  66% used [0x1dce0000, 0x2122f870, 0x2122fa00, 0x22cf5000)
 compacting perm gen  total 40960K, used 40711K [0x46ae0000, 0x492e0000, 0x4cae0000)
   the space 40960K,  99% used [0x46ae0000, 0x492a1f58, 0x492a2000, 0x492e0000)
No shared spaces configured.
}
Event: 10470.870 GC heap before
{Heap before GC invocations=316 (full 2):
 def new generation   total 24704K, used 22354K [0x102e0000, 0x11da0000, 0x1dce0000)
  eden space 22016K, 100% used [0x102e0000, 0x11860000, 0x11860000)
  from space 2688K,  12% used [0x11860000, 0x118b4a80, 0x11b00000)
  to   space 2688K,   0% used [0x11b00000, 0x11b00000, 0x11da0000)
 tenured generation   total 82004K, used 54590K [0x1dce0000, 0x22cf5000, 0x46ae0000)
   the space 82004K,  66% used [0x1dce0000, 0x2122f870, 0x2122fa00, 0x22cf5000)
 compacting perm gen  total 40960K, used 40711K [0x46ae0000, 0x492e0000, 0x4cae0000)
   the space 40960K,  99% used [0x46ae0000, 0x492a1f68, 0x492a2000, 0x492e0000)
No shared spaces configured.
Event: 10470.874 GC heap after
Heap after GC invocations=317 (full 2):
 def new generation   total 24704K, used 71K [0x102e0000, 0x11da0000, 0x1dce0000)
  eden space 22016K,   0% used [0x102e0000, 0x102e0000, 0x11860000)
  from space 2688K,   2% used [0x11b00000, 0x11b11c20, 0x11da0000)
  to   space 2688K,   0% used [0x11860000, 0x11860000, 0x11b00000)
 tenured generation   total 82004K, used 54865K [0x1dce0000, 0x22cf5000, 0x46ae0000)
   the space 82004K,  66% used [0x1dce0000, 0x212745c8, 0x21274600, 0x22cf5000)
 compacting perm gen  total 40960K, used 40711K [0x46ae0000, 0x492e0000, 0x4cae0000)
   the space 40960K,  99% used [0x46ae0000, 0x492a1f68, 0x492a2000, 0x492e0000)
No shared spaces configured.
}
Event: 10565.945 GC heap before
{Heap before GC invocations=317 (full 2):
 def new generation   total 24704K, used 22087K [0x102e0000, 0x11da0000, 0x1dce0000)
  eden space 22016K, 100% used [0x102e0000, 0x11860000, 0x11860000)
  from space 2688K,   2% used [0x11b00000, 0x11b11c20, 0x11da0000)
  to   space 2688K,   0% used [0x11860000, 0x11860000, 0x11b00000)
 tenured generation   total 82004K, used 54865K [0x1dce0000, 0x22cf5000, 0x46ae0000)
   the space 82004K,  66% used [0x1dce0000, 0x212745c8, 0x21274600, 0x22cf5000)
 compacting perm gen  total 40960K, used 40801K [0x46ae0000, 0x492e0000, 0x4cae0000)
   the space 40960K,  99% used [0x46ae0000, 0x492b8618, 0x492b8800, 0x492e0000)
No shared spaces configured.
Event: 10565.972 GC heap after
Heap after GC invocations=318 (full 2):
 def new generation   total 24704K, used 1066K [0x102e0000, 0x11da0000, 0x1dce0000)
  eden space 22016K,   0% used [0x102e0000, 0x102e0000, 0x11860000)
  from space 2688K,  39% used [0x11860000, 0x1196a948, 0x11b00000)
  to   space 2688K,   0% used [0x11b00000, 0x11b00000, 0x11da0000)
 tenured generation   total 82004K, used 54883K [0x1dce0000, 0x22cf5000, 0x46ae0000)
   the space 82004K,  66% used [0x1dce0000, 0x21278eb0, 0x21279000, 0x22cf5000)
 compacting perm gen  total 40960K, used 40801K [0x46ae0000, 0x492e0000, 0x4cae0000)
   the space 40960K,  99% used [0x46ae0000, 0x492b8618, 0x492b8800, 0x492e0000)
No shared spaces configured.
}
Event: 10611.868 GC heap before
{Heap before GC invocations=318 (full 2):
 def new generation   total 24704K, used 23082K [0x102e0000, 0x11da0000, 0x1dce0000)
  eden space 22016K, 100% used [0x102e0000, 0x11860000, 0x11860000)
  from space 2688K,  39% used [0x11860000, 0x1196a948, 0x11b00000)
  to   space 2688K,   0% used [0x11b00000, 0x11b00000, 0x11da0000)
 tenured generation   total 82004K, used 54883K [0x1dce0000, 0x22cf5000, 0x46ae0000)
   the space 82004K,  66% used [0x1dce0000, 0x21278eb0, 0x21279000, 0x22cf5000)
 compacting perm gen  total 40960K, used 40881K [0x46ae0000, 0x492e0000, 0x4cae0000)
   the space 40960K,  99% used [0x46ae0000, 0x492cc580, 0x492cc600, 0x492e0000)
No shared spaces configured.
Event: 10611.875 GC heap after
Heap after GC invocations=319 (full 2):
 def new generation   total 24704K, used 1598K [0x102e0000, 0x11da0000, 0x1dce0000)
  eden space 22016K,   0% used [0x102e0000, 0x102e0000, 0x11860000)
  from space 2688K,  59% used [0x11b00000, 0x11c8fb10, 0x11da0000)
  to   space 2688K,   0% used [0x11860000, 0x11860000, 0x11b00000)
 tenured generation   total 82004K, used 54885K [0x1dce0000, 0x22cf5000, 0x46ae0000)
   the space 82004K,  66% used [0x1dce0000, 0x21279690, 0x21279800, 0x22cf5000)
 compacting perm gen  total 40960K, used 40881K [0x46ae0000, 0x492e0000, 0x4cae0000)
   the space 40960K,  99% used [0x46ae0000, 0x492cc580, 0x492cc600, 0x492e0000)
No shared spaces configured.
}
Event: 10620.828 GC heap before
{Heap before GC invocations=319 (full 2):
 def new generation   total 24704K, used 23614K [0x102e0000, 0x11da0000, 0x1dce0000)
  eden space 22016K, 100% used [0x102e0000, 0x11860000, 0x11860000)
  from space 2688K,  59% used [0x11b00000, 0x11c8fb10, 0x11da0000)
  to   space 2688K,   0% used [0x11860000, 0x11860000, 0x11b00000)
 tenured generation   total 82004K, used 54885K [0x1dce0000, 0x22cf5000, 0x46ae0000)
   the space 82004K,  66% used [0x1dce0000, 0x21279690, 0x21279800, 0x22cf5000)
 compacting perm gen  total 40960K, used 40885K [0x46ae0000, 0x492e0000, 0x4cae0000)
   the space 40960K,  99% used [0x46ae0000, 0x492cd470, 0x492cd600, 0x492e0000)
No shared spaces configured.
Event: 10620.852 GC heap after
Heap after GC invocations=320 (full 2):
 def new generation   total 24704K, used 1731K [0x102e0000, 0x11da0000, 0x1dce0000)
  eden space 22016K,   0% used [0x102e0000, 0x102e0000, 0x11860000)
  from space 2688K,  64% used [0x11860000, 0x11a10f28, 0x11b00000)
  to   space 2688K,   0% used [0x11b00000, 0x11b00000, 0x11da0000)
 tenured generation   total 82004K, used 55382K [0x1dce0000, 0x22cf5000, 0x46ae0000)
   the space 82004K,  67% used [0x1dce0000, 0x212f5b48, 0x212f5c00, 0x22cf5000)
 compacting perm gen  total 40960K, used 40885K [0x46ae0000, 0x492e0000, 0x4cae0000)
   the space 40960K,  99% used [0x46ae0000, 0x492cd470, 0x492cd600, 0x492e0000)
No shared spaces configured.
}

Deoptimization events (0 events):
No events

Internal exceptions (10 events):
Event: 10621.392 Thread 0x4dda1000 Threw 0x107938a0 at C:\jdk7u1_32P\jdk7u11\hotspot\src\share\vm\runtime\sharedRuntime.cpp:613
Event: 10621.392 Thread 0x4dda1000 NullPointerException at vtable entry 0x0bdb73cc
Event: 10621.392 Thread 0x4dda1000 Threw 0x10793dd0 at C:\jdk7u1_32P\jdk7u11\hotspot\src\share\vm\runtime\sharedRuntime.cpp:613
Event: 10621.392 Thread 0x4dda1000 NullPointerException at vtable entry 0x0bdb73cc
Event: 10621.392 Thread 0x4dda1000 Threw 0x10794bb8 at C:\jdk7u1_32P\jdk7u11\hotspot\src\share\vm\runtime\sharedRuntime.cpp:613
Event: 10621.392 Thread 0x4dda1000 NullPointerException at vtable entry 0x0bdb73cc
Event: 10621.392 Thread 0x4dda1000 Threw 0x107953b8 at C:\jdk7u1_32P\jdk7u11\hotspot\src\share\vm\runtime\sharedRuntime.cpp:613
Event: 10621.392 Thread 0x4dda1000 NullPointerException at vtable entry 0x0bdb73cc
Event: 10621.392 Thread 0x4dda1000 Threw 0x10795b78 at C:\jdk7u1_32P\jdk7u11\hotspot\src\share\vm\runtime\sharedRuntime.cpp:613
Event: 10623.836 Thread 0x7e995c00 Threw 0x10957470 at C:\jdk7u1_32P\jdk7u11\hotspot\src\share\vm\prims\jni.cpp:1597

Events (10 events):
Event: 10620.879 Executing VM operation: BulkRevokeBias
Event: 10620.879 Executing VM operation: BulkRevokeBias done
Event: 10620.880 Executing VM operation: BulkRevokeBias
Event: 10620.880 Executing VM operation: BulkRevokeBias done
Event: 10620.881 Executing VM operation: BulkRevokeBias
Event: 10620.881 Executing VM operation: BulkRevokeBias done
Event: 10621.545 Executing VM operation: BulkRevokeBias
Event: 10621.545 Executing VM operation: BulkRevokeBias done
Event: 10623.835 Executing VM operation: RevokeBias
Event: 10623.836 Executing VM operation: RevokeBias done


Dynamic libraries:
0x00400000 - 0x00426000 	D:\Program Files\MATLAB\R2013b\bin\win32\MATLAB.exe
0x77550000 - 0x7768c000 	C:\Windows\SYSTEM32\ntdll.dll
0x75b80000 - 0x75c54000 	C:\Windows\system32\kernel32.dll
0x75920000 - 0x7596a000 	C:\Windows\system32\KERNELBASE.dll
0x10000000 - 0x102db000 	D:\Program Files\MATLAB\R2013b\bin\win32\libmwservices.dll
0x7dec0000 - 0x7df65000 	D:\Program Files\MATLAB\R2013b\bin\win32\libmwi18n.dll
0x7deb0000 - 0x7debb000 	D:\Program Files\MATLAB\R2013b\bin\win32\libmwresource_core.dll
0x000d0000 - 0x00139000 	D:\Program Files\MATLAB\R2013b\bin\win32\MSVCP100.dll
0x00140000 - 0x001ff000 	D:\Program Files\MATLAB\R2013b\bin\win32\MSVCR100.dll
0x72410000 - 0x7241c000 	D:\Program Files\MATLAB\R2013b\bin\win32\boost_date_time-vc100-mt-1_49.dll
0x00200000 - 0x00225000 	D:\Program Files\MATLAB\R2013b\bin\win32\boost_filesystem-vc100-mt-1_49.dll
0x72400000 - 0x72407000 	D:\Program Files\MATLAB\R2013b\bin\win32\boost_system-vc100-mt-1_49.dll
0x75ae0000 - 0x75b80000 	C:\Windows\system32\ADVAPI32.dll
0x76280000 - 0x7632c000 	C:\Windows\system32\msvcrt.dll
0x77750000 - 0x77769000 	C:\Windows\SYSTEM32\sechost.dll
0x76070000 - 0x76111000 	C:\Windows\system32\RPCRT4.dll
0x00350000 - 0x00371000 	D:\Program Files\MATLAB\R2013b\bin\win32\LIBEXPAT.dll
0x7dce0000 - 0x7de29000 	D:\Program Files\MATLAB\R2013b\bin\win32\icuin49.dll
0x7dbd0000 - 0x7dcd7000 	D:\Program Files\MATLAB\R2013b\bin\win32\icuuc49.dll
0x00c30000 - 0x01d52000 	D:\Program Files\MATLAB\R2013b\bin\win32\icudt49.dll
0x7dbc0000 - 0x7dbcd000 	D:\Program Files\MATLAB\R2013b\bin\win32\icuio49.dll
0x01d60000 - 0x01df5000 	D:\Program Files\MATLAB\R2013b\bin\win32\libut.dll
0x7da60000 - 0x7dbb7000 	D:\Program Files\MATLAB\R2013b\bin\win32\libmwfl.dll
0x01e00000 - 0x02145000 	D:\Program Files\MATLAB\R2013b\bin\win32\libmwMATLAB_res.dll
0x02150000 - 0x02204000 	D:\Program Files\MATLAB\R2013b\bin\win32\boost_regex-vc100-mt-1_49.dll
0x77240000 - 0x77309000 	C:\Windows\system32\USER32.dll
0x75c60000 - 0x75cae000 	C:\Windows\system32\GDI32.dll
0x776a0000 - 0x776aa000 	C:\Windows\system32\LPK.dll
0x76440000 - 0x764dd000 	C:\Windows\system32\USP10.dll
0x00390000 - 0x0039e000 	D:\Program Files\MATLAB\R2013b\bin\win32\boost_signals-vc100-mt-1_49.dll
0x003a0000 - 0x003ae000 	D:\Program Files\MATLAB\R2013b\bin\win32\boost_thread-vc100-mt-1_49.dll
0x02210000 - 0x02284000 	D:\Program Files\MATLAB\R2013b\bin\win32\boost_log-vc100-mt-1_49.dll
0x77770000 - 0x77775000 	C:\Windows\system32\PSAPI.DLL
0x76330000 - 0x76365000 	C:\Windows\system32\WS2_32.dll
0x776b0000 - 0x776b6000 	C:\Windows\system32\NSI.dll
0x003b0000 - 0x003d8000 	D:\Program Files\MATLAB\R2013b\bin\win32\tbb.dll
0x75ab0000 - 0x75ada000 	C:\Windows\system32\imagehlp.dll
0x74a10000 - 0x74a35000 	C:\Windows\system32\POWRPROF.dll
0x75cb0000 - 0x75e4d000 	C:\Windows\system32\SETUPAPI.dll
0x75720000 - 0x75747000 	C:\Windows\system32\CFGMGR32.dll
0x75a20000 - 0x75aaf000 	C:\Windows\system32\OLEAUT32.dll
0x76120000 - 0x7627c000 	C:\Windows\system32\ole32.dll
0x75900000 - 0x75912000 	C:\Windows\system32\DEVOBJ.dll
0x7d250000 - 0x7d317000 	D:\Program Files\MATLAB\R2013b\bin\win32\libmx.dll
0x003e0000 - 0x003f8000 	D:\Program Files\MATLAB\R2013b\bin\win32\tbbmalloc.dll
0x02290000 - 0x022a4000 	D:\Program Files\MATLAB\R2013b\bin\win32\zlib1.dll
0x7d1f0000 - 0x7d22e000 	D:\Program Files\MATLAB\R2013b\bin\win32\libmwregexp.dll
0x7d1b0000 - 0x7d1e8000 	D:\Program Files\MATLAB\R2013b\bin\win32\mpath.dll
0x022b0000 - 0x027fe000 	D:\Program Files\MATLAB\R2013b\bin\win32\mlutil.dll
0x7cc50000 - 0x7ccb2000 	D:\Program Files\MATLAB\R2013b\bin\win32\xmlcore.dll
0x02800000 - 0x029c0000 	D:\Program Files\MATLAB\R2013b\bin\win32\xerces-c_2_7.dll
0x7ca70000 - 0x7ca91000 	D:\Program Files\MATLAB\R2013b\bin\win32\libmwMATLAB_settings_res.dll
0x029d0000 - 0x029dd000 	D:\Program Files\MATLAB\R2013b\bin\win32\boost_iostreams-vc100-mt-1_49.dll
0x029e0000 - 0x02a1e000 	D:\Program Files\MATLAB\R2013b\bin\win32\boost_serialization-vc100-mt-1_49.dll
0x765f0000 - 0x7723a000 	C:\Windows\system32\SHELL32.dll
0x76530000 - 0x76587000 	C:\Windows\system32\SHLWAPI.dll
0x7ca10000 - 0x7ca15000 	D:\Program Files\MATLAB\R2013b\bin\win32\libmwnativedisplay.dll
0x02a20000 - 0x02a5d000 	D:\Program Files\MATLAB\R2013b\bin\win32\opccore.dll
0x02a60000 - 0x02b0e000 	D:\Program Files\MATLAB\R2013b\bin\win32\opcmodel.dll
0x02b10000 - 0x02b33000 	D:\Program Files\MATLAB\R2013b\bin\win32\opczippackage.dll
0x02b40000 - 0x02b4d000 	D:\Program Files\MATLAB\R2013b\bin\win32\libminizip.dll
0x02b50000 - 0x02ba1000 	D:\Program Files\MATLAB\R2013b\bin\win32\opcmwservices.dll
0x71e00000 - 0x71e84000 	C:\Windows\WinSxS\x86_microsoft.windows.common-controls_6595b64144ccf1df_5.82.7601.17514_none_ec83dffa859149af\COMCTL32.dll
0x759a0000 - 0x75a1b000 	C:\Windows\system32\COMDLG32.dll
0x73e20000 - 0x73e31000 	C:\Windows\system32\NETAPI32.dll
0x73e10000 - 0x73e19000 	C:\Windows\system32\netutils.dll
0x75380000 - 0x75399000 	C:\Windows\system32\srvcli.dll
0x73e00000 - 0x73e0f000 	C:\Windows\system32\wkscli.dll
0x7c980000 - 0x7ca0a000 	D:\Program Files\MATLAB\R2013b\bin\win32\mcr.dll
0x02bb0000 - 0x02f48000 	D:\Program Files\MATLAB\R2013b\bin\win32\iqm.dll
0x02f50000 - 0x02fdd000 	D:\Program Files\MATLAB\R2013b\bin\win32\m_dispatcher.dll
0x02fe0000 - 0x03526000 	D:\Program Files\MATLAB\R2013b\bin\win32\m_interpreter.dll
0x7bef0000 - 0x7bf0c000 	D:\Program Files\MATLAB\R2013b\bin\win32\libmex.dll
0x7be90000 - 0x7bef0000 	D:\Program Files\MATLAB\R2013b\bin\win32\profiler.dll
0x7bc20000 - 0x7bd6e000 	D:\Program Files\MATLAB\R2013b\bin\win32\libmwmathutil.dll
0x03530000 - 0x03551000 	D:\Program Files\MATLAB\R2013b\bin\win32\libmwmathrng.dll
0x7bbf0000 - 0x7bbfe000 	D:\Program Files\MATLAB\R2013b\bin\win32\libmwmfl_rng.dll
0x03560000 - 0x0362f000 	D:\Program Files\MATLAB\R2013b\bin\win32\libmwmathcore.dll
0x7baf0000 - 0x7bb38000 	D:\Program Files\MATLAB\R2013b\bin\win32\libmwspmatrix.dll
0x03630000 - 0x037e8000 	D:\Program Files\MATLAB\R2013b\bin\win32\mcos.dll
0x7b8b0000 - 0x7b8fa000 	D:\Program Files\MATLAB\R2013b\bin\win32\libmwcholmod.dll
0x7b8a0000 - 0x7b8a9000 	D:\Program Files\MATLAB\R2013b\bin\win32\libmwamd.dll
0x7b890000 - 0x7b899000 	D:\Program Files\MATLAB\R2013b\bin\win32\libmwcolamd.dll
0x7b880000 - 0x7b88b000 	D:\Program Files\MATLAB\R2013b\bin\win32\libmwblas.dll
0x7b860000 - 0x7b871000 	D:\Program Files\MATLAB\R2013b\bin\win32\libmwbinder.dll
0x7b850000 - 0x7b859000 	D:\Program Files\MATLAB\R2013b\bin\win32\libmwompwrapper.dll
0x7b810000 - 0x7b844000 	D:\Program Files\MATLAB\R2013b\bin\win32\libmwlapack.dll
0x7b7f0000 - 0x7b807000 	D:\Program Files\MATLAB\R2013b\bin\win32\m_pcodeio.dll
0x7b7a0000 - 0x7b7e9000 	D:\Program Files\MATLAB\R2013b\bin\win32\m_ir.dll
0x037f0000 - 0x03d8c000 	D:\Program Files\MATLAB\R2013b\bin\win32\m_parser.dll
0x7b1f0000 - 0x7b201000 	D:\Program Files\MATLAB\R2013b\bin\win32\ir_xfmr.dll
0x7b1e0000 - 0x7b1ee000 	D:\Program Files\MATLAB\R2013b\bin\win32\mtok.dll
0x7b1b0000 - 0x7b1d1000 	D:\Program Files\MATLAB\R2013b\bin\win32\m_pcodegen.dll
0x7b180000 - 0x7b1a7000 	D:\Program Files\MATLAB\R2013b\bin\win32\libmwbridge.dll
0x7b0e0000 - 0x7b171000 	D:\Program Files\MATLAB\R2013b\bin\win32\udd.dll
0x7afc0000 - 0x7b0da000 	D:\Program Files\MATLAB\R2013b\bin\win32\libmwgui.dll
0x7afa0000 - 0x7afc0000 	D:\Program Files\MATLAB\R2013b\bin\win32\graphics_util.dll
0x03d90000 - 0x03e42000 	D:\Program Files\MATLAB\R2013b\bin\win32\libtex_base.dll
0x7a790000 - 0x7aef3000 	D:\Program Files\MATLAB\R2013b\bin\win32\hg.dll
0x7a740000 - 0x7a789000 	D:\Program Files\MATLAB\R2013b\bin\win32\libmat.dll
0x03e50000 - 0x04039000 	D:\Program Files\MATLAB\R2013b\bin\win32\hdf5dll.dll
0x7a4a0000 - 0x7a547000 	D:\Program Files\MATLAB\R2013b\bin\win32\jmi.dll
0x7a490000 - 0x7a49c000 	D:\Program Files\MATLAB\R2013b\bin\win32\nativejava_services.dll
0x7a450000 - 0x7a484000 	D:\Program Files\MATLAB\R2013b\bin\win32\libmwhardcopy.dll
0x7a400000 - 0x7a448000 	D:\Program Files\MATLAB\R2013b\bin\win32\libuij.dll
0x7a220000 - 0x7a3c4000 	D:\Program Files\MATLAB\R2013b\bin\win32\hgdatatypes.dll
0x04050000 - 0x0412d000 	D:\Program Files\MATLAB\R2013b\bin\win32\hgutils.dll
0x7a0d0000 - 0x7a159000 	D:\Program Files\MATLAB\R2013b\bin\win32\udd_mi.dll
0x7a0a0000 - 0x7a0cd000 	D:\Program Files\MATLAB\R2013b\bin\win32\libmwgbtutils.dll
0x7a090000 - 0x7a0a0000 	D:\Program Files\MATLAB\R2013b\bin\win32\libmwgbt.dll
0x04130000 - 0x043d7000 	D:\Program Files\MATLAB\R2013b\bin\win32\uiw.dll
0x79dd0000 - 0x79dd8000 	D:\Program Files\MATLAB\R2013b\bin\win32\uinone.dll
0x043e0000 - 0x04403000 	D:\Program Files\MATLAB\R2013b\bin\win32\libmwnativedialogs.dll
0x79da0000 - 0x79da9000 	D:\Program Files\MATLAB\R2013b\bin\win32\libmwplatform_res.dll
0x71dd0000 - 0x71de2000 	C:\Windows\system32\MPR.dll
0x04420000 - 0x04858000 	D:\Program Files\MATLAB\R2013b\bin\win32\mfc100.dll
0x04860000 - 0x04865000 	C:\Windows\system32\MSIMG32.dll
0x717c0000 - 0x71811000 	C:\Windows\system32\WINSPOOL.DRV
0x79d80000 - 0x79d96000 	D:\Program Files\MATLAB\R2013b\bin\win32\mwoles05.DLL
0x79d20000 - 0x79d73000 	D:\Program Files\MATLAB\R2013b\bin\win32\comcli.dll
0x04870000 - 0x04896000 	D:\Program Files\MATLAB\R2013b\bin\win32\ATL100.DLL
0x79d10000 - 0x79d1a000 	D:\Program Files\MATLAB\R2013b\bin\win32\mlautoregister.dll
0x048a0000 - 0x049f5000 	D:\Program Files\MATLAB\R2013b\bin\win32\mvm.dll
0x75e50000 - 0x75e6f000 	C:\Windows\system32\IMM32.DLL
0x76370000 - 0x7643c000 	C:\Windows\system32\MSCTF.dll
0x742a0000 - 0x742e0000 	C:\Windows\system32\UxTheme.dll
0x744d0000 - 0x744e3000 	C:\Windows\system32\dwmapi.dll
0x04b90000 - 0x04b9d000 	D:\Program Files\MATLAB\R2013b\bin\win32\MFC100ENU.DLL

VM Arguments:
jvm_args: -Xss512k -XX:PermSize=32m -Xms64m -XX:NewRatio=3 -XX:MaxPermSize=96m -Xmx871m -XX:MaxDirectMemorySize=1200000000 -Dsun.java2d.noddraw=true -Dsun.awt.nopixfmt=true -Xshare:off -Xrs -XX:-UseSplitVerifier -Djava.library.path=D:\Program Files\MATLAB\R2013b\bin\win32;D:\Program Files\MATLAB\R2013b\sys\jxbrowser\win32\lib vfprintf abort -Duser.language=en -Duser.country=US 
java_command: <unknown>
Launcher Type: generic

Environment Variables:
CLASSPATH=C:\Program Files\Weka-3-6\weka-spectral-clusterer.jar;C:\Program Files\Weka-3-6\colt.jar;C:\Program Files\Java\jdk1.8.0\bin\
PATH=C:\Program Files\Intel\iCLS Client\;C:\Windows\system32;C:\Windows;C:\Windows\System32\Wbem;C:\Windows\System32\WindowsPowerShell\v1.0\;C:\Program Files\Intel\OpenCL SDK\2.0\bin\x86;C:\Program Files\Intel\Intel(R) Management Engine Components\DAL;C:\Program Files\Intel\Intel(R) Management Engine Components\IPT;C:\Program Files\Java\jdk1.8.0\;d:\Program Files\MATLAB\R2013b\runtime\win32;d:\Program Files\MATLAB\R2013b\bin;d:\Program Files\MATLAB\R2013b\polyspace\bin
USERNAME=MeAb
OS=Windows_NT
PROCESSOR_IDENTIFIER=x86 Family 6 Model 58 Stepping 9, GenuineIntel



---------------  S Y S T E M  ---------------

OS: Windows 7 Build 7601 Service Pack 1

CPU:total 4 (2 cores per cpu, 2 threads per core) family 6 model 58 stepping 9, cmov, cx8, fxsr, mmx, sse, sse2, sse3, ssse3, sse4.1, sse4.2, popcnt, avx, ht, tsc, tscinvbit, tscinv

Memory: 4k page, physical 3569080k(886660k free), swap 7733260k(2893932k free)

vm_info: Java HotSpot(TM) Client VM (23.6-b04) for windows-x86 JRE (1.7.0_11-b21), built on Jan 12 2013 02:19:22 by "java_re" with unknown MS VC++:1600

time: Thu Jun 12 09:28:31 2014
elapsed time: 10624 seconds

