#
# A fatal error has been detected by the Java Runtime Environment:
#
#  EXCEPTION_ACCESS_VIOLATION (0xc0000005) at pc=0x08b2793b, pid=11160, tid=5264
#
# JRE version: 7.0_11-b21
# Java VM: Java HotSpot(TM) Client VM (23.6-b04 mixed mode windows-x86 )
# Problematic frame:
# C  0x08b2793b  JNI_CreateJavaVM+0xe00b
#
# Failed to write core dump. Minidumps are not enabled by default on client versions of Windows
#
# If you would like to submit a bug report, please visit:
#   http://bugreport.sun.com/bugreport/crash.jsp
#

---------------  T H R E A D  ---------------

Current thread (0x4dd9dc00):  JavaThread "Code Analyzer updating thread" [_thread_in_vm, id=5264, stack(0x06e00000,0x06e80000)]

siginfo: ExceptionCode=0xc0000005, reading address 0x00000000

Registers:
EAX=0x00000000, EBX=0x4dd9dd28, ECX=0x4dd9dc00, EDX=0x08cfc4b8
ESP=0x06e7efe8, EBP=0x06e7f030, ESI=0x4dd9dc00, EDI=0x00000000
EIP=0x08b2793b, EFLAGS=0x00010246

Top of Stack: (sp=0x06e7efe8)
0x06e7efe8:   4e140ad8 4dd9dd28 6fcf301a 08a73d63
0x06e7eff8:   4dd9dc00 1d463bfa 4e140ad8 4dd9dc00
0x06e7f008:   6fcf301a 06e7effc f1725358 06e7f08c
0x06e7f018:   08cdce7e 137556c6 4dd9dc00 4de64b7c
0x06e7f028:   0000063d 08cfc4b8 06e7f048 6fcf10fd
0x06e7f038:   4dd9dd28 4e140ad8 00000000 06e7f05c
0x06e7f048:   06e7fa48 6fcf304a 4dd9dd28 4e140ad8
0x06e7f058:   00000000 00252dc7 06e7fa3c 06e7f2fc 

Instructions: (pc=0x08b2793b)
0x08b2791b:   f4 ff 83 c4 08 83 7e 04 00 89 75 f0 c7 45 f4 00
0x08b2792b:   00 00 00 74 08 8d 4d f0 e8 48 58 0b 00 8b 7d 10
0x08b2793b:   8b 0f c7 45 e0 0c 00 00 00 e8 b7 31 f5 ff 50 8d
0x08b2794b:   4d c4 e8 4e 88 08 00 8b 45 14 56 8d 4d c4 51 53 


Register to memory mapping:

EAX=0x00000000 is an unknown value
EBX=0x4dd9dd28 is an unknown value
ECX=0x4dd9dc00 is a thread
EDX=0x08cfc4b8 is an unknown value
ESP=0x06e7efe8 is pointing into the stack for thread: 0x4dd9dc00
EBP=0x06e7f030 is pointing into the stack for thread: 0x4dd9dc00
ESI=0x4dd9dc00 is a thread
EDI=0x00000000 is an unknown value


Stack: [0x06e00000,0x06e80000],  sp=0x06e7efe8,  free space=507k
Native frames: (J=compiled Java code, j=interpreted, Vv=VM code, C=native code)
C  0x08b2793b  JNI_CreateJavaVM+0xe00b
C  0x6fcf10fd
C  0x6fcf304a  Java_com_mathworks_widgets_text_mcode_MLint_nativeGetMessages+0x6fa
j  com.mathworks.widgets.text.mcode.MLint.nativeGetMessages(Ljava/lang/String;Ljava/lang/String;)Ljava/util/List;+0
j  com.mathworks.widgets.text.mcode.MLint.getMessages(Ljava/lang/String;Ljava/lang/String;Lcom/mathworks/widgets/text/mcode/MLintConfiguration;Z)Ljava/util/List;+67
j  com.mathworks.widgets.text.mcode.analyzer.CodeAnalyzerThread.doMLint()V+95
j  com.mathworks.widgets.text.mcode.analyzer.CodeAnalyzerThread.access$400(Lcom/mathworks/widgets/text/mcode/analyzer/CodeAnalyzerThread;)V+1
j  com.mathworks.widgets.text.mcode.analyzer.CodeAnalyzerThread$MLintRunnable.run()V+14
j  java.lang.Thread.run()V+11
v  ~StubRoutines::call_stub
C  0x08b9a3ba  JVM_Clone+0x4982a
C  0x08c497de  JVM_FindSignal+0x602de
C  0x08b9a5a3  JVM_Clone+0x49a13
C  0x08b9a607  JVM_Clone+0x49a77
C  0x08b4315f  jio_fprintf+0x17f
C  0x08bba6b7  JVM_Clone+0x69b27
C  0x08bba820  JVM_Clone+0x69c90
C  0x08bef009  JVM_FindSignal+0x5b09
C  [MSVCR100.dll+0x5c556]  endthreadex+0x3a
C  [MSVCR100.dll+0x5c600]  endthreadex+0xe4
C  [kernel32.dll+0x53c45]  BaseThreadInitThunk+0x12
C  [ntdll.dll+0x637f5]  RtlInitializeExceptionChain+0xef
C  [ntdll.dll+0x637c8]  RtlInitializeExceptionChain+0xc2

Java frames: (J=compiled Java code, j=interpreted, Vv=VM code)
j  com.mathworks.widgets.text.mcode.MLint.nativeGetMessages(Ljava/lang/String;Ljava/lang/String;)Ljava/util/List;+0
j  com.mathworks.widgets.text.mcode.MLint.getMessages(Ljava/lang/String;Ljava/lang/String;Lcom/mathworks/widgets/text/mcode/MLintConfiguration;Z)Ljava/util/List;+67
j  com.mathworks.widgets.text.mcode.analyzer.CodeAnalyzerThread.doMLint()V+95
j  com.mathworks.widgets.text.mcode.analyzer.CodeAnalyzerThread.access$400(Lcom/mathworks/widgets/text/mcode/analyzer/CodeAnalyzerThread;)V+1
j  com.mathworks.widgets.text.mcode.analyzer.CodeAnalyzerThread$MLintRunnable.run()V+14
j  java.lang.Thread.run()V+11
v  ~StubRoutines::call_stub

---------------  P R O C E S S  ---------------

Java Threads: ( => current thread )
  0x57547800 JavaThread "XPCOMThread" [_thread_in_native, id=11340, stack(0x5bb60000,0x5c360000)]
  0x57549800 JavaThread "Browser Events Thread" daemon [_thread_blocked, id=2156, stack(0x0a7c0000,0x0a840000)]
  0x5754a000 JavaThread "com.jniwrapper.NativeResourceCollector" daemon [_thread_blocked, id=11880, stack(0x5c360000,0x5c3e0000)]
  0x57548800 JavaThread "XPCOM" daemon [_thread_in_native, id=11128, stack(0x0aa40000,0x0aac0000)]
  0x57548c00 JavaThread "Swing-Shell" daemon [_thread_blocked, id=9752, stack(0x0fb30000,0x0fbb0000)]
  0x4dd9e400 JavaThread "Code Analyzer updating thread" [_thread_blocked, id=9636, stack(0x06e90000,0x06f10000)]
=>0x4dd9dc00 JavaThread "Code Analyzer updating thread" [_thread_in_vm, id=5264, stack(0x06e00000,0x06e80000)]
  0x4dd9d800 JavaThread "Code Analyzer updating thread" [_thread_blocked, id=9980, stack(0x06d80000,0x06e00000)]
  0x4dd9d000 JavaThread "Active Reference Queue Daemon" daemon [_thread_blocked, id=11640, stack(0x06d00000,0x06d80000)]
  0x4dd9cc00 JavaThread "Timer-1" daemon [_thread_blocked, id=5972, stack(0x06c80000,0x06d00000)]
  0x4dd9c400 JavaThread "ClipboardMonitor Timer" daemon [_thread_blocked, id=10580, stack(0x55a20000,0x55aa0000)]
  0x4dd9c000 JavaThread "Explorer NavigationContext request queue" daemon [_thread_blocked, id=992, stack(0x559a0000,0x55a20000)]
  0x4dd9b000 JavaThread "AddressBar directory emptiness poller" daemon [_thread_blocked, id=1700, stack(0x558a0000,0x55920000)]
  0x4dd9ac00 JavaThread "Explorer Refresh Service 13745714" daemon [_thread_blocked, id=6388, stack(0x55820000,0x558a0000)]
  0x4dd9a400 JavaThread "Thread-4" daemon [_thread_blocked, id=10072, stack(0x54c30000,0x54cb0000)]
  0x4dd9a000 JavaThread "TimerQueue" daemon [_thread_blocked, id=10904, stack(0x51990000,0x51a10000)]
  0x4dd99800 JavaThread "Thread-3" daemon [_thread_blocked, id=7260, stack(0x4f1c0000,0x4f240000)]
  0x4dd99400 JavaThread "FelixPackageAdmin" daemon [_thread_blocked, id=12264, stack(0x4fd70000,0x4fdf0000)]
  0x4dd98c00 JavaThread "FelixStartLevel" daemon [_thread_blocked, id=12088, stack(0x4f3d0000,0x4f450000)]
  0x4dcddc00 JavaThread "FelixDispatchQueue" daemon [_thread_blocked, id=10184, stack(0x4f2c0000,0x4f340000)]
  0x4cf83c00 JavaThread "AWT-EventQueue-0" [_thread_blocked, id=11576, stack(0x4f140000,0x4f1c0000)]
  0x4d2ab800 JavaThread "com.google.common.base.internal.Finalizer" daemon [_thread_blocked, id=2188, stack(0x0fbb0000,0x0fc30000)]
  0x4d21e800 JavaThread "AWT-Windows" daemon [_thread_in_native, id=7324, stack(0x0f9b0000,0x0fa30000)]
  0x4d18d400 JavaThread "AWT-Shutdown" [_thread_blocked, id=3752, stack(0x0f930000,0x0f9b0000)]
  0x4d18cc00 JavaThread "Java2D Disposer" daemon [_thread_blocked, id=3084, stack(0x0f8b0000,0x0f930000)]
  0x4cfec000 JavaThread "Timer-0" [_thread_blocked, id=11044, stack(0x0f830000,0x0f8b0000)]
  0x4cfa5800 JavaThread "EventMgr Dispatcher" daemon [_thread_in_native, id=3112, stack(0x4d2e0000,0x4dae0000)]
  0x0bbbe000 JavaThread "Service Thread" daemon [_thread_blocked, id=9608, stack(0x08f10000,0x08f90000)]
  0x0bbb9800 JavaThread "C1 CompilerThread0" daemon [_thread_blocked, id=9268, stack(0x0e6e0000,0x0eee0000)]
  0x0bbb8800 JavaThread "Attach Listener" daemon [_thread_blocked, id=8916, stack(0x07180000,0x07200000)]
  0x0bb7e800 JavaThread "Finalizer" daemon [_thread_blocked, id=10352, stack(0x07090000,0x07110000)]
  0x0bb78c00 JavaThread "Reference Handler" daemon [_thread_blocked, id=9652, stack(0x06880000,0x06900000)]
  0x0bad8800 JavaThread "main" [_thread_in_native, id=8180, stack(0x00430000,0x00c30000)]

Other Threads:
  0x0bb77000 VMThread [stack: 0x0dee0000,0x0e6e0000] [id=3324]
  0x0bbd0400 WatcherThread [stack: 0x0eee0000,0x0f6e0000] [id=11708]

VM state:not at safepoint (normal execution)

VM Mutex/Monitor currently owned by a thread: None

Heap
 def new generation   total 24704K, used 13937K [0x102e0000, 0x11da0000, 0x1dce0000)
  eden space 22016K,  56% used [0x102e0000, 0x10eefba0, 0x11860000)
  from space 2688K,  59% used [0x11b00000, 0x11c8c8e8, 0x11da0000)
  to   space 2688K,   0% used [0x11860000, 0x11860000, 0x11b00000)
 tenured generation   total 81996K, used 51396K [0x1dce0000, 0x22cf3000, 0x46ae0000)
   the space 81996K,  62% used [0x1dce0000, 0x20f11208, 0x20f11400, 0x22cf3000)
 compacting perm gen  total 38656K, used 38615K [0x46ae0000, 0x490a0000, 0x4cae0000)
   the space 38656K,  99% used [0x46ae0000, 0x49095e08, 0x49096000, 0x490a0000)
No shared spaces configured.

Card table byte_map: [0x0dcf0000,0x0dee0000] byte_map_base: 0x0dc6e900

Polling page: 0x06260000

Code Cache  [0x0bcf0000, 0x0c4e8000, 0x0dcf0000)
 total_blobs=4905 nmethods=4593 adapters=242 free_code_cache=24643Kb largest_free_block=25229248

Compilation events (10 events):
Event: 1477.312 Thread 0x0bbb9800 4670             javax.swing.text.JTextComponent::fireCaretUpdate (47 bytes)
Event: 1477.313 Thread 0x0bbb9800 nmethod 4670 0x0c4de148 code [0x0c4de270, 0x0c4de3e8]
Event: 1477.585 Thread 0x0bbb9800 4671             java.awt.Toolkit$SelectiveAWTEventListener::orEventMasks (56 bytes)
Event: 1477.585 Thread 0x0bbb9800 nmethod 4671 0x0c4de508 code [0x0c4de600, 0x0c4de750]
Event: 1477.625 Thread 0x0bbb9800 4672   !         javax.swing.text.PlainView::viewToModel (313 bytes)
Event: 1477.626 Thread 0x0bbb9800 nmethod 4672 0x0c4de848 code [0x0c4deab0, 0x0c4df124]
Event: 1478.438 Thread 0x0bbb9800 4673             com.mathworks.widgets.grouptable.AffordanceManager::getVisibleItems (70 bytes)
Event: 1478.439 Thread 0x0bbb9800 nmethod 4673 0x0c4dfc48 code [0x0c4dfda0, 0x0c4e005c]
Event: 1478.542 Thread 0x0bbb9800 4674             com.mathworks.widgets.spreadsheet.data.ComplexScalar::toString (13 bytes)
Event: 1478.542 Thread 0x0bbb9800 nmethod 4674 0x0c4e04c8 code [0x0c4e05e0, 0x0c4e06f8]

GC Heap History (10 events):
Event: 1272.567 GC heap before
{Heap before GC invocations=156 (full 2):
 def new generation   total 24704K, used 22952K [0x102e0000, 0x11da0000, 0x1dce0000)
  eden space 22016K, 100% used [0x102e0000, 0x11860000, 0x11860000)
  from space 2688K,  34% used [0x11860000, 0x1194a1d8, 0x11b00000)
  to   space 2688K,   0% used [0x11b00000, 0x11b00000, 0x11da0000)
 tenured generation   total 81996K, used 51094K [0x1dce0000, 0x22cf3000, 0x46ae0000)
   the space 81996K,  62% used [0x1dce0000, 0x20ec5818, 0x20ec5a00, 0x22cf3000)
 compacting perm gen  total 38656K, used 38590K [0x46ae0000, 0x490a0000, 0x4cae0000)
   the space 38656K,  99% used [0x46ae0000, 0x4908f9c8, 0x4908fa00, 0x490a0000)
No shared spaces configured.
Event: 1272.570 GC heap after
Heap after GC invocations=157 (full 2):
 def new generation   total 24704K, used 722K [0x102e0000, 0x11da0000, 0x1dce0000)
  eden space 22016K,   0% used [0x102e0000, 0x102e0000, 0x11860000)
  from space 2688K,  26% used [0x11b00000, 0x11bb4ae8, 0x11da0000)
  to   space 2688K,   0% used [0x11860000, 0x11860000, 0x11b00000)
 tenured generation   total 81996K, used 51094K [0x1dce0000, 0x22cf3000, 0x46ae0000)
   the space 81996K,  62% used [0x1dce0000, 0x20ec5818, 0x20ec5a00, 0x22cf3000)
 compacting perm gen  total 38656K, used 38590K [0x46ae0000, 0x490a0000, 0x4cae0000)
   the space 38656K,  99% used [0x46ae0000, 0x4908f9c8, 0x4908fa00, 0x490a0000)
No shared spaces configured.
}
Event: 1424.486 GC heap before
{Heap before GC invocations=157 (full 2):
 def new generation   total 24704K, used 22738K [0x102e0000, 0x11da0000, 0x1dce0000)
  eden space 22016K, 100% used [0x102e0000, 0x11860000, 0x11860000)
  from space 2688K,  26% used [0x11b00000, 0x11bb4ae8, 0x11da0000)
  to   space 2688K,   0% used [0x11860000, 0x11860000, 0x11b00000)
 tenured generation   total 81996K, used 51094K [0x1dce0000, 0x22cf3000, 0x46ae0000)
   the space 81996K,  62% used [0x1dce0000, 0x20ec5818, 0x20ec5a00, 0x22cf3000)
 compacting perm gen  total 38656K, used 38590K [0x46ae0000, 0x490a0000, 0x4cae0000)
   the space 38656K,  99% used [0x46ae0000, 0x4908f9c8, 0x4908fa00, 0x490a0000)
No shared spaces configured.
Event: 1424.489 GC heap after
Heap after GC invocations=158 (full 2):
 def new generation   total 24704K, used 903K [0x102e0000, 0x11da0000, 0x1dce0000)
  eden space 22016K,   0% used [0x102e0000, 0x102e0000, 0x11860000)
  from space 2688K,  33% used [0x11860000, 0x11941fa0, 0x11b00000)
  to   space 2688K,   0% used [0x11b00000, 0x11b00000, 0x11da0000)
 tenured generation   total 81996K, used 51094K [0x1dce0000, 0x22cf3000, 0x46ae0000)
   the space 81996K,  62% used [0x1dce0000, 0x20ec5818, 0x20ec5a00, 0x22cf3000)
 compacting perm gen  total 38656K, used 38590K [0x46ae0000, 0x490a0000, 0x4cae0000)
   the space 38656K,  99% used [0x46ae0000, 0x4908f9c8, 0x4908fa00, 0x490a0000)
No shared spaces configured.
}
Event: 1469.961 GC heap before
{Heap before GC invocations=158 (full 2):
 def new generation   total 24704K, used 22919K [0x102e0000, 0x11da0000, 0x1dce0000)
  eden space 22016K, 100% used [0x102e0000, 0x11860000, 0x11860000)
  from space 2688K,  33% used [0x11860000, 0x11941fa0, 0x11b00000)
  to   space 2688K,   0% used [0x11b00000, 0x11b00000, 0x11da0000)
 tenured generation   total 81996K, used 51094K [0x1dce0000, 0x22cf3000, 0x46ae0000)
   the space 81996K,  62% used [0x1dce0000, 0x20ec5818, 0x20ec5a00, 0x22cf3000)
 compacting perm gen  total 38656K, used 38590K [0x46ae0000, 0x490a0000, 0x4cae0000)
   the space 38656K,  99% used [0x46ae0000, 0x4908fa18, 0x4908fc00, 0x490a0000)
No shared spaces configured.
Event: 1469.966 GC heap after
Heap after GC invocations=159 (full 2):
 def new generation   total 24704K, used 833K [0x102e0000, 0x11da0000, 0x1dce0000)
  eden space 22016K,   0% used [0x102e0000, 0x102e0000, 0x11860000)
  from space 2688K,  31% used [0x11b00000, 0x11bd0658, 0x11da0000)
  to   space 2688K,   0% used [0x11860000, 0x11860000, 0x11b00000)
 tenured generation   total 81996K, used 51094K [0x1dce0000, 0x22cf3000, 0x46ae0000)
   the space 81996K,  62% used [0x1dce0000, 0x20ec5818, 0x20ec5a00, 0x22cf3000)
 compacting perm gen  total 38656K, used 38590K [0x46ae0000, 0x490a0000, 0x4cae0000)
   the space 38656K,  99% used [0x46ae0000, 0x4908fa18, 0x4908fc00, 0x490a0000)
No shared spaces configured.
}
Event: 1475.664 GC heap before
{Heap before GC invocations=159 (full 2):
 def new generation   total 24704K, used 22849K [0x102e0000, 0x11da0000, 0x1dce0000)
  eden space 22016K, 100% used [0x102e0000, 0x11860000, 0x11860000)
  from space 2688K,  31% used [0x11b00000, 0x11bd0658, 0x11da0000)
  to   space 2688K,   0% used [0x11860000, 0x11860000, 0x11b00000)
 tenured generation   total 81996K, used 51094K [0x1dce0000, 0x22cf3000, 0x46ae0000)
   the space 81996K,  62% used [0x1dce0000, 0x20ec5818, 0x20ec5a00, 0x22cf3000)
 compacting perm gen  total 38656K, used 38599K [0x46ae0000, 0x490a0000, 0x4cae0000)
   the space 38656K,  99% used [0x46ae0000, 0x49091e28, 0x49092000, 0x490a0000)
No shared spaces configured.
Event: 1475.667 GC heap after
Heap after GC invocations=160 (full 2):
 def new generation   total 24704K, used 1490K [0x102e0000, 0x11da0000, 0x1dce0000)
  eden space 22016K,   0% used [0x102e0000, 0x102e0000, 0x11860000)
  from space 2688K,  55% used [0x11860000, 0x119d4ae8, 0x11b00000)
  to   space 2688K,   0% used [0x11b00000, 0x11b00000, 0x11da0000)
 tenured generation   total 81996K, used 51094K [0x1dce0000, 0x22cf3000, 0x46ae0000)
   the space 81996K,  62% used [0x1dce0000, 0x20ec5818, 0x20ec5a00, 0x22cf3000)
 compacting perm gen  total 38656K, used 38599K [0x46ae0000, 0x490a0000, 0x4cae0000)
   the space 38656K,  99% used [0x46ae0000, 0x49091e28, 0x49092000, 0x490a0000)
No shared spaces configured.
}
Event: 1477.293 GC heap before
{Heap before GC invocations=160 (full 2):
 def new generation   total 24704K, used 23506K [0x102e0000, 0x11da0000, 0x1dce0000)
  eden space 22016K, 100% used [0x102e0000, 0x11860000, 0x11860000)
  from space 2688K,  55% used [0x11860000, 0x119d4ae8, 0x11b00000)
  to   space 2688K,   0% used [0x11b00000, 0x11b00000, 0x11da0000)
 tenured generation   total 81996K, used 51094K [0x1dce0000, 0x22cf3000, 0x46ae0000)
   the space 81996K,  62% used [0x1dce0000, 0x20ec5818, 0x20ec5a00, 0x22cf3000)
 compacting perm gen  total 38656K, used 38599K [0x46ae0000, 0x490a0000, 0x4cae0000)
   the space 38656K,  99% used [0x46ae0000, 0x49091e88, 0x49092000, 0x490a0000)
No shared spaces configured.
Event: 1477.300 GC heap after
Heap after GC invocations=161 (full 2):
 def new generation   total 24704K, used 1586K [0x102e0000, 0x11da0000, 0x1dce0000)
  eden space 22016K,   0% used [0x102e0000, 0x102e0000, 0x11860000)
  from space 2688K,  59% used [0x11b00000, 0x11c8c8e8, 0x11da0000)
  to   space 2688K,   0% used [0x11860000, 0x11860000, 0x11b00000)
 tenured generation   total 81996K, used 51396K [0x1dce0000, 0x22cf3000, 0x46ae0000)
   the space 81996K,  62% used [0x1dce0000, 0x20f11208, 0x20f11400, 0x22cf3000)
 compacting perm gen  total 38656K, used 38599K [0x46ae0000, 0x490a0000, 0x4cae0000)
   the space 38656K,  99% used [0x46ae0000, 0x49091e88, 0x49092000, 0x490a0000)
No shared spaces configured.
}

Deoptimization events (0 events):
No events

Internal exceptions (10 events):
Event: 1478.338 Thread 0x0bad8800 Threw 0x1075a458 at C:\jdk7u1_32P\jdk7u11\hotspot\src\share\vm\prims\jvm.cpp:1166
Event: 1478.338 Thread 0x0bad8800 Threw 0x1075aa00 at C:\jdk7u1_32P\jdk7u11\hotspot\src\share\vm\prims\jvm.cpp:1166
Event: 1478.339 Thread 0x0bad8800 Threw 0x10793218 at C:\jdk7u1_32P\jdk7u11\hotspot\src\share\vm\prims\jvm.cpp:1166
Event: 1478.369 Thread 0x57f56000 Threw 0x1093b108 at C:\jdk7u1_32P\jdk7u11\hotspot\src\share\vm\prims\jvm.cpp:1166
Event: 1478.371 Thread 0x57f56000 Threw 0x10958640 at C:\jdk7u1_32P\jdk7u11\hotspot\src\share\vm\prims\jvm.cpp:1166
Event: 1478.372 Thread 0x57f56000 Threw 0x109e7b70 at C:\jdk7u1_32P\jdk7u11\hotspot\src\share\vm\prims\jvm.cpp:1166
Event: 1478.373 Thread 0x57f56000 Threw 0x10a01918 at C:\jdk7u1_32P\jdk7u11\hotspot\src\share\vm\prims\jni.cpp:716
Event: 1478.373 Thread 0x57f56000 Threw 0x10a01ea8 at C:\jdk7u1_32P\jdk7u11\hotspot\src\share\vm\prims\jvm.cpp:1166
Event: 1478.374 Thread 0x57f56000 Threw 0x10a1e470 at C:\jdk7u1_32P\jdk7u11\hotspot\src\share\vm\prims\jvm.cpp:1166
Event: 1478.804 Thread 0x4dd9dc00 Threw 0x10eeb850 at C:\jdk7u1_32P\jdk7u11\hotspot\src\share\vm\prims\jni.cpp:1597

Events (10 events):
Event: 1478.448 Thread 0x4dd9f000 Thread added: 0x4dd9f000
Event: 1478.457 Executing VM operation: RevokeBias
Event: 1478.457 Executing VM operation: RevokeBias done
Event: 1478.457 Thread 0x4dd9f000 Thread exited: 0x4dd9f000
Event: 1478.513 Executing VM operation: RevokeBias
Event: 1478.513 Executing VM operation: RevokeBias done
Event: 1478.532 Executing VM operation: RevokeBias
Event: 1478.532 Executing VM operation: RevokeBias done
Event: 1478.549 Executing VM operation: RevokeBias
Event: 1478.549 Executing VM operation: RevokeBias done


Dynamic libraries:
0x00400000 - 0x00426000 	D:\Program Files\MATLAB\R2013b\bin\win32\MATLAB.exe
0x77200000 - 0x7733c000 	C:\Windows\SYSTEM32\ntdll.dll
0x77350000 - 0x77424000 	C:\Windows\system32\kernel32.dll
0x75550000 - 0x7559a000 	C:\Windows\system32\KERNELBASE.dll
0x10000000 - 0x102db000 	D:\Program Files\MATLAB\R2013b\bin\win32\libmwservices.dll
0x7dec0000 - 0x7df65000 	D:\Program Files\MATLAB\R2013b\bin\win32\libmwi18n.dll
0x7deb0000 - 0x7debb000 	D:\Program Files\MATLAB\R2013b\bin\win32\libmwresource_core.dll
0x000d0000 - 0x00139000 	D:\Program Files\MATLAB\R2013b\bin\win32\MSVCP100.dll
0x00250000 - 0x0030f000 	D:\Program Files\MATLAB\R2013b\bin\win32\MSVCR100.dll
0x00020000 - 0x0002c000 	D:\Program Files\MATLAB\R2013b\bin\win32\boost_date_time-vc100-mt-1_49.dll
0x00310000 - 0x00335000 	D:\Program Files\MATLAB\R2013b\bin\win32\boost_filesystem-vc100-mt-1_49.dll
0x00140000 - 0x00147000 	D:\Program Files\MATLAB\R2013b\bin\win32\boost_system-vc100-mt-1_49.dll
0x770d0000 - 0x77170000 	C:\Windows\system32\ADVAPI32.dll
0x769e0000 - 0x76a8c000 	C:\Windows\system32\msvcrt.dll
0x76b70000 - 0x76b89000 	C:\Windows\SYSTEM32\sechost.dll
0x76c10000 - 0x76cb1000 	C:\Windows\system32\RPCRT4.dll
0x00340000 - 0x00361000 	D:\Program Files\MATLAB\R2013b\bin\win32\LIBEXPAT.dll
0x7dce0000 - 0x7de29000 	D:\Program Files\MATLAB\R2013b\bin\win32\icuin49.dll
0x7dbd0000 - 0x7dcd7000 	D:\Program Files\MATLAB\R2013b\bin\win32\icuuc49.dll
0x00c30000 - 0x01d52000 	D:\Program Files\MATLAB\R2013b\bin\win32\icudt49.dll
0x7dbc0000 - 0x7dbcd000 	D:\Program Files\MATLAB\R2013b\bin\win32\icuio49.dll
0x01d60000 - 0x01df5000 	D:\Program Files\MATLAB\R2013b\bin\win32\libut.dll
0x7da60000 - 0x7dbb7000 	D:\Program Files\MATLAB\R2013b\bin\win32\libmwfl.dll
0x01e00000 - 0x02145000 	D:\Program Files\MATLAB\R2013b\bin\win32\libmwMATLAB_res.dll
0x02150000 - 0x02204000 	D:\Program Files\MATLAB\R2013b\bin\win32\boost_regex-vc100-mt-1_49.dll
0x758f0000 - 0x759b9000 	C:\Windows\system32\USER32.dll
0x76a90000 - 0x76ade000 	C:\Windows\system32\GDI32.dll
0x77340000 - 0x7734a000 	C:\Windows\system32\LPK.dll
0x76ea0000 - 0x76f3d000 	C:\Windows\system32\USP10.dll
0x003b0000 - 0x003be000 	D:\Program Files\MATLAB\R2013b\bin\win32\boost_signals-vc100-mt-1_49.dll
0x003c0000 - 0x003ce000 	D:\Program Files\MATLAB\R2013b\bin\win32\boost_thread-vc100-mt-1_49.dll
0x02210000 - 0x02284000 	D:\Program Files\MATLAB\R2013b\bin\win32\boost_log-vc100-mt-1_49.dll
0x759c0000 - 0x759c5000 	C:\Windows\system32\PSAPI.DLL
0x76cc0000 - 0x76cf5000 	C:\Windows\system32\WS2_32.dll
0x767c0000 - 0x767c6000 	C:\Windows\system32\NSI.dll
0x003d0000 - 0x003f8000 	D:\Program Files\MATLAB\R2013b\bin\win32\tbb.dll
0x771d0000 - 0x771fa000 	C:\Windows\system32\imagehlp.dll
0x73d10000 - 0x73d35000 	C:\Windows\system32\POWRPROF.dll
0x76d00000 - 0x76e9d000 	C:\Windows\system32\SETUPAPI.dll
0x75520000 - 0x75547000 	C:\Windows\system32\CFGMGR32.dll
0x77040000 - 0x770cf000 	C:\Windows\system32\OLEAUT32.dll
0x75650000 - 0x757ac000 	C:\Windows\system32\ole32.dll
0x75630000 - 0x75642000 	C:\Windows\system32\DEVOBJ.dll
0x7d250000 - 0x7d317000 	D:\Program Files\MATLAB\R2013b\bin\win32\libmx.dll
0x02290000 - 0x022a8000 	D:\Program Files\MATLAB\R2013b\bin\win32\tbbmalloc.dll
0x022b0000 - 0x022c4000 	D:\Program Files\MATLAB\R2013b\bin\win32\zlib1.dll
0x7d1f0000 - 0x7d22e000 	D:\Program Files\MATLAB\R2013b\bin\win32\libmwregexp.dll
0x7d1b0000 - 0x7d1e8000 	D:\Program Files\MATLAB\R2013b\bin\win32\mpath.dll
0x022d0000 - 0x0281e000 	D:\Program Files\MATLAB\R2013b\bin\win32\mlutil.dll
0x7cc50000 - 0x7ccb2000 	D:\Program Files\MATLAB\R2013b\bin\win32\xmlcore.dll
0x02820000 - 0x029e0000 	D:\Program Files\MATLAB\R2013b\bin\win32\xerces-c_2_7.dll
0x7ca70000 - 0x7ca91000 	D:\Program Files\MATLAB\R2013b\bin\win32\libmwMATLAB_settings_res.dll
0x029f0000 - 0x029fd000 	D:\Program Files\MATLAB\R2013b\bin\win32\boost_iostreams-vc100-mt-1_49.dll
0x02a00000 - 0x02a3e000 	D:\Program Files\MATLAB\R2013b\bin\win32\boost_serialization-vc100-mt-1_49.dll
0x75a50000 - 0x7669a000 	C:\Windows\system32\SHELL32.dll
0x759f0000 - 0x75a47000 	C:\Windows\system32\SHLWAPI.dll
0x7ca10000 - 0x7ca15000 	D:\Program Files\MATLAB\R2013b\bin\win32\libmwnativedisplay.dll
0x02a40000 - 0x02a7d000 	D:\Program Files\MATLAB\R2013b\bin\win32\opccore.dll
0x02a80000 - 0x02b2e000 	D:\Program Files\MATLAB\R2013b\bin\win32\opcmodel.dll
0x02b30000 - 0x02b53000 	D:\Program Files\MATLAB\R2013b\bin\win32\opczippackage.dll
0x02b60000 - 0x02b6d000 	D:\Program Files\MATLAB\R2013b\bin\win32\libminizip.dll
0x02b70000 - 0x02bc1000 	D:\Program Files\MATLAB\R2013b\bin\win32\opcmwservices.dll
0x71ab0000 - 0x71b34000 	C:\Windows\WinSxS\x86_microsoft.windows.common-controls_6595b64144ccf1df_5.82.7601.17514_none_ec83dffa859149af\COMCTL32.dll
0x76b90000 - 0x76c0b000 	C:\Windows\system32\COMDLG32.dll
0x73ad0000 - 0x73ae1000 	C:\Windows\system32\NETAPI32.dll
0x73ac0000 - 0x73ac9000 	C:\Windows\system32\netutils.dll
0x74fc0000 - 0x74fd9000 	C:\Windows\system32\srvcli.dll
0x73ab0000 - 0x73abf000 	C:\Windows\system32\wkscli.dll
0x7c980000 - 0x7ca0a000 	D:\Program Files\MATLAB\R2013b\bin\win32\mcr.dll
0x02bd0000 - 0x02f68000 	D:\Program Files\MATLAB\R2013b\bin\win32\iqm.dll
0x02f70000 - 0x02ffd000 	D:\Program Files\MATLAB\R2013b\bin\win32\m_dispatcher.dll
0x03000000 - 0x03546000 	D:\Program Files\MATLAB\R2013b\bin\win32\m_interpreter.dll
0x7bef0000 - 0x7bf0c000 	D:\Program Files\MATLAB\R2013b\bin\win32\libmex.dll
0x7be90000 - 0x7bef0000 	D:\Program Files\MATLAB\R2013b\bin\win32\profiler.dll
0x7bc20000 - 0x7bd6e000 	D:\Program Files\MATLAB\R2013b\bin\win32\libmwmathutil.dll
0x03550000 - 0x03571000 	D:\Program Files\MATLAB\R2013b\bin\win32\libmwmathrng.dll
0x7bbf0000 - 0x7bbfe000 	D:\Program Files\MATLAB\R2013b\bin\win32\libmwmfl_rng.dll
0x03580000 - 0x0364f000 	D:\Program Files\MATLAB\R2013b\bin\win32\libmwmathcore.dll
0x7baf0000 - 0x7bb38000 	D:\Program Files\MATLAB\R2013b\bin\win32\libmwspmatrix.dll
0x03650000 - 0x03808000 	D:\Program Files\MATLAB\R2013b\bin\win32\mcos.dll
0x7b8b0000 - 0x7b8fa000 	D:\Program Files\MATLAB\R2013b\bin\win32\libmwcholmod.dll
0x7b8a0000 - 0x7b8a9000 	D:\Program Files\MATLAB\R2013b\bin\win32\libmwamd.dll
0x7b890000 - 0x7b899000 	D:\Program Files\MATLAB\R2013b\bin\win32\libmwcolamd.dll
0x7b880000 - 0x7b88b000 	D:\Program Files\MATLAB\R2013b\bin\win32\libmwblas.dll
0x7b860000 - 0x7b871000 	D:\Program Files\MATLAB\R2013b\bin\win32\libmwbinder.dll
0x7b850000 - 0x7b859000 	D:\Program Files\MATLAB\R2013b\bin\win32\libmwompwrapper.dll
0x7b810000 - 0x7b844000 	D:\Program Files\MATLAB\R2013b\bin\win32\libmwlapack.dll
0x7b7f0000 - 0x7b807000 	D:\Program Files\MATLAB\R2013b\bin\win32\m_pcodeio.dll
0x7b7a0000 - 0x7b7e9000 	D:\Program Files\MATLAB\R2013b\bin\win32\m_ir.dll
0x03810000 - 0x03dac000 	D:\Program Files\MATLAB\R2013b\bin\win32\m_parser.dll
0x7b1f0000 - 0x7b201000 	D:\Program Files\MATLAB\R2013b\bin\win32\ir_xfmr.dll
0x7b1e0000 - 0x7b1ee000 	D:\Program Files\MATLAB\R2013b\bin\win32\mtok.dll
0x7b1b0000 - 0x7b1d1000 	D:\Program Files\MATLAB\R2013b\bin\win32\m_pcodegen.dll
0x7b180000 - 0x7b1a7000 	D:\Program Files\MATLAB\R2013b\bin\win32\libmwbridge.dll
0x7b0e0000 - 0x7b171000 	D:\Program Files\MATLAB\R2013b\bin\win32\udd.dll
0x7afc0000 - 0x7b0da000 	D:\Program Files\MATLAB\R2013b\bin\win32\libmwgui.dll
0x7afa0000 - 0x7afc0000 	D:\Program Files\MATLAB\R2013b\bin\win32\graphics_util.dll
0x03db0000 - 0x03e62000 	D:\Program Files\MATLAB\R2013b\bin\win32\libtex_base.dll
0x7a790000 - 0x7aef3000 	D:\Program Files\MATLAB\R2013b\bin\win32\hg.dll
0x7a740000 - 0x7a789000 	D:\Program Files\MATLAB\R2013b\bin\win32\libmat.dll
0x03e70000 - 0x04059000 	D:\Program Files\MATLAB\R2013b\bin\win32\hdf5dll.dll
0x7a4a0000 - 0x7a547000 	D:\Program Files\MATLAB\R2013b\bin\win32\jmi.dll
0x7a490000 - 0x7a49c000 	D:\Program Files\MATLAB\R2013b\bin\win32\nativejava_services.dll
0x7a450000 - 0x7a484000 	D:\Program Files\MATLAB\R2013b\bin\win32\libmwhardcopy.dll
0x7a400000 - 0x7a448000 	D:\Program Files\MATLAB\R2013b\bin\win32\libuij.dll
0x7a220000 - 0x7a3c4000 	D:\Program Files\MATLAB\R2013b\bin\win32\hgdatatypes.dll
0x04070000 - 0x0414d000 	D:\Program Files\MATLAB\R2013b\bin\win32\hgutils.dll
0x7a0d0000 - 0x7a159000 	D:\Program Files\MATLAB\R2013b\bin\win32\udd_mi.dll
0x7a0a0000 - 0x7a0cd000 	D:\Program Files\MATLAB\R2013b\bin\win32\libmwgbtutils.dll
0x7a090000 - 0x7a0a0000 	D:\Program Files\MATLAB\R2013b\bin\win32\libmwgbt.dll
0x04150000 - 0x043f7000 	D:\Program Files\MATLAB\R2013b\bin\win32\uiw.dll
0x79dd0000 - 0x79dd8000 	D:\Program Files\MATLAB\R2013b\bin\win32\uinone.dll
0x04400000 - 0x04423000 	D:\Program Files\MATLAB\R2013b\bin\win32\libmwnativedialogs.dll
0x79da0000 - 0x79da9000 	D:\Program Files\MATLAB\R2013b\bin\win32\libmwplatform_res.dll
0x71a70000 - 0x71a82000 	C:\Windows\system32\MPR.dll
0x04440000 - 0x04878000 	D:\Program Files\MATLAB\R2013b\bin\win32\mfc100.dll
0x700c0000 - 0x700c5000 	C:\Windows\system32\MSIMG32.dll
0x71490000 - 0x714e1000 	C:\Windows\system32\WINSPOOL.DRV
0x79d80000 - 0x79d96000 	D:\Program Files\MATLAB\R2013b\bin\win32\mwoles05.DLL
0x79d20000 - 0x79d73000 	D:\Program Files\MATLAB\R2013b\bin\win32\comcli.dll
0x04880000 - 0x048a6000 	D:\Program Files\MATLAB\R2013b\bin\win32\ATL100.DLL
0x79d10000 - 0x79d1a000 	D:\Program Files\MATLAB\R2013b\bin\win32\mlautoregister.dll
0x048b0000 - 0x04a05000 	D:\Program Files\MATLAB\R2013b\bin\win32\mvm.dll
0x759d0000 - 0x759ef000 	C:\Windows\system32\IMM32.DLL
0x766f0000 - 0x767bc000 	C:\Windows\system32\MSCTF.dll
0x740e0000 - 0x74120000 	C:\Windows\system32\UxTheme.dll
0x73df0000 - 0x73e03000 	C:\Windows\system32\dwmapi.dll
0x04b90000 - 0x04b9d000 	D:\Program Files\MATLAB\R2013b\bin\win32\MFC100ENU.DLL

VM Arguments:
jvm_args: -Xss512k -XX:PermSize=32m -Xms64m -XX:NewRatio=3 -XX:MaxPermSize=96m -Xmx871m -XX:MaxDirectMemorySize=1200000000 -Dsun.java2d.noddraw=true -Dsun.awt.nopixfmt=true -Xshare:off -Xrs -XX:-UseSplitVerifier -Djava.library.path=D:\Program Files\MATLAB\R2013b\bin\win32;D:\Program Files\MATLAB\R2013b\sys\jxbrowser\win32\lib vfprintf abort -Duser.language=en -Duser.country=US 
java_command: <unknown>
Launcher Type: generic

Environment Variables:
CLASSPATH=C:\Program Files\Weka-3-6\weka-spectral-clusterer.jar;C:\Program Files\Weka-3-6\colt.jar;C:\Program Files\Java\jdk1.8.0\bin\
PATH=C:\Program Files\Intel\iCLS Client\;C:\Windows\system32;C:\Windows;C:\Windows\System32\Wbem;C:\Windows\System32\WindowsPowerShell\v1.0\;C:\Program Files\Intel\OpenCL SDK\2.0\bin\x86;C:\Program Files\Intel\Intel(R) Management Engine Components\DAL;C:\Program Files\Intel\Intel(R) Management Engine Components\IPT;C:\Program Files\Java\jdk1.8.0\;d:\Program Files\MATLAB\R2013b\runtime\win32;d:\Program Files\MATLAB\R2013b\bin;d:\Program Files\MATLAB\R2013b\polyspace\bin
USERNAME=MeAb
OS=Windows_NT
PROCESSOR_IDENTIFIER=x86 Family 6 Model 58 Stepping 9, GenuineIntel



---------------  S Y S T E M  ---------------

OS: Windows 7 Build 7601 Service Pack 1

CPU:total 4 (2 cores per cpu, 2 threads per core) family 6 model 58 stepping 9, cmov, cx8, fxsr, mmx, sse, sse2, sse3, ssse3, sse4.1, sse4.2, popcnt, avx, ht, tsc, tscinvbit, tscinv

Memory: 4k page, physical 3569080k(1281876k free), swap 7136404k(4019660k free)

vm_info: Java HotSpot(TM) Client VM (23.6-b04) for windows-x86 JRE (1.7.0_11-b21), built on Jan 12 2013 02:19:22 by "java_re" with unknown MS VC++:1600

time: Sat Jun 14 09:43:51 2014
elapsed time: 1478 seconds

