#
# A fatal error has been detected by the Java Runtime Environment:
#
#  EXCEPTION_ACCESS_VIOLATION (0xc0000005) at pc=0x630f6877, pid=4552, tid=7832
#
# JRE version: 7.0_11-b21
# Java VM: Java HotSpot(TM) Client VM (23.6-b04 mixed mode windows-x86 )
# Problematic frame:
# C  0x630f6877  NS_InvokeByIndex_P+0x36351
#
# Failed to write core dump. Minidumps are not enabled by default on client versions of Windows
#
# If you would like to submit a bug report, please visit:
#   http://bugreport.sun.com/bugreport/crash.jsp
# The crash happened outside the Java Virtual Machine in native code.
# See problematic frame for where to report the bug.
#

---------------  T H R E A D  ---------------

Current thread (0x5787ec00):  JavaThread "XPCOM" daemon [_thread_in_native, id=7832, stack(0x4f360000,0x4f3e0000)]

siginfo: ExceptionCode=0xc0000005, reading address 0x00000000

Registers:
EAX=0x00000000, EBX=0x00000000, ECX=0x601372c4, EDX=0x00000008
ESP=0x4f3dd2a0, EBP=0x4f3dd2e8, ESI=0x60137280, EDI=0x6eb31006
EIP=0x630f6877, EFLAGS=0x00010246

Top of Stack: (sp=0x4f3dd2a0)
0x4f3dd2a0:   6eb31006 60137280 00000000 633de41c
0x4f3dd2b0:   4f3dd22d 634bd15c 504f73e0 00000000
0x4f3dd2c0:   80070008 00000100 00000094 00000006
0x4f3dd2d0:   00000001 00001db1 00000002 76726553
0x4f3dd2e0:   20656369 6b636150 00003120 633b574c
0x4f3dd2f0:   00000026 00000001 4f7440ac 00000000
0x4f3dd300:   4f7017bc 00000008 4f510040 6eb31006
0x4f3dd310:   6011aad8 00000000 00000000 00000000 

Instructions: (pc=0x630f6877)
0x630f6857:   c3 74 5c 8d 4d d4 51 68 48 64 16 63 53 ff d0 ff
0x630f6867:   75 d4 8d 4e 44 89 45 d8 e8 9a 40 c9 ff 8b 45 d4
0x630f6877:   8b 08 50 ff 51 08 39 5d d8 7c 24 8b 46 44 8d 7e
0x630f6887:   48 8b 0f 89 45 d8 89 1f 3b cb 74 09 8b 01 51 ff 


Register to memory mapping:

EAX=0x00000000 is an unknown value
EBX=0x00000000 is an unknown value
ECX=0x601372c4 is an unknown value
EDX=0x00000008 is an unknown value
ESP=0x4f3dd2a0 is pointing into the stack for thread: 0x5787ec00
EBP=0x4f3dd2e8 is pointing into the stack for thread: 0x5787ec00
ESI=0x60137280 is an unknown value
EDI=0x6eb31006 is an unknown value


Stack: [0x4f360000,0x4f3e0000],  sp=0x4f3dd2a0,  free space=500k
Native frames: (J=compiled Java code, j=interpreted, Vv=VM code, C=native code)
C  0x630f6877  NS_InvokeByIndex_P+0x36351

Java frames: (J=compiled Java code, j=interpreted, Vv=VM code)
j  com.teamdev.jxbrowser.gecko15.xpcom.XPCOMJavaProxy.CallXPCOMMethod(Ljava/lang/Object;Ljava/lang/String;Ljava/lang/String;[Ljava/lang/Object;)Ljava/lang/Object;+0
j  com.teamdev.jxbrowser.gecko15.xpcom.XPCOMJavaProxy.invoke(Ljava/lang/Object;Ljava/lang/reflect/Method;[Ljava/lang/Object;)Ljava/lang/Object;+97
j  $Proxy23.run()V+9
j  com.teamdev.jxbrowser.gecko15.xpcom.AppShellMozillaThread.a()V+20
j  com.teamdev.jxbrowser.gecko15.xpcom.AppShellMozillaThread.a(Lcom/teamdev/jxbrowser/gecko15/xpcom/AppShellMozillaThread;)V+1
j  com.teamdev.jxbrowser.gecko15.xpcom.AppShellMozillaThread$a.run()V+30
j  java.lang.Thread.run()V+11
v  ~StubRoutines::call_stub

---------------  P R O C E S S  ---------------

Java Threads: ( => current thread )
  0x5787f400 
[error occurred during error reporting (printing all threads), id 0xc0000005]

VM state:at safepoint (normal execution)

VM Mutex/Monitor currently owned by a thread:  ([mutex/lock_event])
[0x085fbef8] Threads_lock - owner thread: 0x08847c00
[0x085fc308] Heap_lock - owner thread: 0x0dd00c00

Heap
 def new generation   total 21696K, used 1419K [0x102e0000, 0x11a60000, 0x1dce0000)
  eden space 19328K,   0% used [0x102e0000, 0x102e0000, 0x115c0000)
  from space 2368K,  59% used [0x11810000, 0x11972ea0, 0x11a60000)
  to   space 2368K,   0% used [0x115c0000, 0x115c0000, 0x11810000)
 tenured generation   total 72280K, used 72212K [0x1dce0000, 0x22376000, 0x46ae0000)
   the space 72280K,  99% used [0x1dce0000, 0x22365360, 0x20fdbe00, 0x22376000)
 compacting perm gen  total 38144K, used 37976K [0x46ae0000, 0x49020000, 0x4cae0000)
   the space 38144K,  99% used [0x46ae0000, 0x48ff6090, 0x48ff6200, 0x49020000)
No shared spaces configured.

Card table byte_map: [0x0a9d0000,0x0abc0000] byte_map_base: 0x0a94e900

Polling page: 0x047c0000

Code Cache  [0x089d0000, 0x092c8000, 0x0a9d0000)
 total_blobs=5431 nmethods=5120 adapters=242 free_code_cache=23596Kb largest_free_block=24158464

Compilation events (10 events):
Event: 9945.458 Thread 0x0887ec00 5186             java.util.zip.ZipCoder::getBytes (192 bytes)
Event: 9945.459 Thread 0x0887ec00 nmethod 5186 0x092b95c8 code [0x092b9800, 0x092ba2cc]
Event: 9945.459 Thread 0x0887ec00 5187             java.nio.charset.CharsetEncoder::reset (11 bytes)
Event: 9945.460 Thread 0x0887ec00 nmethod 5187 0x092babc8 code [0x092bacd0, 0x092bad7c]
Event: 9945.508 Thread 0x0887ec00 5188   !         sun.misc.ProxyGenerator::generateClassFile (649 bytes)
Event: 9945.512 Thread 0x0887ec00 nmethod 5188 0x092bb208 code [0x092bb8f0, 0x092bd3d4]
Event: 9945.727 Thread 0x0887ec00 5189             sun.misc.ProxyGenerator$ConstantPool::getNameAndType (30 bytes)
Event: 9945.728 Thread 0x0887ec00 nmethod 5189 0x092bfb08 code [0x092bfc40, 0x092bfe3c]
Event: 9945.734 Thread 0x0887ec00 5190             sun.misc.ProxyGenerator$ProxyMethod::generateMethod (733 bytes)
Event: 9945.740 Thread 0x0887ec00 nmethod 5190 0x092c0008 code [0x092c06d0, 0x092c286c]

GC Heap History (10 events):
Event: 9839.104 GC heap before
{Heap before GC invocations=306 (full 2):
 def new generation   total 21696K, used 20490K [0x102e0000, 0x11a60000, 0x1dce0000)
  eden space 19328K, 100% used [0x102e0000, 0x115c0000, 0x115c0000)
  from space 2368K,  49% used [0x11810000, 0x11932ab8, 0x11a60000)
  to   space 2368K,   0% used [0x115c0000, 0x115c0000, 0x11810000)
 tenured generation   total 72024K, used 65085K [0x1dce0000, 0x22336000, 0x46ae0000)
   the space 72024K,  90% used [0x1dce0000, 0x21c6f730, 0x21c6f800, 0x22336000)
 compacting perm gen  total 36864K, used 36806K [0x46ae0000, 0x48ee0000, 0x4cae0000)
   the space 36864K,  99% used [0x46ae0000, 0x48ed1b08, 0x48ed1c00, 0x48ee0000)
No shared spaces configured.
Event: 9839.107 GC heap after
Heap after GC invocations=307 (full 2):
 def new generation   total 21696K, used 1144K [0x102e0000, 0x11a60000, 0x1dce0000)
  eden space 19328K,   0% used [0x102e0000, 0x102e0000, 0x115c0000)
  from space 2368K,  48% used [0x115c0000, 0x116de220, 0x11810000)
  to   space 2368K,   0% used [0x11810000, 0x11810000, 0x11a60000)
 tenured generation   total 72024K, used 65085K [0x1dce0000, 0x22336000, 0x46ae0000)
   the space 72024K,  90% used [0x1dce0000, 0x21c6f730, 0x21c6f800, 0x22336000)
 compacting perm gen  total 36864K, used 36806K [0x46ae0000, 0x48ee0000, 0x4cae0000)
   the space 36864K,  99% used [0x46ae0000, 0x48ed1b08, 0x48ed1c00, 0x48ee0000)
No shared spaces configured.
}
Event: 9934.887 GC heap before
{Heap before GC invocations=307 (full 2):
 def new generation   total 21696K, used 20434K [0x102e0000, 0x11a60000, 0x1dce0000)
  eden space 19328K,  99% used [0x102e0000, 0x115b6758, 0x115c0000)
  from space 2368K,  48% used [0x115c0000, 0x116de220, 0x11810000)
  to   space 2368K,   0% used [0x11810000, 0x11810000, 0x11a60000)
 tenured generation   total 72024K, used 65085K [0x1dce0000, 0x22336000, 0x46ae0000)
   the space 72024K,  90% used [0x1dce0000, 0x21c6f730, 0x21c6f800, 0x22336000)
 compacting perm gen  total 36864K, used 36806K [0x46ae0000, 0x48ee0000, 0x4cae0000)
   the space 36864K,  99% used [0x46ae0000, 0x48ed1b28, 0x48ed1c00, 0x48ee0000)
No shared spaces configured.
Event: 9934.891 GC heap after
Heap after GC invocations=308 (full 2):
 def new generation   total 21696K, used 1314K [0x102e0000, 0x11a60000, 0x1dce0000)
  eden space 19328K,   0% used [0x102e0000, 0x102e0000, 0x115c0000)
  from space 2368K,  55% used [0x11810000, 0x11958b20, 0x11a60000)
  to   space 2368K,   0% used [0x115c0000, 0x115c0000, 0x11810000)
 tenured generation   total 72024K, used 65085K [0x1dce0000, 0x22336000, 0x46ae0000)
   the space 72024K,  90% used [0x1dce0000, 0x21c6f730, 0x21c6f800, 0x22336000)
 compacting perm gen  total 36864K, used 36806K [0x46ae0000, 0x48ee0000, 0x4cae0000)
   the space 36864K,  99% used [0x46ae0000, 0x48ed1b28, 0x48ed1c00, 0x48ee0000)
No shared spaces configured.
}
Event: 9942.414 GC heap before
{Heap before GC invocations=308 (full 2):
 def new generation   total 21696K, used 20642K [0x102e0000, 0x11a60000, 0x1dce0000)
  eden space 19328K, 100% used [0x102e0000, 0x115c0000, 0x115c0000)
  from space 2368K,  55% used [0x11810000, 0x11958b20, 0x11a60000)
  to   space 2368K,   0% used [0x115c0000, 0x115c0000, 0x11810000)
 tenured generation   total 72024K, used 65085K [0x1dce0000, 0x22336000, 0x46ae0000)
   the space 72024K,  90% used [0x1dce0000, 0x21c6f730, 0x21c6f800, 0x22336000)
 compacting perm gen  total 36864K, used 36806K [0x46ae0000, 0x48ee0000, 0x4cae0000)
   the space 36864K,  99% used [0x46ae0000, 0x48ed1b28, 0x48ed1c00, 0x48ee0000)
No shared spaces configured.
Event: 9942.418 GC heap after
Heap after GC invocations=309 (full 2):
 def new generation   total 21696K, used 455K [0x102e0000, 0x11a60000, 0x1dce0000)
  eden space 19328K,   0% used [0x102e0000, 0x102e0000, 0x115c0000)
  from space 2368K,  19% used [0x115c0000, 0x11631fa8, 0x11810000)
  to   space 2368K,   0% used [0x11810000, 0x11810000, 0x11a60000)
 tenured generation   total 72024K, used 68683K [0x1dce0000, 0x22336000, 0x46ae0000)
   the space 72024K,  95% used [0x1dce0000, 0x21ff2d58, 0x21ff2e00, 0x22336000)
 compacting perm gen  total 36864K, used 36806K [0x46ae0000, 0x48ee0000, 0x4cae0000)
   the space 36864K,  99% used [0x46ae0000, 0x48ed1b28, 0x48ed1c00, 0x48ee0000)
No shared spaces configured.
}
Event: 9942.973 GC heap before
{Heap before GC invocations=309 (full 2):
 def new generation   total 21696K, used 19783K [0x102e0000, 0x11a60000, 0x1dce0000)
  eden space 19328K, 100% used [0x102e0000, 0x115c0000, 0x115c0000)
  from space 2368K,  19% used [0x115c0000, 0x11631fa8, 0x11810000)
  to   space 2368K,   0% used [0x11810000, 0x11810000, 0x11a60000)
 tenured generation   total 72024K, used 68683K [0x1dce0000, 0x22336000, 0x46ae0000)
   the space 72024K,  95% used [0x1dce0000, 0x21ff2d58, 0x21ff2e00, 0x22336000)
 compacting perm gen  total 37120K, used 36878K [0x46ae0000, 0x48f20000, 0x4cae0000)
   the space 37120K,  99% used [0x46ae0000, 0x48ee3880, 0x48ee3a00, 0x48f20000)
No shared spaces configured.
Event: 9942.978 GC heap after
Heap after GC invocations=310 (full 2):
 def new generation   total 21696K, used 836K [0x102e0000, 0x11a60000, 0x1dce0000)
  eden space 19328K,   0% used [0x102e0000, 0x102e0000, 0x115c0000)
  from space 2368K,  35% used [0x11810000, 0x118e1360, 0x11a60000)
  to   space 2368K,   0% used [0x115c0000, 0x115c0000, 0x11810000)
 tenured generation   total 72024K, used 68683K [0x1dce0000, 0x22336000, 0x46ae0000)
   the space 72024K,  95% used [0x1dce0000, 0x21ff2d58, 0x21ff2e00, 0x22336000)
 compacting perm gen  total 37120K, used 36878K [0x46ae0000, 0x48f20000, 0x4cae0000)
   the space 37120K,  99% used [0x46ae0000, 0x48ee3880, 0x48ee3a00, 0x48f20000)
No shared spaces configured.
}
Event: 9945.155 GC heap before
{Heap before GC invocations=310 (full 2):
 def new generation   total 21696K, used 20164K [0x102e0000, 0x11a60000, 0x1dce0000)
  eden space 19328K, 100% used [0x102e0000, 0x115c0000, 0x115c0000)
  from space 2368K,  35% used [0x11810000, 0x118e1360, 0x11a60000)
  to   space 2368K,   0% used [0x115c0000, 0x115c0000, 0x11810000)
 tenured generation   total 72024K, used 68683K [0x1dce0000, 0x22336000, 0x46ae0000)
   the space 72024K,  95% used [0x1dce0000, 0x21ff2d58, 0x21ff2e00, 0x22336000)
 compacting perm gen  total 37376K, used 37174K [0x46ae0000, 0x48f60000, 0x4cae0000)
   the space 37376K,  99% used [0x46ae0000, 0x48f2dbb8, 0x48f2dc00, 0x48f60000)
No shared spaces configured.
Event: 9945.165 GC heap after
Heap after GC invocations=311 (full 2):
 def new generation   total 21696K, used 2368K [0x102e0000, 0x11a60000, 0x1dce0000)
  eden space 19328K,   0% used [0x102e0000, 0x102e0000, 0x115c0000)
  from space 2368K, 100% used [0x115c0000, 0x11810000, 0x11810000)
  to   space 2368K,   0% used [0x11810000, 0x11810000, 0x11a60000)
 tenured generation   total 72024K, used 69847K [0x1dce0000, 0x22336000, 0x46ae0000)
   the space 72024K,  96% used [0x1dce0000, 0x22115e48, 0x22116000, 0x22336000)
 compacting perm gen  total 37376K, used 37174K [0x46ae0000, 0x48f60000, 0x4cae0000)
   the space 37376K,  99% used [0x46ae0000, 0x48f2dbb8, 0x48f2dc00, 0x48f60000)
No shared spaces configured.
}

Deoptimization events (0 events):
No events

Internal exceptions (10 events):
Event: 9945.519 Thread 0x5787e800 Threw 0x113d1b28 at C:\jdk7u1_32P\jdk7u11\hotspot\src\share\vm\prims\jvm.cpp:1166
Event: 9945.519 Thread 0x5787ec00 Threw 0x113aefe0 at C:\jdk7u1_32P\jdk7u11\hotspot\src\share\vm\prims\jvm.cpp:1166
Event: 9945.521 Thread 0x5787ec00 Threw 0x11410dd0 at C:\jdk7u1_32P\jdk7u11\hotspot\src\share\vm\prims\jvm.cpp:1166
Event: 9945.521 Thread 0x5787ec00 Threw 0x11423ea8 at C:\jdk7u1_32P\jdk7u11\hotspot\src\share\vm\prims\jvm.cpp:1166
Event: 9945.723 Thread 0x5787ec00 Threw 0x11453d98 at C:\jdk7u1_32P\jdk7u11\hotspot\src\share\vm\prims\jvm.cpp:1166
Event: 9945.725 Thread 0x5787ec00 Threw 0x1146cb30 at C:\jdk7u1_32P\jdk7u11\hotspot\src\share\vm\prims\jvm.cpp:1166
Event: 9945.730 Thread 0x5787ec00 Threw 0x114b3538 at C:\jdk7u1_32P\jdk7u11\hotspot\src\share\vm\prims\jvm.cpp:1166
Event: 9945.731 Thread 0x5787ec00 Threw 0x114c4460 at C:\jdk7u1_32P\jdk7u11\hotspot\src\share\vm\prims\jvm.cpp:1166
Event: 9945.733 Thread 0x5787ec00 Threw 0x114db138 at C:\jdk7u1_32P\jdk7u11\hotspot\src\share\vm\prims\jvm.cpp:1166
Event: 9945.736 Thread 0x5787ec00 Threw 0x114fec48 at C:\jdk7u1_32P\jdk7u11\hotspot\src\share\vm\prims\jvm.cpp:1166

Events (10 events):
Event: 9945.731 loading class 0x55ba6250
Event: 9945.731 loading class 0x55ba6250 done
Event: 9945.733 loading class 0x0e139530
Event: 9945.733 loading class 0x0e139530 done
Event: 9945.735 loading class 0x55ba5d40
Event: 9945.735 loading class 0x55ba5d40 done
Event: 9946.376 Thread 0x5787fc00 Thread added: 0x5787fc00
Event: 9946.376 Thread 0x5787fc00 Thread exited: 0x5787fc00
Event: 9946.881 Thread 0x5787fc00 Thread added: 0x5787fc00
Event: 9946.881 Thread 0x5787fc00 Thread exited: 0x5787fc00


Dynamic libraries:
0x00400000 - 0x00426000 	d:\Program Files\MATLAB\R2013b\bin\win32\matlab.exe
0x77280000 - 0x773bc000 	C:\Windows\SYSTEM32\ntdll.dll
0x761e0000 - 0x762b4000 	C:\Windows\system32\kernel32.dll
0x75660000 - 0x756aa000 	C:\Windows\system32\KERNELBASE.dll
0x10000000 - 0x102db000 	d:\Program Files\MATLAB\R2013b\bin\win32\libmwservices.dll
0x7dec0000 - 0x7df65000 	d:\Program Files\MATLAB\R2013b\bin\win32\libmwi18n.dll
0x7deb0000 - 0x7debb000 	d:\Program Files\MATLAB\R2013b\bin\win32\libmwresource_core.dll
0x664b0000 - 0x66519000 	d:\Program Files\MATLAB\R2013b\bin\win32\MSVCP100.dll
0x663f0000 - 0x664af000 	d:\Program Files\MATLAB\R2013b\bin\win32\MSVCR100.dll
0x73310000 - 0x7331c000 	d:\Program Files\MATLAB\R2013b\bin\win32\boost_date_time-vc100-mt-1_49.dll
0x67860000 - 0x67885000 	d:\Program Files\MATLAB\R2013b\bin\win32\boost_filesystem-vc100-mt-1_49.dll
0x740b0000 - 0x740b7000 	d:\Program Files\MATLAB\R2013b\bin\win32\boost_system-vc100-mt-1_49.dll
0x75e60000 - 0x75f00000 	C:\Windows\system32\ADVAPI32.dll
0x75c50000 - 0x75cfc000 	C:\Windows\system32\msvcrt.dll
0x77440000 - 0x77459000 	C:\Windows\SYSTEM32\sechost.dll
0x75930000 - 0x759d1000 	C:\Windows\system32\RPCRT4.dll
0x6b310000 - 0x6b331000 	d:\Program Files\MATLAB\R2013b\bin\win32\LIBEXPAT.dll
0x7dce0000 - 0x7de29000 	d:\Program Files\MATLAB\R2013b\bin\win32\icuin49.dll
0x7dbd0000 - 0x7dcd7000 	d:\Program Files\MATLAB\R2013b\bin\win32\icuuc49.dll
0x5ada0000 - 0x5bec2000 	d:\Program Files\MATLAB\R2013b\bin\win32\icudt49.dll
0x7dbc0000 - 0x7dbcd000 	d:\Program Files\MATLAB\R2013b\bin\win32\icuio49.dll
0x00210000 - 0x002a5000 	d:\Program Files\MATLAB\R2013b\bin\win32\libut.dll
0x7da60000 - 0x7dbb7000 	d:\Program Files\MATLAB\R2013b\bin\win32\libmwfl.dll
0x00c30000 - 0x00f75000 	d:\Program Files\MATLAB\R2013b\bin\win32\libmwMATLAB_res.dll
0x66330000 - 0x663e4000 	d:\Program Files\MATLAB\R2013b\bin\win32\boost_regex-vc100-mt-1_49.dll
0x75b80000 - 0x75c49000 	C:\Windows\system32\USER32.dll
0x77230000 - 0x7727e000 	C:\Windows\system32\GDI32.dll
0x773c0000 - 0x773ca000 	C:\Windows\system32\LPK.dll
0x75ae0000 - 0x75b7d000 	C:\Windows\system32\USP10.dll
0x6ecc0000 - 0x6ecce000 	d:\Program Files\MATLAB\R2013b\bin\win32\boost_signals-vc100-mt-1_49.dll
0x6f020000 - 0x6f02e000 	d:\Program Files\MATLAB\R2013b\bin\win32\boost_thread-vc100-mt-1_49.dll
0x66b30000 - 0x66ba4000 	d:\Program Files\MATLAB\R2013b\bin\win32\boost_log-vc100-mt-1_49.dll
0x773d0000 - 0x773d5000 	C:\Windows\system32\PSAPI.DLL
0x764f0000 - 0x76525000 	C:\Windows\system32\WS2_32.dll
0x75760000 - 0x75766000 	C:\Windows\system32\NSI.dll
0x66a00000 - 0x66a28000 	d:\Program Files\MATLAB\R2013b\bin\win32\tbb.dll
0x76530000 - 0x7655a000 	C:\Windows\system32\imagehlp.dll
0x74270000 - 0x74295000 	C:\Windows\system32\POWRPROF.dll
0x75f00000 - 0x7609d000 	C:\Windows\system32\SETUPAPI.dll
0x75630000 - 0x75657000 	C:\Windows\system32\CFGMGR32.dll
0x75840000 - 0x758cf000 	C:\Windows\system32\OLEAUT32.dll
0x75d00000 - 0x75e5c000 	C:\Windows\system32\ole32.dll
0x756b0000 - 0x756c2000 	C:\Windows\system32\DEVOBJ.dll
0x7d250000 - 0x7d317000 	d:\Program Files\MATLAB\R2013b\bin\win32\libmx.dll
0x66b10000 - 0x66b28000 	d:\Program Files\MATLAB\R2013b\bin\win32\tbbmalloc.dll
0x669e0000 - 0x669f4000 	d:\Program Files\MATLAB\R2013b\bin\win32\zlib1.dll
0x7d1f0000 - 0x7d22e000 	d:\Program Files\MATLAB\R2013b\bin\win32\libmwregexp.dll
0x7d1b0000 - 0x7d1e8000 	d:\Program Files\MATLAB\R2013b\bin\win32\mpath.dll
0x00f80000 - 0x014ce000 	d:\Program Files\MATLAB\R2013b\bin\win32\mlutil.dll
0x7cc50000 - 0x7ccb2000 	d:\Program Files\MATLAB\R2013b\bin\win32\xmlcore.dll
0x65490000 - 0x65650000 	d:\Program Files\MATLAB\R2013b\bin\win32\xerces-c_2_7.dll
0x7ca70000 - 0x7ca91000 	d:\Program Files\MATLAB\R2013b\bin\win32\libmwMATLAB_settings_res.dll
0x6eac0000 - 0x6eacd000 	d:\Program Files\MATLAB\R2013b\bin\win32\boost_iostreams-vc100-mt-1_49.dll
0x662f0000 - 0x6632e000 	d:\Program Files\MATLAB\R2013b\bin\win32\boost_serialization-vc100-mt-1_49.dll
0x76560000 - 0x771aa000 	C:\Windows\system32\SHELL32.dll
0x773e0000 - 0x77437000 	C:\Windows\system32\SHLWAPI.dll
0x7ca10000 - 0x7ca15000 	d:\Program Files\MATLAB\R2013b\bin\win32\libmwnativedisplay.dll
0x6ffb0000 - 0x6ffed000 	d:\Program Files\MATLAB\R2013b\bin\win32\opccore.dll
0x6fee0000 - 0x6ff8e000 	d:\Program Files\MATLAB\R2013b\bin\win32\opcmodel.dll
0x6feb0000 - 0x6fed3000 	d:\Program Files\MATLAB\R2013b\bin\win32\opczippackage.dll
0x6ec70000 - 0x6ec7d000 	d:\Program Files\MATLAB\R2013b\bin\win32\libminizip.dll
0x6fd70000 - 0x6fdc1000 	d:\Program Files\MATLAB\R2013b\bin\win32\opcmwservices.dll
0x6d260000 - 0x6d2e4000 	C:\Windows\WinSxS\x86_microsoft.windows.common-controls_6595b64144ccf1df_5.82.7601.17514_none_ec83dffa859149af\COMCTL32.dll
0x771b0000 - 0x7722b000 	C:\Windows\system32\COMDLG32.dll
0x73b50000 - 0x73b61000 	C:\Windows\system32\NETAPI32.dll
0x73b40000 - 0x73b49000 	C:\Windows\system32\netutils.dll
0x75090000 - 0x750a9000 	C:\Windows\system32\srvcli.dll
0x73b30000 - 0x73b3f000 	C:\Windows\system32\wkscli.dll
0x7c980000 - 0x7ca0a000 	d:\Program Files\MATLAB\R2013b\bin\win32\mcr.dll
0x014d0000 - 0x01868000 	d:\Program Files\MATLAB\R2013b\bin\win32\iqm.dll
0x002b0000 - 0x0033d000 	d:\Program Files\MATLAB\R2013b\bin\win32\m_dispatcher.dll
0x01870000 - 0x01db6000 	d:\Program Files\MATLAB\R2013b\bin\win32\m_interpreter.dll
0x7bef0000 - 0x7bf0c000 	d:\Program Files\MATLAB\R2013b\bin\win32\libmex.dll
0x7be90000 - 0x7bef0000 	d:\Program Files\MATLAB\R2013b\bin\win32\profiler.dll
0x7bc20000 - 0x7bd6e000 	d:\Program Files\MATLAB\R2013b\bin\win32\libmwmathutil.dll
0x00340000 - 0x00361000 	d:\Program Files\MATLAB\R2013b\bin\win32\libmwmathrng.dll
0x7bbf0000 - 0x7bbfe000 	d:\Program Files\MATLAB\R2013b\bin\win32\libmwmfl_rng.dll
0x01dc0000 - 0x01e8f000 	d:\Program Files\MATLAB\R2013b\bin\win32\libmwmathcore.dll
0x7baf0000 - 0x7bb38000 	d:\Program Files\MATLAB\R2013b\bin\win32\libmwspmatrix.dll
0x01e90000 - 0x02048000 	d:\Program Files\MATLAB\R2013b\bin\win32\mcos.dll
0x7b8b0000 - 0x7b8fa000 	d:\Program Files\MATLAB\R2013b\bin\win32\libmwcholmod.dll
0x7b8a0000 - 0x7b8a9000 	d:\Program Files\MATLAB\R2013b\bin\win32\libmwamd.dll
0x7b890000 - 0x7b899000 	d:\Program Files\MATLAB\R2013b\bin\win32\libmwcolamd.dll
0x7b880000 - 0x7b88b000 	d:\Program Files\MATLAB\R2013b\bin\win32\libmwblas.dll
0x7b860000 - 0x7b871000 	d:\Program Files\MATLAB\R2013b\bin\win32\libmwbinder.dll
0x7b850000 - 0x7b859000 	d:\Program Files\MATLAB\R2013b\bin\win32\libmwompwrapper.dll
0x7b810000 - 0x7b844000 	d:\Program Files\MATLAB\R2013b\bin\win32\libmwlapack.dll
0x7b7f0000 - 0x7b807000 	d:\Program Files\MATLAB\R2013b\bin\win32\m_pcodeio.dll
0x7b7a0000 - 0x7b7e9000 	d:\Program Files\MATLAB\R2013b\bin\win32\m_ir.dll
0x02050000 - 0x025ec000 	d:\Program Files\MATLAB\R2013b\bin\win32\m_parser.dll
0x7b1f0000 - 0x7b201000 	d:\Program Files\MATLAB\R2013b\bin\win32\ir_xfmr.dll
0x7b1e0000 - 0x7b1ee000 	d:\Program Files\MATLAB\R2013b\bin\win32\mtok.dll
0x7b1b0000 - 0x7b1d1000 	d:\Program Files\MATLAB\R2013b\bin\win32\m_pcodegen.dll
0x7b180000 - 0x7b1a7000 	d:\Program Files\MATLAB\R2013b\bin\win32\libmwbridge.dll
0x7b0e0000 - 0x7b171000 	d:\Program Files\MATLAB\R2013b\bin\win32\udd.dll
0x7afc0000 - 0x7b0da000 	d:\Program Files\MATLAB\R2013b\bin\win32\libmwgui.dll
0x7afa0000 - 0x7afc0000 	d:\Program Files\MATLAB\R2013b\bin\win32\graphics_util.dll
0x66230000 - 0x662e2000 	d:\Program Files\MATLAB\R2013b\bin\win32\libtex_base.dll
0x7a790000 - 0x7aef3000 	d:\Program Files\MATLAB\R2013b\bin\win32\hg.dll
0x7a740000 - 0x7a789000 	d:\Program Files\MATLAB\R2013b\bin\win32\libmat.dll
0x025f0000 - 0x027d9000 	d:\Program Files\MATLAB\R2013b\bin\win32\hdf5dll.dll
0x7a4a0000 - 0x7a547000 	d:\Program Files\MATLAB\R2013b\bin\win32\jmi.dll
0x7a490000 - 0x7a49c000 	d:\Program Files\MATLAB\R2013b\bin\win32\nativejava_services.dll
0x7a450000 - 0x7a484000 	d:\Program Files\MATLAB\R2013b\bin\win32\libmwhardcopy.dll
0x7a400000 - 0x7a448000 	d:\Program Files\MATLAB\R2013b\bin\win32\libuij.dll
0x7a220000 - 0x7a3c4000 	d:\Program Files\MATLAB\R2013b\bin\win32\hgdatatypes.dll
0x027e0000 - 0x028bd000 	d:\Program Files\MATLAB\R2013b\bin\win32\hgutils.dll
0x7a0d0000 - 0x7a159000 	d:\Program Files\MATLAB\R2013b\bin\win32\udd_mi.dll
0x7a0a0000 - 0x7a0cd000 	d:\Program Files\MATLAB\R2013b\bin\win32\libmwgbtutils.dll
0x7a090000 - 0x7a0a0000 	d:\Program Files\MATLAB\R2013b\bin\win32\libmwgbt.dll
0x028c0000 - 0x02b67000 	d:\Program Files\MATLAB\R2013b\bin\win32\uiw.dll
0x79dd0000 - 0x79dd8000 	d:\Program Files\MATLAB\R2013b\bin\win32\uinone.dll
0x00380000 - 0x003a3000 	d:\Program Files\MATLAB\R2013b\bin\win32\libmwnativedialogs.dll
0x79da0000 - 0x79da9000 	d:\Program Files\MATLAB\R2013b\bin\win32\libmwplatform_res.dll
0x71aa0000 - 0x71ab2000 	C:\Windows\system32\MPR.dll
0x65050000 - 0x65488000 	d:\Program Files\MATLAB\R2013b\bin\win32\mfc100.dll
0x705a0000 - 0x705a5000 	C:\Windows\system32\MSIMG32.dll
0x71430000 - 0x71481000 	C:\Windows\system32\WINSPOOL.DRV
0x79d80000 - 0x79d96000 	d:\Program Files\MATLAB\R2013b\bin\win32\mwoles05.DLL
0x79d20000 - 0x79d73000 	d:\Program Files\MATLAB\R2013b\bin\win32\comcli.dll
0x66200000 - 0x66226000 	d:\Program Files\MATLAB\R2013b\bin\win32\ATL100.DLL
0x79d10000 - 0x79d1a000 	d:\Program Files\MATLAB\R2013b\bin\win32\mlautoregister.dll
0x02b70000 - 0x02cc5000 	d:\Program Files\MATLAB\R2013b\bin\win32\mvm.dll
0x762d0000 - 0x762ef000 	C:\Windows\system32\IMM32.DLL
0x75770000 - 0x7583c000 	C:\Windows\system32\MSCTF.dll
0x74070000 - 0x740b0000 	C:\Windows\system32\UxTheme.dll
0x73d90000 - 0x73da3000 	C:\Windows\system32\dwmapi.dll
0x6db50000 - 0x6db5d000 	d:\Program Files\MATLAB\R2013b\bin\win32\MFC100ENU.DLL

VM Arguments:
jvm_args: -Xss512k -XX:PermSize=32m -Xms64m -XX:NewRatio=3 -XX:MaxPermSize=96m -Xmx871m -XX:MaxDirectMemorySize=1200000000 -Dsun.java2d.noddraw=true -Dsun.awt.nopixfmt=true -Xshare:off -Xrs -XX:-UseSplitVerifier -Djava.library.path=d:\Program Files\MATLAB\R2013b\bin\win32;d:\Program Files\MATLAB\R2013b\sys\jxbrowser\win32\lib vfprintf abort -Duser.language=en -Duser.country=US 
java_command: <unknown>
Launcher Type: generic

Environment Variables:
CLASSPATH=C:\Program Files\Weka-3-6\weka-spectral-clusterer.jar;C:\Program Files\Weka-3-6\colt.jar;C:\Program Files\Java\jdk1.8.0\bin\
PATH=C:\Program Files\Intel\iCLS Client\;C:\Windows\system32;C:\Windows;C:\Windows\System32\Wbem;C:\Windows\System32\WindowsPowerShell\v1.0\;C:\Program Files\Intel\OpenCL SDK\2.0\bin\x86;C:\Program Files\Intel\Intel(R) Management Engine Components\DAL;C:\Program Files\Intel\Intel(R) Management Engine Components\IPT;C:\Program Files\Java\jdk1.8.0\;d:\Program Files\MATLAB\R2013b\runtime\win32;d:\Program Files\MATLAB\R2013b\bin;d:\Program Files\MATLAB\R2013b\polyspace\bin
USERNAME=MeAb
OS=Windows_NT
PROCESSOR_IDENTIFIER=x86 Family 6 Model 58 Stepping 9, GenuineIntel



---------------  S Y S T E M  ---------------

OS: Windows 7 Build 7601 Service Pack 1

CPU:total 4 (2 cores per cpu, 2 threads per core) family 6 model 58 stepping 9, cmov, cx8, fxsr, mmx, sse, sse2, sse3, ssse3, sse4.1, sse4.2, popcnt, avx, ht, tsc, tscinvbit, tscinv

Memory: 4k page, physical 3570900k(723672k free), swap 7140044k(3110580k free)

vm_info: Java HotSpot(TM) Client VM (23.6-b04) for windows-x86 JRE (1.7.0_11-b21), built on Jan 12 2013 02:19:22 by "java_re" with unknown MS VC++:1600

time: Sat Oct 25 23:13:09 2014
elapsed time: 9947 seconds

