#
# A fatal error has been detected by the Java Runtime Environment:
#
#  EXCEPTION_ACCESS_VIOLATION (0xc0000005) at pc=0x5ae06877, pid=14044, tid=18816
#
# JRE version: 7.0_11-b21
# Java VM: Java HotSpot(TM) Client VM (23.6-b04 mixed mode windows-x86 )
# Problematic frame:
# C  0x5ae06877  NS_InvokeByIndex_P+0x36351
#
# Failed to write core dump. Minidumps are not enabled by default on client versions of Windows
#
# If you would like to submit a bug report, please visit:
#   http://bugreport.sun.com/bugreport/crash.jsp
# The crash happened outside the Java Virtual Machine in native code.
# See problematic frame for where to report the bug.
#

---------------  T H R E A D  ---------------

Current thread (0x4e9e1400):  JavaThread "XPCOM" daemon [_thread_in_native, id=18816, stack(0x078a0000,0x07920000)]

siginfo: ExceptionCode=0xc0000005, reading address 0x00000000

Registers:
EAX=0x00000000, EBX=0x00000000, ECX=0x5a4372c4, EDX=0x00000008
ESP=0x0791d1a0, EBP=0x0791d1e8, ESI=0x5a437280, EDI=0x6b761006
EIP=0x5ae06877, EFLAGS=0x00010246

Top of Stack: (sp=0x0791d1a0)
0x0791d1a0:   6b761006 5a437280 00000000 5b0ee41c
0x0791d1b0:   0791d12d 5b1cd15c 093f33e0 00000000
0x0791d1c0:   80070008 00000100 00000094 00000006
0x0791d1d0:   00000001 00001db1 00000002 76726553
0x0791d1e0:   20656369 6b636150 00003120 5b0c574c
0x0791d1f0:   00000026 00000001 095380ac 00000000
0x0791d200:   095017bc 00000008 07b60040 6b761006
0x0791d210:   5a41aad8 00000000 00000000 00000000 

Instructions: (pc=0x5ae06877)
0x5ae06857:   c3 74 5c 8d 4d d4 51 68 48 64 e7 5a 53 ff d0 ff
0x5ae06867:   75 d4 8d 4e 44 89 45 d8 e8 9a 40 c9 ff 8b 45 d4
0x5ae06877:   8b 08 50 ff 51 08 39 5d d8 7c 24 8b 46 44 8d 7e
0x5ae06887:   48 8b 0f 89 45 d8 89 1f 3b cb 74 09 8b 01 51 ff 


Register to memory mapping:

EAX=0x00000000 is an unknown value
EBX=0x00000000 is an unknown value
ECX=0x5a4372c4 is an unknown value
EDX=0x00000008 is an unknown value
ESP=0x0791d1a0 is pointing into the stack for thread: 0x4e9e1400
EBP=0x0791d1e8 is pointing into the stack for thread: 0x4e9e1400
ESI=0x5a437280 is an unknown value
EDI=0x6b761006 is an unknown value


Stack: [0x078a0000,0x07920000],  sp=0x0791d1a0,  free space=500k
Native frames: (J=compiled Java code, j=interpreted, Vv=VM code, C=native code)
C  0x5ae06877  NS_InvokeByIndex_P+0x36351

Java frames: (J=compiled Java code, j=interpreted, Vv=VM code)
j  com.teamdev.jxbrowser.gecko15.xpcom.XPCOMJavaProxy.CallXPCOMMethod(Ljava/lang/Object;Ljava/lang/String;Ljava/lang/String;[Ljava/lang/Object;)Ljava/lang/Object;+0
j  com.teamdev.jxbrowser.gecko15.xpcom.XPCOMJavaProxy.invoke(Ljava/lang/Object;Ljava/lang/reflect/Method;[Ljava/lang/Object;)Ljava/lang/Object;+97
j  $Proxy22.run()V+9
j  com.teamdev.jxbrowser.gecko15.xpcom.AppShellMozillaThread.a()V+20
j  com.teamdev.jxbrowser.gecko15.xpcom.AppShellMozillaThread.a(Lcom/teamdev/jxbrowser/gecko15/xpcom/AppShellMozillaThread;)V+1
j  com.teamdev.jxbrowser.gecko15.xpcom.AppShellMozillaThread$a.run()V+30
j  java.lang.Thread.run()V+11
v  ~StubRoutines::call_stub

---------------  P R O C E S S  ---------------

Java Threads: ( => current thread )
  0x4e9db800 JavaThread "com.jniwrapper.NativeResourceCollector" daemon [_thread_blocked, id=6464, stack(0x07e10000,0x07e90000)]
=>0x4e9e1400 JavaThread "XPCOM" daemon [_thread_in_native, id=18816, stack(0x078a0000,0x07920000)]
  0x4e9e1000 JavaThread "Browser Thread" daemon [_thread_blocked, id=16440, stack(0x076a0000,0x07720000)]
  0x4e9e0400 JavaThread "Code Analyzer updating thread" [_thread_blocked, id=4720, stack(0x55860000,0x558e0000)]
  0x4e9dfc00 JavaThread "Code Analyzer updating thread" [_thread_blocked, id=17380, stack(0x557e0000,0x55860000)]
  0x4e9df800 JavaThread "Code Analyzer updating thread" [_thread_blocked, id=16752, stack(0x55760000,0x557e0000)]
  0x4e9df000 JavaThread "Code Analyzer updating thread" [_thread_blocked, id=10408, stack(0x556e0000,0x55760000)]
  0x4e9de800 JavaThread "Active Reference Queue Daemon" daemon [_thread_blocked, id=19684, stack(0x55660000,0x556e0000)]
  0x4e9de400 JavaThread "Timer-1" daemon [_thread_blocked, id=13712, stack(0x555e0000,0x55660000)]
  0x4e9ddc00 JavaThread "ClipboardMonitor Timer" daemon [_thread_blocked, id=14508, stack(0x55560000,0x555e0000)]
  0x4e9dd800 JavaThread "Explorer NavigationContext request queue" daemon [_thread_blocked, id=14132, stack(0x554e0000,0x55560000)]
  0x4e9dcc00 JavaThread "AddressBar directory emptiness poller" daemon [_thread_blocked, id=10168, stack(0x54fd0000,0x55050000)]
  0x4e9dc400 JavaThread "Explorer Refresh Service 1951773" daemon [_thread_blocked, id=19304, stack(0x54f50000,0x54fd0000)]
  0x4e9db000 JavaThread "Thread-4" daemon [_thread_blocked, id=16460, stack(0x54dc0000,0x54e40000)]
  0x4e9dac00 JavaThread "TimerQueue" daemon [_thread_blocked, id=18624, stack(0x51410000,0x51490000)]
  0x4e9da400 JavaThread "Thread-3" daemon [_thread_blocked, id=13380, stack(0x70180000,0x70200000)]
  0x4e9da000 JavaThread "FelixPackageAdmin" daemon [_thread_blocked, id=8960, stack(0x70340000,0x703c0000)]
  0x4d5b2000 JavaThread "FelixStartLevel" daemon [_thread_blocked, id=20372, stack(0x70280000,0x70300000)]
  0x4e9ca000 JavaThread "FelixDispatchQueue" daemon [_thread_blocked, id=4712, stack(0x70200000,0x70280000)]
  0x4d8d5000 JavaThread "AWT-EventQueue-0" [_thread_blocked, id=14544, stack(0x70040000,0x700c0000)]
  0x4db6f800 JavaThread "com.google.common.base.internal.Finalizer" daemon [_thread_blocked, id=692, stack(0x4e5b0000,0x4e630000)]
  0x4db4f000 JavaThread "AWT-Windows" daemon [_thread_in_native, id=19156, stack(0x4e4b0000,0x4e530000)]
  0x4db4ec00 JavaThread "AWT-Shutdown" [_thread_blocked, id=12304, stack(0x4e430000,0x4e4b0000)]
  0x4db5a000 JavaThread "Java2D Disposer" daemon [_thread_blocked, id=3536, stack(0x0ff80000,0x10000000)]
  0x4d9a7c00 JavaThread "Timer-0" [_thread_blocked, id=6044, stack(0x0ff00000,0x0ff80000)]
  0x4d81b000 JavaThread "EventMgr Dispatcher" daemon [_thread_in_native, id=9880, stack(0x4dc30000,0x4e430000)]
  0x0c984400 JavaThread "Service Thread" daemon [_thread_blocked, id=17680, stack(0x0fe80000,0x0ff00000)]
  0x0c980000 JavaThread "C1 CompilerThread0" daemon [_thread_blocked, id=16808, stack(0x0f680000,0x0fe80000)]
  0x0c97f000 JavaThread "Attach Listener" daemon [_thread_blocked, id=8584, stack(0x0f600000,0x0f680000)]
  0x0c959000 JavaThread "Finalizer" daemon [_thread_blocked, id=17824, stack(0x0bca0000,0x0bd20000)]
  0x0c954800 JavaThread "Reference Handler" daemon [_thread_blocked, id=11840, stack(0x0bc20000,0x0bca0000)]
  0x0c874c00 JavaThread "main" [_thread_in_native, id=7232, stack(0x00430000,0x00c30000)]

Other Threads:
  0x0c94dc00 VMThread [stack: 0x0ee00000,0x0f600000] [id=14652]
  0x0c996800 WatcherThread [stack: 0x4cae0000,0x4d2e0000] [id=8028]

VM state:not at safepoint (normal execution)

VM Mutex/Monitor currently owned by a thread: None

Heap
 def new generation   total 24768K, used 19907K [0x102e0000, 0x11dc0000, 0x1dce0000)
  eden space 22016K,  81% used [0x102e0000, 0x1147d838, 0x11860000)
  from space 2752K,  67% used [0x11860000, 0x11a33758, 0x11b10000)
  to   space 2752K,   0% used [0x11b10000, 0x11b10000, 0x11dc0000)
 tenured generation   total 82312K, used 64984K [0x1dce0000, 0x22d42000, 0x46ae0000)
   the space 82312K,  78% used [0x1dce0000, 0x21c560b8, 0x21c56200, 0x22d42000)
 compacting perm gen  total 37632K, used 37475K [0x46ae0000, 0x48fa0000, 0x4cae0000)
   the space 37632K,  99% used [0x46ae0000, 0x48f78d38, 0x48f78e00, 0x48fa0000)
No shared spaces configured.

Card table byte_map: [0x0eac0000,0x0ecb0000] byte_map_base: 0x0ea3e900

Polling page: 0x09a70000

Code Cache  [0x0cac0000, 0x0d158000, 0x0eac0000)
 total_blobs=4049 nmethods=3744 adapters=238 free_code_cache=26037Kb largest_free_block=26657024

Compilation events (10 events):
Event: 186.511 Thread 0x0c980000 3825             sun.misc.ProxyGenerator$ConstantPool$ValueEntry::write (190 bytes)
Event: 186.511 Thread 0x0c980000 nmethod 3825 0x0d14ca08 code [0x0d14cc40, 0x0d14d31c]
Event: 186.524 Thread 0x0c980000 3826             java.util.HashSet::<init> (16 bytes)
Event: 186.525 Thread 0x0c980000 nmethod 3826 0x0d14d948 code [0x0d14da60, 0x0d14db5c]
Event: 186.525 Thread 0x0c980000 3827             sun.misc.ProxyGenerator::dotToSlash (9 bytes)
Event: 186.525 Thread 0x0c980000 nmethod 3827 0x0d14dc08 code [0x0d14dd00, 0x0d14dd8c]
Event: 186.525 Thread 0x0c980000 3828             sun.misc.ProxyGenerator$ProxyMethod::generateMethod (733 bytes)
Event: 186.529 Thread 0x0c980000 nmethod 3828 0x0d14de08 code [0x0d14e4d0, 0x0d15066c]
Event: 186.530 Thread 0x0c980000 3829             java.io.OutputStream::<init> (5 bytes)
Event: 186.530 Thread 0x0c980000 nmethod 3829 0x0d153d08 code [0x0d153e00, 0x0d153e90]

GC Heap History (10 events):
Event: 178.177 GC heap before
{Heap before GC invocations=136 (full 1):
 def new generation   total 24768K, used 23172K [0x102e0000, 0x11dc0000, 0x1dce0000)
  eden space 22016K, 100% used [0x102e0000, 0x11860000, 0x11860000)
  from space 2752K,  42% used [0x11b10000, 0x11c31160, 0x11dc0000)
  to   space 2752K,   0% used [0x11860000, 0x11860000, 0x11b10000)
 tenured generation   total 82312K, used 53222K [0x1dce0000, 0x22d42000, 0x46ae0000)
   the space 82312K,  64% used [0x1dce0000, 0x210d9bf0, 0x210d9c00, 0x22d42000)
 compacting perm gen  total 35840K, used 35784K [0x46ae0000, 0x48de0000, 0x4cae0000)
   the space 35840K,  99% used [0x46ae0000, 0x48dd2028, 0x48dd2200, 0x48de0000)
No shared spaces configured.
Event: 178.186 GC heap after
Heap after GC invocations=137 (full 1):
 def new generation   total 24768K, used 2495K [0x102e0000, 0x11dc0000, 0x1dce0000)
  eden space 22016K,   0% used [0x102e0000, 0x102e0000, 0x11860000)
  from space 2752K,  90% used [0x11860000, 0x11acfca0, 0x11b10000)
  to   space 2752K,   0% used [0x11b10000, 0x11b10000, 0x11dc0000)
 tenured generation   total 82312K, used 53222K [0x1dce0000, 0x22d42000, 0x46ae0000)
   the space 82312K,  64% used [0x1dce0000, 0x210d9bf0, 0x210d9c00, 0x22d42000)
 compacting perm gen  total 35840K, used 35784K [0x46ae0000, 0x48de0000, 0x4cae0000)
   the space 35840K,  99% used [0x46ae0000, 0x48dd2028, 0x48dd2200, 0x48de0000)
No shared spaces configured.
}
Event: 178.622 GC heap before
{Heap before GC invocations=137 (full 1):
 def new generation   total 24768K, used 24511K [0x102e0000, 0x11dc0000, 0x1dce0000)
  eden space 22016K, 100% used [0x102e0000, 0x11860000, 0x11860000)
  from space 2752K,  90% used [0x11860000, 0x11acfca0, 0x11b10000)
  to   space 2752K,   0% used [0x11b10000, 0x11b10000, 0x11dc0000)
 tenured generation   total 82312K, used 53222K [0x1dce0000, 0x22d42000, 0x46ae0000)
   the space 82312K,  64% used [0x1dce0000, 0x210d9bf0, 0x210d9c00, 0x22d42000)
 compacting perm gen  total 36352K, used 36206K [0x46ae0000, 0x48e60000, 0x4cae0000)
   the space 36352K,  99% used [0x46ae0000, 0x48e3b910, 0x48e3ba00, 0x48e60000)
No shared spaces configured.
Event: 178.638 GC heap after
Heap after GC invocations=138 (full 1):
 def new generation   total 24768K, used 2752K [0x102e0000, 0x11dc0000, 0x1dce0000)
  eden space 22016K,   0% used [0x102e0000, 0x102e0000, 0x11860000)
  from space 2752K, 100% used [0x11b10000, 0x11dc0000, 0x11dc0000)
  to   space 2752K,   0% used [0x11860000, 0x11860000, 0x11b10000)
 tenured generation   total 82312K, used 59750K [0x1dce0000, 0x22d42000, 0x46ae0000)
   the space 82312K,  72% used [0x1dce0000, 0x21739958, 0x21739a00, 0x22d42000)
 compacting perm gen  total 36352K, used 36206K [0x46ae0000, 0x48e60000, 0x4cae0000)
   the space 36352K,  99% used [0x46ae0000, 0x48e3b910, 0x48e3ba00, 0x48e60000)
No shared spaces configured.
}
Event: 179.368 GC heap before
{Heap before GC invocations=138 (full 1):
 def new generation   total 24768K, used 24764K [0x102e0000, 0x11dc0000, 0x1dce0000)
  eden space 22016K,  99% used [0x102e0000, 0x1185f278, 0x11860000)
  from space 2752K, 100% used [0x11b10000, 0x11dc0000, 0x11dc0000)
  to   space 2752K,   0% used [0x11860000, 0x11860000, 0x11b10000)
 tenured generation   total 82312K, used 59750K [0x1dce0000, 0x22d42000, 0x46ae0000)
   the space 82312K,  72% used [0x1dce0000, 0x21739958, 0x21739a00, 0x22d42000)
 compacting perm gen  total 36352K, used 36263K [0x46ae0000, 0x48e60000, 0x4cae0000)
   the space 36352K,  99% used [0x46ae0000, 0x48e49f48, 0x48e4a000, 0x48e60000)
No shared spaces configured.
Event: 179.376 GC heap after
Heap after GC invocations=139 (full 1):
 def new generation   total 24768K, used 345K [0x102e0000, 0x11dc0000, 0x1dce0000)
  eden space 22016K,   0% used [0x102e0000, 0x102e0000, 0x11860000)
  from space 2752K,  12% used [0x11860000, 0x118b6750, 0x11b10000)
  to   space 2752K,   0% used [0x11b10000, 0x11b10000, 0x11dc0000)
 tenured generation   total 82312K, used 62141K [0x1dce0000, 0x22d42000, 0x46ae0000)
   the space 82312K,  75% used [0x1dce0000, 0x2198f740, 0x2198f800, 0x22d42000)
 compacting perm gen  total 36352K, used 36263K [0x46ae0000, 0x48e60000, 0x4cae0000)
   the space 36352K,  99% used [0x46ae0000, 0x48e49f48, 0x48e4a000, 0x48e60000)
No shared spaces configured.
}
Event: 186.184 GC heap before
{Heap before GC invocations=139 (full 1):
 def new generation   total 24768K, used 22361K [0x102e0000, 0x11dc0000, 0x1dce0000)
  eden space 22016K, 100% used [0x102e0000, 0x11860000, 0x11860000)
  from space 2752K,  12% used [0x11860000, 0x118b6750, 0x11b10000)
  to   space 2752K,   0% used [0x11b10000, 0x11b10000, 0x11dc0000)
 tenured generation   total 82312K, used 62141K [0x1dce0000, 0x22d42000, 0x46ae0000)
   the space 82312K,  75% used [0x1dce0000, 0x2198f740, 0x2198f800, 0x22d42000)
 compacting perm gen  total 36352K, used 36309K [0x46ae0000, 0x48e60000, 0x4cae0000)
   the space 36352K,  99% used [0x46ae0000, 0x48e554b0, 0x48e55600, 0x48e60000)
No shared spaces configured.
Event: 186.190 GC heap after
Heap after GC invocations=140 (full 1):
 def new generation   total 24768K, used 2752K [0x102e0000, 0x11dc0000, 0x1dce0000)
  eden space 22016K,   0% used [0x102e0000, 0x102e0000, 0x11860000)
  from space 2752K, 100% used [0x11b10000, 0x11dc0000, 0x11dc0000)
  to   space 2752K,   0% used [0x11860000, 0x11860000, 0x11b10000)
 tenured generation   total 82312K, used 62235K [0x1dce0000, 0x22d42000, 0x46ae0000)
   the space 82312K,  75% used [0x1dce0000, 0x219a6fd0, 0x219a7000, 0x22d42000)
 compacting perm gen  total 36352K, used 36309K [0x46ae0000, 0x48e60000, 0x4cae0000)
   the space 36352K,  99% used [0x46ae0000, 0x48e554b0, 0x48e55600, 0x48e60000)
No shared spaces configured.
}
Event: 186.377 GC heap before
{Heap before GC invocations=140 (full 1):
 def new generation   total 24768K, used 24768K [0x102e0000, 0x11dc0000, 0x1dce0000)
  eden space 22016K, 100% used [0x102e0000, 0x11860000, 0x11860000)
  from space 2752K, 100% used [0x11b10000, 0x11dc0000, 0x11dc0000)
  to   space 2752K,   0% used [0x11860000, 0x11860000, 0x11b10000)
 tenured generation   total 82312K, used 62235K [0x1dce0000, 0x22d42000, 0x46ae0000)
   the space 82312K,  75% used [0x1dce0000, 0x219a6fd0, 0x219a7000, 0x22d42000)
 compacting perm gen  total 36864K, used 36697K [0x46ae0000, 0x48ee0000, 0x4cae0000)
   the space 36864K,  99% used [0x46ae0000, 0x48eb6530, 0x48eb6600, 0x48ee0000)
No shared spaces configured.
Event: 186.383 GC heap after
Heap after GC invocations=141 (full 1):
 def new generation   total 24768K, used 1869K [0x102e0000, 0x11dc0000, 0x1dce0000)
  eden space 22016K,   0% used [0x102e0000, 0x102e0000, 0x11860000)
  from space 2752K,  67% used [0x11860000, 0x11a33758, 0x11b10000)
  to   space 2752K,   0% used [0x11b10000, 0x11b10000, 0x11dc0000)
 tenured generation   total 82312K, used 64984K [0x1dce0000, 0x22d42000, 0x46ae0000)
   the space 82312K,  78% used [0x1dce0000, 0x21c560b8, 0x21c56200, 0x22d42000)
 compacting perm gen  total 36864K, used 36697K [0x46ae0000, 0x48ee0000, 0x4cae0000)
   the space 36864K,  99% used [0x46ae0000, 0x48eb6530, 0x48eb6600, 0x48ee0000)
No shared spaces configured.
}

Deoptimization events (0 events):
No events

Internal exceptions (10 events):
Event: 186.508 Thread 0x4e9e1000 Threw 0x11324520 at C:\jdk7u1_32P\jdk7u11\hotspot\src\share\vm\prims\jvm.cpp:1166
Event: 186.509 Thread 0x4e9e1400 Threw 0x1130c4b0 at C:\jdk7u1_32P\jdk7u11\hotspot\src\share\vm\prims\jvm.cpp:1166
Event: 186.509 Thread 0x4e9e1400 Threw 0x11345250 at C:\jdk7u1_32P\jdk7u11\hotspot\src\share\vm\prims\jvm.cpp:1166
Event: 186.509 Thread 0x4e9e1400 Threw 0x113589c0 at C:\jdk7u1_32P\jdk7u11\hotspot\src\share\vm\prims\jvm.cpp:1166
Event: 186.522 Thread 0x4e9e1400 Threw 0x11387e48 at C:\jdk7u1_32P\jdk7u11\hotspot\src\share\vm\prims\jvm.cpp:1166
Event: 186.523 Thread 0x4e9e1400 Threw 0x1139fb80 at C:\jdk7u1_32P\jdk7u11\hotspot\src\share\vm\prims\jvm.cpp:1166
Event: 186.526 Thread 0x4e9e1400 Threw 0x113e6508 at C:\jdk7u1_32P\jdk7u11\hotspot\src\share\vm\prims\jvm.cpp:1166
Event: 186.527 Thread 0x4e9e1400 Threw 0x113f73e0 at C:\jdk7u1_32P\jdk7u11\hotspot\src\share\vm\prims\jvm.cpp:1166
Event: 186.528 Thread 0x4e9e1400 Threw 0x1140e048 at C:\jdk7u1_32P\jdk7u11\hotspot\src\share\vm\prims\jvm.cpp:1166
Event: 186.530 Thread 0x4e9e1400 Threw 0x11431bb0 at C:\jdk7u1_32P\jdk7u11\hotspot\src\share\vm\prims\jvm.cpp:1166

Events (10 events):
Event: 186.523 loading class 0x56f79678
Event: 186.523 loading class 0x56f79678 done
Event: 186.526 loading class 0x56f7c810
Event: 186.526 loading class 0x56f7c810 done
Event: 186.527 loading class 0x56f74520
Event: 186.527 loading class 0x56f74520 done
Event: 186.528 loading class 0x56f7aca0
Event: 186.528 loading class 0x56f7aca0 done
Event: 186.529 loading class 0x56f74298
Event: 186.529 loading class 0x56f74298 done


Dynamic libraries:
0x00400000 - 0x00426000 	D:\Program Files\MATLAB\R2013b\bin\win32\MATLAB.exe
0x77280000 - 0x773bc000 	C:\Windows\SYSTEM32\ntdll.dll
0x761e0000 - 0x762b4000 	C:\Windows\system32\kernel32.dll
0x75660000 - 0x756aa000 	C:\Windows\system32\KERNELBASE.dll
0x10000000 - 0x102db000 	D:\Program Files\MATLAB\R2013b\bin\win32\libmwservices.dll
0x7dec0000 - 0x7df65000 	D:\Program Files\MATLAB\R2013b\bin\win32\libmwi18n.dll
0x7deb0000 - 0x7debb000 	D:\Program Files\MATLAB\R2013b\bin\win32\libmwresource_core.dll
0x000d0000 - 0x00139000 	D:\Program Files\MATLAB\R2013b\bin\win32\MSVCP100.dll
0x00270000 - 0x0032f000 	D:\Program Files\MATLAB\R2013b\bin\win32\MSVCR100.dll
0x00020000 - 0x0002c000 	D:\Program Files\MATLAB\R2013b\bin\win32\boost_date_time-vc100-mt-1_49.dll
0x00140000 - 0x00165000 	D:\Program Files\MATLAB\R2013b\bin\win32\boost_filesystem-vc100-mt-1_49.dll
0x73310000 - 0x73317000 	D:\Program Files\MATLAB\R2013b\bin\win32\boost_system-vc100-mt-1_49.dll
0x75e60000 - 0x75f00000 	C:\Windows\system32\ADVAPI32.dll
0x75c50000 - 0x75cfc000 	C:\Windows\system32\msvcrt.dll
0x77440000 - 0x77459000 	C:\Windows\SYSTEM32\sechost.dll
0x75930000 - 0x759d1000 	C:\Windows\system32\RPCRT4.dll
0x00330000 - 0x00351000 	D:\Program Files\MATLAB\R2013b\bin\win32\LIBEXPAT.dll
0x7dce0000 - 0x7de29000 	D:\Program Files\MATLAB\R2013b\bin\win32\icuin49.dll
0x7dbd0000 - 0x7dcd7000 	D:\Program Files\MATLAB\R2013b\bin\win32\icuuc49.dll
0x00c30000 - 0x01d52000 	D:\Program Files\MATLAB\R2013b\bin\win32\icudt49.dll
0x7dbc0000 - 0x7dbcd000 	D:\Program Files\MATLAB\R2013b\bin\win32\icuio49.dll
0x01d60000 - 0x01df5000 	D:\Program Files\MATLAB\R2013b\bin\win32\libut.dll
0x7da60000 - 0x7dbb7000 	D:\Program Files\MATLAB\R2013b\bin\win32\libmwfl.dll
0x01e00000 - 0x02145000 	D:\Program Files\MATLAB\R2013b\bin\win32\libmwMATLAB_res.dll
0x02150000 - 0x02204000 	D:\Program Files\MATLAB\R2013b\bin\win32\boost_regex-vc100-mt-1_49.dll
0x75b80000 - 0x75c49000 	C:\Windows\system32\USER32.dll
0x77230000 - 0x7727e000 	C:\Windows\system32\GDI32.dll
0x773c0000 - 0x773ca000 	C:\Windows\system32\LPK.dll
0x75ae0000 - 0x75b7d000 	C:\Windows\system32\USP10.dll
0x003a0000 - 0x003ae000 	D:\Program Files\MATLAB\R2013b\bin\win32\boost_signals-vc100-mt-1_49.dll
0x003b0000 - 0x003be000 	D:\Program Files\MATLAB\R2013b\bin\win32\boost_thread-vc100-mt-1_49.dll
0x02210000 - 0x02284000 	D:\Program Files\MATLAB\R2013b\bin\win32\boost_log-vc100-mt-1_49.dll
0x773d0000 - 0x773d5000 	C:\Windows\system32\PSAPI.DLL
0x764f0000 - 0x76525000 	C:\Windows\system32\WS2_32.dll
0x75760000 - 0x75766000 	C:\Windows\system32\NSI.dll
0x003c0000 - 0x003e8000 	D:\Program Files\MATLAB\R2013b\bin\win32\tbb.dll
0x76530000 - 0x7655a000 	C:\Windows\system32\imagehlp.dll
0x74270000 - 0x74295000 	C:\Windows\system32\POWRPROF.dll
0x75f00000 - 0x7609d000 	C:\Windows\system32\SETUPAPI.dll
0x75630000 - 0x75657000 	C:\Windows\system32\CFGMGR32.dll
0x75840000 - 0x758cf000 	C:\Windows\system32\OLEAUT32.dll
0x75d00000 - 0x75e5c000 	C:\Windows\system32\ole32.dll
0x756b0000 - 0x756c2000 	C:\Windows\system32\DEVOBJ.dll
0x7d250000 - 0x7d317000 	D:\Program Files\MATLAB\R2013b\bin\win32\libmx.dll
0x02290000 - 0x022a8000 	D:\Program Files\MATLAB\R2013b\bin\win32\tbbmalloc.dll
0x022b0000 - 0x022c4000 	D:\Program Files\MATLAB\R2013b\bin\win32\zlib1.dll
0x7d1f0000 - 0x7d22e000 	D:\Program Files\MATLAB\R2013b\bin\win32\libmwregexp.dll
0x7d1b0000 - 0x7d1e8000 	D:\Program Files\MATLAB\R2013b\bin\win32\mpath.dll
0x022d0000 - 0x0281e000 	D:\Program Files\MATLAB\R2013b\bin\win32\mlutil.dll
0x7cc50000 - 0x7ccb2000 	D:\Program Files\MATLAB\R2013b\bin\win32\xmlcore.dll
0x02820000 - 0x029e0000 	D:\Program Files\MATLAB\R2013b\bin\win32\xerces-c_2_7.dll
0x7ca70000 - 0x7ca91000 	D:\Program Files\MATLAB\R2013b\bin\win32\libmwMATLAB_settings_res.dll
0x029e0000 - 0x029ed000 	D:\Program Files\MATLAB\R2013b\bin\win32\boost_iostreams-vc100-mt-1_49.dll
0x029f0000 - 0x02a2e000 	D:\Program Files\MATLAB\R2013b\bin\win32\boost_serialization-vc100-mt-1_49.dll
0x76560000 - 0x771aa000 	C:\Windows\system32\SHELL32.dll
0x773e0000 - 0x77437000 	C:\Windows\system32\SHLWAPI.dll
0x7ca10000 - 0x7ca15000 	D:\Program Files\MATLAB\R2013b\bin\win32\libmwnativedisplay.dll
0x02a30000 - 0x02a6d000 	D:\Program Files\MATLAB\R2013b\bin\win32\opccore.dll
0x02a70000 - 0x02b1e000 	D:\Program Files\MATLAB\R2013b\bin\win32\opcmodel.dll
0x02b20000 - 0x02b43000 	D:\Program Files\MATLAB\R2013b\bin\win32\opczippackage.dll
0x02b50000 - 0x02b5d000 	D:\Program Files\MATLAB\R2013b\bin\win32\libminizip.dll
0x02b60000 - 0x02bb1000 	D:\Program Files\MATLAB\R2013b\bin\win32\opcmwservices.dll
0x02bc0000 - 0x02c44000 	C:\Windows\WinSxS\x86_microsoft.windows.common-controls_6595b64144ccf1df_5.82.7601.17514_none_ec83dffa859149af\COMCTL32.dll
0x771b0000 - 0x7722b000 	C:\Windows\system32\COMDLG32.dll
0x73b50000 - 0x73b61000 	C:\Windows\system32\NETAPI32.dll
0x73b40000 - 0x73b49000 	C:\Windows\system32\netutils.dll
0x75090000 - 0x750a9000 	C:\Windows\system32\srvcli.dll
0x73b30000 - 0x73b3f000 	C:\Windows\system32\wkscli.dll
0x7c980000 - 0x7ca0a000 	D:\Program Files\MATLAB\R2013b\bin\win32\mcr.dll
0x02c50000 - 0x02fe8000 	D:\Program Files\MATLAB\R2013b\bin\win32\iqm.dll
0x02ff0000 - 0x0307d000 	D:\Program Files\MATLAB\R2013b\bin\win32\m_dispatcher.dll
0x03080000 - 0x035c6000 	D:\Program Files\MATLAB\R2013b\bin\win32\m_interpreter.dll
0x7bef0000 - 0x7bf0c000 	D:\Program Files\MATLAB\R2013b\bin\win32\libmex.dll
0x7be90000 - 0x7bef0000 	D:\Program Files\MATLAB\R2013b\bin\win32\profiler.dll
0x7bc20000 - 0x7bd6e000 	D:\Program Files\MATLAB\R2013b\bin\win32\libmwmathutil.dll
0x035d0000 - 0x035f1000 	D:\Program Files\MATLAB\R2013b\bin\win32\libmwmathrng.dll
0x7bbf0000 - 0x7bbfe000 	D:\Program Files\MATLAB\R2013b\bin\win32\libmwmfl_rng.dll
0x03600000 - 0x036cf000 	D:\Program Files\MATLAB\R2013b\bin\win32\libmwmathcore.dll
0x7baf0000 - 0x7bb38000 	D:\Program Files\MATLAB\R2013b\bin\win32\libmwspmatrix.dll
0x036d0000 - 0x03888000 	D:\Program Files\MATLAB\R2013b\bin\win32\mcos.dll
0x7b8b0000 - 0x7b8fa000 	D:\Program Files\MATLAB\R2013b\bin\win32\libmwcholmod.dll
0x7b8a0000 - 0x7b8a9000 	D:\Program Files\MATLAB\R2013b\bin\win32\libmwamd.dll
0x7b890000 - 0x7b899000 	D:\Program Files\MATLAB\R2013b\bin\win32\libmwcolamd.dll
0x7b880000 - 0x7b88b000 	D:\Program Files\MATLAB\R2013b\bin\win32\libmwblas.dll
0x7b860000 - 0x7b871000 	D:\Program Files\MATLAB\R2013b\bin\win32\libmwbinder.dll
0x7b850000 - 0x7b859000 	D:\Program Files\MATLAB\R2013b\bin\win32\libmwompwrapper.dll
0x7b810000 - 0x7b844000 	D:\Program Files\MATLAB\R2013b\bin\win32\libmwlapack.dll
0x7b7f0000 - 0x7b807000 	D:\Program Files\MATLAB\R2013b\bin\win32\m_pcodeio.dll
0x7b7a0000 - 0x7b7e9000 	D:\Program Files\MATLAB\R2013b\bin\win32\m_ir.dll
0x03890000 - 0x03e2c000 	D:\Program Files\MATLAB\R2013b\bin\win32\m_parser.dll
0x7b1f0000 - 0x7b201000 	D:\Program Files\MATLAB\R2013b\bin\win32\ir_xfmr.dll
0x7b1e0000 - 0x7b1ee000 	D:\Program Files\MATLAB\R2013b\bin\win32\mtok.dll
0x7b1b0000 - 0x7b1d1000 	D:\Program Files\MATLAB\R2013b\bin\win32\m_pcodegen.dll
0x7b180000 - 0x7b1a7000 	D:\Program Files\MATLAB\R2013b\bin\win32\libmwbridge.dll
0x7b0e0000 - 0x7b171000 	D:\Program Files\MATLAB\R2013b\bin\win32\udd.dll
0x7afc0000 - 0x7b0da000 	D:\Program Files\MATLAB\R2013b\bin\win32\libmwgui.dll
0x7afa0000 - 0x7afc0000 	D:\Program Files\MATLAB\R2013b\bin\win32\graphics_util.dll
0x03e30000 - 0x03ee2000 	D:\Program Files\MATLAB\R2013b\bin\win32\libtex_base.dll
0x7a790000 - 0x7aef3000 	D:\Program Files\MATLAB\R2013b\bin\win32\hg.dll
0x7a740000 - 0x7a789000 	D:\Program Files\MATLAB\R2013b\bin\win32\libmat.dll
0x03ef0000 - 0x040d9000 	D:\Program Files\MATLAB\R2013b\bin\win32\hdf5dll.dll
0x7a4a0000 - 0x7a547000 	D:\Program Files\MATLAB\R2013b\bin\win32\jmi.dll
0x7a490000 - 0x7a49c000 	D:\Program Files\MATLAB\R2013b\bin\win32\nativejava_services.dll
0x7a450000 - 0x7a484000 	D:\Program Files\MATLAB\R2013b\bin\win32\libmwhardcopy.dll
0x7a400000 - 0x7a448000 	D:\Program Files\MATLAB\R2013b\bin\win32\libuij.dll
0x7a220000 - 0x7a3c4000 	D:\Program Files\MATLAB\R2013b\bin\win32\hgdatatypes.dll
0x040f0000 - 0x041cd000 	D:\Program Files\MATLAB\R2013b\bin\win32\hgutils.dll
0x7a0d0000 - 0x7a159000 	D:\Program Files\MATLAB\R2013b\bin\win32\udd_mi.dll
0x7a0a0000 - 0x7a0cd000 	D:\Program Files\MATLAB\R2013b\bin\win32\libmwgbtutils.dll
0x7a090000 - 0x7a0a0000 	D:\Program Files\MATLAB\R2013b\bin\win32\libmwgbt.dll
0x041d0000 - 0x04477000 	D:\Program Files\MATLAB\R2013b\bin\win32\uiw.dll
0x79dd0000 - 0x79dd8000 	D:\Program Files\MATLAB\R2013b\bin\win32\uinone.dll
0x04480000 - 0x044a3000 	D:\Program Files\MATLAB\R2013b\bin\win32\libmwnativedialogs.dll
0x79da0000 - 0x79da9000 	D:\Program Files\MATLAB\R2013b\bin\win32\libmwplatform_res.dll
0x71aa0000 - 0x71ab2000 	C:\Windows\system32\MPR.dll
0x044c0000 - 0x048f8000 	D:\Program Files\MATLAB\R2013b\bin\win32\mfc100.dll
0x705a0000 - 0x705a5000 	C:\Windows\system32\MSIMG32.dll
0x71430000 - 0x71481000 	C:\Windows\system32\WINSPOOL.DRV
0x79d80000 - 0x79d96000 	D:\Program Files\MATLAB\R2013b\bin\win32\mwoles05.DLL
0x79d20000 - 0x79d73000 	D:\Program Files\MATLAB\R2013b\bin\win32\comcli.dll
0x04900000 - 0x04926000 	D:\Program Files\MATLAB\R2013b\bin\win32\ATL100.DLL
0x79d10000 - 0x79d1a000 	D:\Program Files\MATLAB\R2013b\bin\win32\mlautoregister.dll
0x04930000 - 0x04a85000 	D:\Program Files\MATLAB\R2013b\bin\win32\mvm.dll
0x762d0000 - 0x762ef000 	C:\Windows\system32\IMM32.DLL
0x75770000 - 0x7583c000 	C:\Windows\system32\MSCTF.dll
0x74070000 - 0x740b0000 	C:\Windows\system32\UxTheme.dll
0x73d90000 - 0x73da3000 	C:\Windows\system32\dwmapi.dll
0x05d60000 - 0x05d6d000 	D:\Program Files\MATLAB\R2013b\bin\win32\MFC100ENU.DLL

VM Arguments:
jvm_args: -Xss512k -XX:PermSize=32m -Xms64m -XX:NewRatio=3 -XX:MaxPermSize=96m -Xmx871m -XX:MaxDirectMemorySize=1200000000 -Dsun.java2d.noddraw=true -Dsun.awt.nopixfmt=true -Xshare:off -Xrs -XX:-UseSplitVerifier -Djava.library.path=D:\Program Files\MATLAB\R2013b\bin\win32;D:\Program Files\MATLAB\R2013b\sys\jxbrowser\win32\lib vfprintf abort -Duser.language=en -Duser.country=US 
java_command: <unknown>
Launcher Type: generic

Environment Variables:
CLASSPATH=C:\Program Files\Weka-3-6\weka-spectral-clusterer.jar;C:\Program Files\Weka-3-6\colt.jar;C:\Program Files\Java\jdk1.8.0\bin\
PATH=C:\Program Files\Intel\iCLS Client\;C:\Windows\system32;C:\Windows;C:\Windows\System32\Wbem;C:\Windows\System32\WindowsPowerShell\v1.0\;C:\Program Files\Intel\OpenCL SDK\2.0\bin\x86;C:\Program Files\Intel\Intel(R) Management Engine Components\DAL;C:\Program Files\Intel\Intel(R) Management Engine Components\IPT;C:\Program Files\Java\jdk1.8.0\;d:\Program Files\MATLAB\R2013b\runtime\win32;d:\Program Files\MATLAB\R2013b\bin;d:\Program Files\MATLAB\R2013b\polyspace\bin;C:\Program Files\MiKTeX 2.9\miktex\bin\;C:\Users\MeAb\AppData\Roaming\MiKTeX\2.9\miktex\bin\
USERNAME=MeAb
OS=Windows_NT
PROCESSOR_IDENTIFIER=x86 Family 6 Model 58 Stepping 9, GenuineIntel



---------------  S Y S T E M  ---------------

OS: Windows 7 Build 7601 Service Pack 1

CPU:total 4 (2 cores per cpu, 2 threads per core) family 6 model 58 stepping 9, cmov, cx8, fxsr, mmx, sse, sse2, sse3, ssse3, sse4.1, sse4.2, popcnt, avx, ht, tsc, tscinvbit, tscinv

Memory: 4k page, physical 3570900k(1308644k free), swap 7140044k(4138608k free)

vm_info: Java HotSpot(TM) Client VM (23.6-b04) for windows-x86 JRE (1.7.0_11-b21), built on Jan 12 2013 02:19:22 by "java_re" with unknown MS VC++:1600

time: Wed Oct 29 20:02:30 2014
elapsed time: 186 seconds

